2018-02-28 13:05:31:构建离线识别语法网络...
 2018-02-28 13:05:31:构建语法成功！ 语法ID:call
 2018-02-28 13:05:32:离线识别语法网络构建完成，开始识别...
 2018-02-28 13:05:32:Start Listening...
 2018-02-28 13:05:36:
Speaking done 
 2018-02-28 13:05:37:更新离线语法词典...
 2018-02-28 13:05:38:更新词典成功！
 2018-02-28 13:05:38:更新离线语法词典完成，开始识别...
 2018-02-28 13:05:38:Start Listening...
 2018-02-28 13:05:41:
Speaking done 
 2018-02-28 13:10:37:构建离线识别语法网络...
 2018-02-28 13:10:37:构建语法成功！ 语法ID:call
 2018-02-28 13:10:37:离线识别语法网络构建完成，开始识别...
 2018-02-28 13:10:37:Start Listening...
 2018-02-28 13:10:40:Speaking done 
 2018-02-28 13:10:42:更新离线语法词典...
 2018-02-28 13:10:42:更新词典成功！
 2018-02-28 13:10:42:更新离线语法词典完成，开始识别...
 2018-02-28 13:10:43:Start Listening...
 2018-02-28 13:10:46:Speaking done 
 2018-02-28 13:51:07:构建离线识别语法网络...
 2018-02-28 13:51:07:构建语法成功！ 语法ID:call
 2018-02-28 13:51:07:离线识别语法网络构建完成，开始识别...
 2018-02-28 13:51:08:Start Listening...
 2018-02-28 13:51:11:Speaking done 
 2018-02-28 13:51:13:Not started or already stopped.
 2018-02-28 13:51:13:更新离线语法词典...
 2018-02-28 13:51:13:更新词典成功！
 2018-02-28 13:51:13:更新离线语法词典完成，开始识别...
 2018-02-28 13:51:13:Start Listening...
 2018-02-28 13:51:16:Speaking done 
 2018-02-28 13:51:18:Not started or already stopped.
 