============================================================
Time  2018/02/28 13:51:07 828 
============================================================
[2018/02/28 13:51:07 829] grm_lex    264  SYS_MSG_LOAD  
[2018/02/28 13:51:07 829] grm_lex    281  SYS_MSG_REGCB  
[2018/02/28 13:51:07 830] grm_lex    267  SYS_MSG_UNLOAD  
[2018/02/28 13:51:07 831] grm_lex    281  SYS_MSG_REGCB  
[2018/02/28 13:51:07 831] grm_lex    251  ISR_MSG_BUILDGRAMMAR  
[2018/02/28 13:51:07 831] grm_lex    100  grm_type :  bnf  
[2018/02/28 13:51:07 832] grm_lex    106  engine_type  :  local  
[2018/02/28 13:51:07 832] grm_lex    106  asr_res_path  :  fo|res/asr/common.jet  
[2018/02/28 13:51:07 832] grm_lex    106  sample_rate  :  16000  
[2018/02/28 13:51:07 832] grm_lex    106  grm_build_path  :  res/asr/GrmBuilld  
[2018/02/28 13:51:07 838] grm_lex    254  ISR_MSG_BUILDGRAMMAR ret =  0  
[2018/02/28 13:51:07 922] grm_lex    71   0  call  
============================================================
Time  2018/02/28 13:51:13 088 
============================================================
[2018/02/28 13:51:13 088] grm_lex    264  SYS_MSG_LOAD  
[2018/02/28 13:51:13 089] grm_lex    281  SYS_MSG_REGCB  
[2018/02/28 13:51:13 089] grm_lex    267  SYS_MSG_UNLOAD  
[2018/02/28 13:51:13 090] grm_lex    281  SYS_MSG_REGCB  
[2018/02/28 13:51:13 091] grm_lex    257  ISR_MSG_UPDATELEXICON  
[2018/02/28 13:51:13 091] grm_lex    168  contact  16  
[2018/02/28 13:51:13 091] grm_lex    174  engine_type  :  local  
[2018/02/28 13:51:13 092] grm_lex    174  text_encoding  :  UTF-8  
[2018/02/28 13:51:13 092] grm_lex    174  asr_res_path  :  fo|res/asr/common.jet  
[2018/02/28 13:51:13 092] grm_lex    174  sample_rate  :  16000  
[2018/02/28 13:51:13 092] grm_lex    174  grm_build_path  :  res/asr/GrmBuilld  
[2018/02/28 13:51:13 093] grm_lex    174  grammar_list  :  call  
[2018/02/28 13:51:13 098] grm_lex    260  ISR_MSG_UPDATELEXICON ret =  0  
[2018/02/28 13:51:13 171] grm_lex    71   0  call  
