============================================================
Time  2018/02/28 13:51:08 069 
============================================================
[2018/02/28 13:51:08 069] isr        1659 isr loaded!  
[2018/02/28 13:51:08 069] isr        1642 SYS_MSG_REGCB param0 =   msp_status_cb  param1 =   func(73b24200) 
[2018/02/28 13:51:08 070] isr        1537 ASR_MSG_SSB  
[2018/02/28 13:51:08 070] isr        1066 session_begin() [in], params:   engine_type = local, 		asr_res_path = fo|res/asr/common.jet, sample_rate = 16000, 		grm_build_path = res/asr/GrmBuilld, local_grammar = call, 		result_type = xml, result_encoding = UTF-8,   nil  
[2018/02/28 13:51:08 071] isr        927  vad_set [in]  
[2018/02/28 13:51:08 071] isr        962  vad_enable :  true  
[2018/02/28 13:51:08 071] isr        980  vad_bos :  10000  
[2018/02/28 13:51:08 072] isr        981  vad_eos :  2000  
[2018/02/28 13:51:08 072] isr        886  enable_vad [in]  
[2018/02/28 13:51:08 073] isr        918  vad enabled!  2000  10000  
[2018/02/28 13:51:08 074] isr        921  enable_vad [out]  
[2018/02/28 13:51:08 074] isr        987  vad_set [out] | ret =  0  
[2018/02/28 13:51:08 074] isr        1182 cur_engine_type =   local  
[2018/02/28 13:51:08 074] isr        992  local_session_begin  
[2018/02/28 13:51:08 159] isr        1547 ASR_MSG_AUW,   local  
[2018/02/28 13:51:08 159] isr        1559 682  1  
[2018/02/28 13:51:08 160] isr        1569 once_bytes:   682  
[2018/02/28 13:51:08 162] isr        1547 ASR_MSG_AUW,   local  
[2018/02/28 13:51:08 163] isr        1559 682  2  
[2018/02/28 13:51:08 164] isr        1547 ASR_MSG_AUW,   local  
[2018/02/28 13:51:08 165] isr        1559 682  2  
[2018/02/28 13:51:08 168] isr        851  [aud] speech start  
[2018/02/28 13:51:08 168] isr        798  1  msc  
[2018/02/28 13:51:08 185] isr        1547 ASR_MSG_AUW,   local  
[2018/02/28 13:51:08 185] isr        1559 682  2  
[2018/02/28 13:51:08 207] isr        1547 ASR_MSG_AUW,   local  
[2018/02/28 13:51:08 208] isr        1559 682  2  
[2018/02/28 13:51:08 228] isr        1547 ASR_MSG_AUW,   local  
[2018/02/28 13:51:08 228] isr        1559 682  2  
[2018/02/28 13:51:08 249] isr        1547 ASR_MSG_AUW,   local  
[2018/02/28 13:51:08 250] isr        1559 682  2  
[2018/02/28 13:51:08 271] isr        1547 ASR_MSG_AUW,   local  
[2018/02/28 13:51:08 271] isr        1559 682  2  
[2018/02/28 13:51:08 292] isr        1547 ASR_MSG_AUW,   local  
[2018/02/28 13:51:08 292] isr        1559 682  2  
[2018/02/28 13:51:08 313] isr        1547 ASR_MSG_AUW,   local  
[2018/02/28 13:51:08 313] isr        1559 682  2  
[2018/02/28 13:51:08 335] isr        1547 ASR_MSG_AUW,   local  
[2018/02/28 13:51:08 335] isr        1559 682  2  
[2018/02/28 13:51:08 356] isr        1547 ASR_MSG_AUW,   local  
[2018/02/28 13:51:08 356] isr        1559 682  2  
[2018/02/28 13:51:08 378] isr        1547 ASR_MSG_AUW,   local  
[2018/02/28 13:51:08 378] isr        1559 682  2  
[2018/02/28 13:51:08 399] isr        1547 ASR_MSG_AUW,   local  
[2018/02/28 13:51:08 399] isr        1559 682  2  
[2018/02/28 13:51:08 420] isr        1547 ASR_MSG_AUW,   local  
[2018/02/28 13:51:08 420] isr        1559 682  2  
[2018/02/28 13:51:08 441] isr        1547 ASR_MSG_AUW,   local  
[2018/02/28 13:51:08 442] isr        1559 682  2  
[2018/02/28 13:51:08 463] isr        1547 ASR_MSG_AUW,   local  
[2018/02/28 13:51:08 463] isr        1559 682  2  
[2018/02/28 13:51:08 484] isr        1547 ASR_MSG_AUW,   local  
[2018/02/28 13:51:08 484] isr        1559 682  2  
[2018/02/28 13:51:08 506] isr        1547 ASR_MSG_AUW,   local  
[2018/02/28 13:51:08 506] isr        1559 682  2  
[2018/02/28 13:51:08 527] isr        1547 ASR_MSG_AUW,   local  
[2018/02/28 13:51:08 527] isr        1559 682  2  
[2018/02/28 13:51:08 548] isr        1547 ASR_MSG_AUW,   local  
[2018/02/28 13:51:08 548] isr        1559 682  2  
[2018/02/28 13:51:08 570] isr        1547 ASR_MSG_AUW,   local  
[2018/02/28 13:51:08 570] isr        1559 682  2  
[2018/02/28 13:51:08 591] isr        1547 ASR_MSG_AUW,   local  
[2018/02/28 13:51:08 591] isr        1559 682  2  
[2018/02/28 13:51:08 612] isr        1547 ASR_MSG_AUW,   local  
[2018/02/28 13:51:08 612] isr        1559 682  2  
[2018/02/28 13:51:08 634] isr        1547 ASR_MSG_AUW,   local  
[2018/02/28 13:51:08 634] isr        1559 682  2  
[2018/02/28 13:51:08 655] isr        1547 ASR_MSG_AUW,   local  
[2018/02/28 13:51:08 655] isr        1559 682  2  
[2018/02/28 13:51:08 676] isr        1547 ASR_MSG_AUW,   local  
[2018/02/28 13:51:08 676] isr        1559 682  2  
[2018/02/28 13:51:08 698] isr        1547 ASR_MSG_AUW,   local  
[2018/02/28 13:51:08 698] isr        1559 682  2  
[2018/02/28 13:51:08 719] isr        1547 ASR_MSG_AUW,   local  
[2018/02/28 13:51:08 719] isr        1559 682  2  
[2018/02/28 13:51:08 740] isr        1547 ASR_MSG_AUW,   local  
[2018/02/28 13:51:08 740] isr        1559 682  2  
[2018/02/28 13:51:08 761] isr        1547 ASR_MSG_AUW,   local  
[2018/02/28 13:51:08 761] isr        1559 682  2  
[2018/02/28 13:51:08 783] isr        1547 ASR_MSG_AUW,   local  
[2018/02/28 13:51:08 784] isr        1559 682  2  
[2018/02/28 13:51:08 804] isr        1547 ASR_MSG_AUW,   local  
[2018/02/28 13:51:08 804] isr        1559 682  2  
[2018/02/28 13:51:08 825] isr        1547 ASR_MSG_AUW,   local  
[2018/02/28 13:51:08 825] isr        1559 682  2  
[2018/02/28 13:51:08 847] isr        1547 ASR_MSG_AUW,   local  
[2018/02/28 13:51:08 847] isr        1559 682  2  
[2018/02/28 13:51:08 868] isr        1547 ASR_MSG_AUW,   local  
[2018/02/28 13:51:08 868] isr        1559 682  2  
[2018/02/28 13:51:08 889] isr        1547 ASR_MSG_AUW,   local  
[2018/02/28 13:51:08 889] isr        1559 682  2  
[2018/02/28 13:51:08 911] isr        1547 ASR_MSG_AUW,   local  
[2018/02/28 13:51:08 911] isr        1559 682  2  
[2018/02/28 13:51:08 932] isr        1547 ASR_MSG_AUW,   local  
[2018/02/28 13:51:08 932] isr        1559 682  2  
[2018/02/28 13:51:08 953] isr        1547 ASR_MSG_AUW,   local  
[2018/02/28 13:51:08 953] isr        1559 682  2  
[2018/02/28 13:51:08 975] isr        1547 ASR_MSG_AUW,   local  
[2018/02/28 13:51:08 975] isr        1559 682  2  
[2018/02/28 13:51:08 996] isr        1547 ASR_MSG_AUW,   local  
[2018/02/28 13:51:08 996] isr        1559 682  2  
[2018/02/28 13:51:09 017] isr        1547 ASR_MSG_AUW,   local  
[2018/02/28 13:51:09 017] isr        1559 682  2  
[2018/02/28 13:51:09 039] isr        1547 ASR_MSG_AUW,   local  
[2018/02/28 13:51:09 039] isr        1559 682  2  
[2018/02/28 13:51:09 060] isr        1547 ASR_MSG_AUW,   local  
[2018/02/28 13:51:09 060] isr        1559 682  2  
[2018/02/28 13:51:09 081] isr        1547 ASR_MSG_AUW,   local  
[2018/02/28 13:51:09 081] isr        1559 682  2  
[2018/02/28 13:51:09 103] isr        1547 ASR_MSG_AUW,   local  
[2018/02/28 13:51:09 103] isr        1559 682  2  
[2018/02/28 13:51:09 124] isr        1547 ASR_MSG_AUW,   local  
[2018/02/28 13:51:09 124] isr        1559 682  2  
[2018/02/28 13:51:09 146] isr        1547 ASR_MSG_AUW,   local  
[2018/02/28 13:51:09 146] isr        1559 682  2  
[2018/02/28 13:51:09 167] isr        1547 ASR_MSG_AUW,   local  
[2018/02/28 13:51:09 167] isr        1559 682  2  
[2018/02/28 13:51:09 188] isr        1547 ASR_MSG_AUW,   local  
[2018/02/28 13:51:09 188] isr        1559 682  2  
[2018/02/28 13:51:09 210] isr        1547 ASR_MSG_AUW,   local  
[2018/02/28 13:51:09 210] isr        1559 682  2  
[2018/02/28 13:51:09 231] isr        1547 ASR_MSG_AUW,   local  
[2018/02/28 13:51:09 231] isr        1559 682  2  
[2018/02/28 13:51:09 252] isr        1547 ASR_MSG_AUW,   local  
[2018/02/28 13:51:09 252] isr        1559 682  2  
[2018/02/28 13:51:09 273] isr        1547 ASR_MSG_AUW,   local  
[2018/02/28 13:51:09 273] isr        1559 682  2  
[2018/02/28 13:51:09 295] isr        1547 ASR_MSG_AUW,   local  
[2018/02/28 13:51:09 295] isr        1559 682  2  
[2018/02/28 13:51:09 316] isr        1547 ASR_MSG_AUW,   local  
[2018/02/28 13:51:09 316] isr        1559 682  2  
[2018/02/28 13:51:09 336] isr        1547 ASR_MSG_AUW,   local  
[2018/02/28 13:51:09 337] isr        1559 682  2  
[2018/02/28 13:51:09 359] isr        1547 ASR_MSG_AUW,   local  
[2018/02/28 13:51:09 359] isr        1559 682  2  
[2018/02/28 13:51:09 380] isr        1547 ASR_MSG_AUW,   local  
[2018/02/28 13:51:09 380] isr        1559 682  2  
[2018/02/28 13:51:09 401] isr        1547 ASR_MSG_AUW,   local  
[2018/02/28 13:51:09 401] isr        1559 682  2  
[2018/02/28 13:51:09 423] isr        1547 ASR_MSG_AUW,   local  
[2018/02/28 13:51:09 423] isr        1559 682  2  
[2018/02/28 13:51:09 444] isr        1547 ASR_MSG_AUW,   local  
[2018/02/28 13:51:09 444] isr        1559 682  2  
[2018/02/28 13:51:09 465] isr        1547 ASR_MSG_AUW,   local  
[2018/02/28 13:51:09 465] isr        1559 682  2  
[2018/02/28 13:51:09 487] isr        1547 ASR_MSG_AUW,   local  
[2018/02/28 13:51:09 487] isr        1559 682  2  
[2018/02/28 13:51:09 508] isr        1547 ASR_MSG_AUW,   local  
[2018/02/28 13:51:09 508] isr        1559 682  2  
[2018/02/28 13:51:09 529] isr        1547 ASR_MSG_AUW,   local  
[2018/02/28 13:51:09 529] isr        1559 682  2  
[2018/02/28 13:51:09 551] isr        1547 ASR_MSG_AUW,   local  
[2018/02/28 13:51:09 551] isr        1559 682  2  
[2018/02/28 13:51:09 572] isr        1547 ASR_MSG_AUW,   local  
[2018/02/28 13:51:09 572] isr        1559 682  2  
[2018/02/28 13:51:09 593] isr        1547 ASR_MSG_AUW,   local  
[2018/02/28 13:51:09 593] isr        1559 682  2  
[2018/02/28 13:51:09 615] isr        1547 ASR_MSG_AUW,   local  
[2018/02/28 13:51:09 615] isr        1559 682  2  
[2018/02/28 13:51:09 636] isr        1547 ASR_MSG_AUW,   local  
[2018/02/28 13:51:09 636] isr        1559 682  2  
[2018/02/28 13:51:09 657] isr        1547 ASR_MSG_AUW,   local  
[2018/02/28 13:51:09 657] isr        1559 682  2  
[2018/02/28 13:51:09 679] isr        1547 ASR_MSG_AUW,   local  
[2018/02/28 13:51:09 679] isr        1559 682  2  
[2018/02/28 13:51:09 700] isr        1547 ASR_MSG_AUW,   local  
[2018/02/28 13:51:09 700] isr        1559 682  2  
[2018/02/28 13:51:09 721] isr        1547 ASR_MSG_AUW,   local  
[2018/02/28 13:51:09 721] isr        1559 682  2  
[2018/02/28 13:51:09 758] isr        1547 ASR_MSG_AUW,   local  
[2018/02/28 13:51:09 758] isr        1559 682  2  
[2018/02/28 13:51:09 764] isr        1547 ASR_MSG_AUW,   local  
[2018/02/28 13:51:09 765] isr        1559 682  2  
[2018/02/28 13:51:09 785] isr        1547 ASR_MSG_AUW,   local  
[2018/02/28 13:51:09 785] isr        1559 682  2  
[2018/02/28 13:51:09 807] isr        1547 ASR_MSG_AUW,   local  
[2018/02/28 13:51:09 807] isr        1559 682  2  
[2018/02/28 13:51:09 828] isr        1547 ASR_MSG_AUW,   local  
[2018/02/28 13:51:09 828] isr        1559 682  2  
[2018/02/28 13:51:09 849] isr        1547 ASR_MSG_AUW,   local  
[2018/02/28 13:51:09 849] isr        1559 682  2  
[2018/02/28 13:51:09 871] isr        1547 ASR_MSG_AUW,   local  
[2018/02/28 13:51:09 871] isr        1559 682  2  
[2018/02/28 13:51:09 892] isr        1547 ASR_MSG_AUW,   local  
[2018/02/28 13:51:09 892] isr        1559 682  2  
[2018/02/28 13:51:09 913] isr        1547 ASR_MSG_AUW,   local  
[2018/02/28 13:51:09 913] isr        1559 682  2  
[2018/02/28 13:51:09 934] isr        1547 ASR_MSG_AUW,   local  
[2018/02/28 13:51:09 934] isr        1559 682  2  
[2018/02/28 13:51:09 956] isr        1547 ASR_MSG_AUW,   local  
[2018/02/28 13:51:09 956] isr        1559 682  2  
[2018/02/28 13:51:09 977] isr        1547 ASR_MSG_AUW,   local  
[2018/02/28 13:51:09 977] isr        1559 682  2  
[2018/02/28 13:51:09 999] isr        1547 ASR_MSG_AUW,   local  
[2018/02/28 13:51:09 999] isr        1559 682  2  
[2018/02/28 13:51:10 020] isr        1547 ASR_MSG_AUW,   local  
[2018/02/28 13:51:10 020] isr        1559 682  2  
[2018/02/28 13:51:10 041] isr        1547 ASR_MSG_AUW,   local  
[2018/02/28 13:51:10 041] isr        1559 682  2  
[2018/02/28 13:51:10 063] isr        1547 ASR_MSG_AUW,   local  
[2018/02/28 13:51:10 063] isr        1559 682  2  
[2018/02/28 13:51:10 084] isr        1547 ASR_MSG_AUW,   local  
[2018/02/28 13:51:10 084] isr        1559 682  2  
[2018/02/28 13:51:10 105] isr        1547 ASR_MSG_AUW,   local  
[2018/02/28 13:51:10 105] isr        1559 682  2  
[2018/02/28 13:51:10 137] isr        1547 ASR_MSG_AUW,   local  
[2018/02/28 13:51:10 137] isr        1559 682  2  
[2018/02/28 13:51:10 148] isr        1547 ASR_MSG_AUW,   local  
[2018/02/28 13:51:10 148] isr        1559 682  2  
[2018/02/28 13:51:10 169] isr        1547 ASR_MSG_AUW,   local  
[2018/02/28 13:51:10 169] isr        1559 682  2  
[2018/02/28 13:51:10 191] isr        1547 ASR_MSG_AUW,   local  
[2018/02/28 13:51:10 191] isr        1559 682  2  
[2018/02/28 13:51:10 212] isr        1547 ASR_MSG_AUW,   local  
[2018/02/28 13:51:10 212] isr        1559 682  2  
[2018/02/28 13:51:10 233] isr        1547 ASR_MSG_AUW,   local  
[2018/02/28 13:51:10 233] isr        1559 682  2  
[2018/02/28 13:51:10 255] isr        1547 ASR_MSG_AUW,   local  
[2018/02/28 13:51:10 255] isr        1559 682  2  
[2018/02/28 13:51:10 276] isr        1547 ASR_MSG_AUW,   local  
[2018/02/28 13:51:10 276] isr        1559 682  2  
[2018/02/28 13:51:10 307] isr        1547 ASR_MSG_AUW,   local  
[2018/02/28 13:51:10 307] isr        1559 682  2  
[2018/02/28 13:51:10 319] isr        1547 ASR_MSG_AUW,   local  
[2018/02/28 13:51:10 319] isr        1559 682  2  
[2018/02/28 13:51:10 340] isr        1547 ASR_MSG_AUW,   local  
[2018/02/28 13:51:10 340] isr        1559 682  2  
[2018/02/28 13:51:10 361] isr        1547 ASR_MSG_AUW,   local  
[2018/02/28 13:51:10 361] isr        1559 682  2  
[2018/02/28 13:51:10 383] isr        1547 ASR_MSG_AUW,   local  
[2018/02/28 13:51:10 383] isr        1559 682  2  
[2018/02/28 13:51:10 404] isr        1547 ASR_MSG_AUW,   local  
[2018/02/28 13:51:10 404] isr        1559 682  2  
[2018/02/28 13:51:10 425] isr        1547 ASR_MSG_AUW,   local  
[2018/02/28 13:51:10 425] isr        1559 682  2  
[2018/02/28 13:51:10 447] isr        1547 ASR_MSG_AUW,   local  
[2018/02/28 13:51:10 447] isr        1559 682  2  
[2018/02/28 13:51:10 468] isr        1547 ASR_MSG_AUW,   local  
[2018/02/28 13:51:10 468] isr        1559 682  2  
[2018/02/28 13:51:10 489] isr        1547 ASR_MSG_AUW,   local  
[2018/02/28 13:51:10 489] isr        1559 682  2  
[2018/02/28 13:51:10 511] isr        1547 ASR_MSG_AUW,   local  
[2018/02/28 13:51:10 511] isr        1559 682  2  
[2018/02/28 13:51:10 532] isr        1547 ASR_MSG_AUW,   local  
[2018/02/28 13:51:10 532] isr        1559 682  2  
[2018/02/28 13:51:10 553] isr        1547 ASR_MSG_AUW,   local  
[2018/02/28 13:51:10 553] isr        1559 682  2  
[2018/02/28 13:51:10 575] isr        1547 ASR_MSG_AUW,   local  
[2018/02/28 13:51:10 575] isr        1559 682  2  
[2018/02/28 13:51:10 596] isr        1547 ASR_MSG_AUW,   local  
[2018/02/28 13:51:10 596] isr        1559 682  2  
[2018/02/28 13:51:10 617] isr        1547 ASR_MSG_AUW,   local  
[2018/02/28 13:51:10 617] isr        1559 682  2  
[2018/02/28 13:51:10 639] isr        1547 ASR_MSG_AUW,   local  
[2018/02/28 13:51:10 639] isr        1559 682  2  
[2018/02/28 13:51:10 660] isr        1547 ASR_MSG_AUW,   local  
[2018/02/28 13:51:10 660] isr        1559 682  2  
[2018/02/28 13:51:10 681] isr        1547 ASR_MSG_AUW,   local  
[2018/02/28 13:51:10 681] isr        1559 682  2  
[2018/02/28 13:51:10 703] isr        1547 ASR_MSG_AUW,   local  
[2018/02/28 13:51:10 703] isr        1559 682  2  
[2018/02/28 13:51:10 724] isr        1547 ASR_MSG_AUW,   local  
[2018/02/28 13:51:10 724] isr        1559 682  2  
[2018/02/28 13:51:10 745] isr        1547 ASR_MSG_AUW,   local  
[2018/02/28 13:51:10 745] isr        1559 682  2  
[2018/02/28 13:51:10 767] isr        1547 ASR_MSG_AUW,   local  
[2018/02/28 13:51:10 767] isr        1559 682  2  
[2018/02/28 13:51:10 788] isr        1547 ASR_MSG_AUW,   local  
[2018/02/28 13:51:10 788] isr        1559 682  2  
[2018/02/28 13:51:10 809] isr        1547 ASR_MSG_AUW,   local  
[2018/02/28 13:51:10 809] isr        1559 682  2  
[2018/02/28 13:51:10 831] isr        1547 ASR_MSG_AUW,   local  
[2018/02/28 13:51:10 831] isr        1559 682  2  
[2018/02/28 13:51:10 852] isr        1547 ASR_MSG_AUW,   local  
[2018/02/28 13:51:10 852] isr        1559 682  2  
[2018/02/28 13:51:10 873] isr        1547 ASR_MSG_AUW,   local  
[2018/02/28 13:51:10 873] isr        1559 682  2  
[2018/02/28 13:51:10 895] isr        1547 ASR_MSG_AUW,   local  
[2018/02/28 13:51:10 895] isr        1559 682  2  
[2018/02/28 13:51:10 916] isr        1547 ASR_MSG_AUW,   local  
[2018/02/28 13:51:10 916] isr        1559 682  2  
[2018/02/28 13:51:10 937] isr        1547 ASR_MSG_AUW,   local  
[2018/02/28 13:51:10 937] isr        1559 682  2  
[2018/02/28 13:51:10 959] isr        1547 ASR_MSG_AUW,   local  
[2018/02/28 13:51:10 959] isr        1559 682  2  
[2018/02/28 13:51:10 980] isr        1547 ASR_MSG_AUW,   local  
[2018/02/28 13:51:10 980] isr        1559 682  2  
[2018/02/28 13:51:11 001] isr        1547 ASR_MSG_AUW,   local  
[2018/02/28 13:51:11 001] isr        1559 682  2  
[2018/02/28 13:51:11 023] isr        1547 ASR_MSG_AUW,   local  
[2018/02/28 13:51:11 023] isr        1559 682  2  
[2018/02/28 13:51:11 044] isr        1547 ASR_MSG_AUW,   local  
[2018/02/28 13:51:11 044] isr        1559 682  2  
[2018/02/28 13:51:11 065] isr        1547 ASR_MSG_AUW,   local  
[2018/02/28 13:51:11 065] isr        1559 682  2  
[2018/02/28 13:51:11 087] isr        1547 ASR_MSG_AUW,   local  
[2018/02/28 13:51:11 087] isr        1559 682  2  
[2018/02/28 13:51:11 108] isr        1547 ASR_MSG_AUW,   local  
[2018/02/28 13:51:11 108] isr        1559 682  2  
[2018/02/28 13:51:11 130] isr        1547 ASR_MSG_AUW,   local  
[2018/02/28 13:51:11 130] isr        1559 682  2  
[2018/02/28 13:51:11 151] isr        1547 ASR_MSG_AUW,   local  
[2018/02/28 13:51:11 151] isr        1559 682  2  
[2018/02/28 13:51:11 172] isr        1547 ASR_MSG_AUW,   local  
[2018/02/28 13:51:11 172] isr        1559 682  2  
[2018/02/28 13:51:11 194] isr        1547 ASR_MSG_AUW,   local  
[2018/02/28 13:51:11 194] isr        1559 682  2  
[2018/02/28 13:51:11 215] isr        723  local_cbmsg_handler  ,msg=  406  param1=  nil  
[2018/02/28 13:51:11 217] isr        1547 ASR_MSG_AUW,   local  
[2018/02/28 13:51:11 217] isr        1559 682  2  
[2018/02/28 13:51:11 219] isr        723  local_cbmsg_handler  ,msg=  nil  param1=  nil  
[2018/02/28 13:51:11 219] isr        723  local_cbmsg_handler  ,msg=  408  param1=  nil  
[2018/02/28 13:51:11 219] isr        734  local session recognized end!  
[2018/02/28 13:51:11 220] isr        641  process_result call:  local  nil  0  2  
[2018/02/28 13:51:11 220] isr        798  3  msc  
[2018/02/28 13:51:11 236] isr        1547 ASR_MSG_AUW,   local  
[2018/02/28 13:51:11 236] isr        1559 682  2  
[2018/02/28 13:51:11 238] isr        1636 ASR_MSG_GRSLT,   local  
[2018/02/28 13:51:11 238] isr        1307 0  nil  5  
[2018/02/28 13:51:11 339] isr        1639 ASR_MSG_SSE,   local  
[2018/02/28 13:51:11 339] isr        1356 session_end() [in]  
[2018/02/28 13:51:11 340] isr        1377 local_session_end() [in]  
[2018/02/28 13:51:11 345] isr        1416 ASR_LOCAL_MSG_SSE net_type  nil  
[2018/02/28 13:51:11 347] isr        1667 isr unload!  
============================================================
Time  2018/02/28 13:51:13 479 
============================================================
[2018/02/28 13:51:13 479] isr        1659 isr loaded!  
[2018/02/28 13:51:13 479] isr        1642 SYS_MSG_REGCB param0 =   msp_status_cb  param1 =   func(73c75088) 
[2018/02/28 13:51:13 480] isr        1537 ASR_MSG_SSB  
[2018/02/28 13:51:13 481] isr        1066 session_begin() [in], params:   engine_type = local, 		asr_res_path = fo|res/asr/common.jet, sample_rate = 16000, 		grm_build_path = res/asr/GrmBuilld, local_grammar = call, 		result_type = xml, result_encoding = UTF-8,   nil  
[2018/02/28 13:51:13 481] isr        927  vad_set [in]  
[2018/02/28 13:51:13 481] isr        962  vad_enable :  true  
[2018/02/28 13:51:13 482] isr        980  vad_bos :  10000  
[2018/02/28 13:51:13 482] isr        981  vad_eos :  2000  
[2018/02/28 13:51:13 482] isr        886  enable_vad [in]  
[2018/02/28 13:51:13 484] isr        918  vad enabled!  2000  10000  
[2018/02/28 13:51:13 484] isr        921  enable_vad [out]  
[2018/02/28 13:51:13 484] isr        987  vad_set [out] | ret =  0  
[2018/02/28 13:51:13 485] isr        1182 cur_engine_type =   local  
[2018/02/28 13:51:13 485] isr        992  local_session_begin  
[2018/02/28 13:51:13 568] isr        1547 ASR_MSG_AUW,   local  
[2018/02/28 13:51:13 568] isr        1559 682  1  
[2018/02/28 13:51:13 569] isr        1569 once_bytes:   682  
[2018/02/28 13:51:13 571] isr        1547 ASR_MSG_AUW,   local  
[2018/02/28 13:51:13 571] isr        1559 682  2  
[2018/02/28 13:51:13 572] isr        1547 ASR_MSG_AUW,   local  
[2018/02/28 13:51:13 572] isr        1559 682  2  
[2018/02/28 13:51:13 575] isr        851  [aud] speech start  
[2018/02/28 13:51:13 575] isr        798  1  msc  
[2018/02/28 13:51:13 595] isr        1547 ASR_MSG_AUW,   local  
[2018/02/28 13:51:13 595] isr        1559 682  2  
[2018/02/28 13:51:13 616] isr        1547 ASR_MSG_AUW,   local  
[2018/02/28 13:51:13 616] isr        1559 682  2  
[2018/02/28 13:51:13 638] isr        1547 ASR_MSG_AUW,   local  
[2018/02/28 13:51:13 638] isr        1559 682  2  
[2018/02/28 13:51:13 659] isr        1547 ASR_MSG_AUW,   local  
[2018/02/28 13:51:13 659] isr        1559 682  2  
[2018/02/28 13:51:13 680] isr        1547 ASR_MSG_AUW,   local  
[2018/02/28 13:51:13 680] isr        1559 682  2  
[2018/02/28 13:51:13 701] isr        1547 ASR_MSG_AUW,   local  
[2018/02/28 13:51:13 701] isr        1559 682  2  
[2018/02/28 13:51:13 723] isr        1547 ASR_MSG_AUW,   local  
[2018/02/28 13:51:13 723] isr        1559 682  2  
[2018/02/28 13:51:13 744] isr        1547 ASR_MSG_AUW,   local  
[2018/02/28 13:51:13 745] isr        1559 682  2  
[2018/02/28 13:51:13 765] isr        1547 ASR_MSG_AUW,   local  
[2018/02/28 13:51:13 765] isr        1559 682  2  
[2018/02/28 13:51:13 787] isr        1547 ASR_MSG_AUW,   local  
[2018/02/28 13:51:13 787] isr        1559 682  2  
[2018/02/28 13:51:13 808] isr        1547 ASR_MSG_AUW,   local  
[2018/02/28 13:51:13 808] isr        1559 682  2  
[2018/02/28 13:51:13 829] isr        1547 ASR_MSG_AUW,   local  
[2018/02/28 13:51:13 829] isr        1559 682  2  
[2018/02/28 13:51:13 851] isr        1547 ASR_MSG_AUW,   local  
[2018/02/28 13:51:13 851] isr        1559 682  2  
[2018/02/28 13:51:13 872] isr        1547 ASR_MSG_AUW,   local  
[2018/02/28 13:51:13 872] isr        1559 682  2  
[2018/02/28 13:51:13 893] isr        1547 ASR_MSG_AUW,   local  
[2018/02/28 13:51:13 893] isr        1559 682  2  
[2018/02/28 13:51:13 915] isr        1547 ASR_MSG_AUW,   local  
[2018/02/28 13:51:13 915] isr        1559 682  2  
[2018/02/28 13:51:13 936] isr        1547 ASR_MSG_AUW,   local  
[2018/02/28 13:51:13 936] isr        1559 682  2  
[2018/02/28 13:51:13 957] isr        1547 ASR_MSG_AUW,   local  
[2018/02/28 13:51:13 957] isr        1559 682  2  
[2018/02/28 13:51:13 979] isr        1547 ASR_MSG_AUW,   local  
[2018/02/28 13:51:13 979] isr        1559 682  2  
[2018/02/28 13:51:14 000] isr        1547 ASR_MSG_AUW,   local  
[2018/02/28 13:51:14 000] isr        1559 682  2  
[2018/02/28 13:51:14 021] isr        1547 ASR_MSG_AUW,   local  
[2018/02/28 13:51:14 021] isr        1559 682  2  
[2018/02/28 13:51:14 043] isr        1547 ASR_MSG_AUW,   local  
[2018/02/28 13:51:14 043] isr        1559 682  2  
[2018/02/28 13:51:14 064] isr        1547 ASR_MSG_AUW,   local  
[2018/02/28 13:51:14 064] isr        1559 682  2  
[2018/02/28 13:51:14 085] isr        1547 ASR_MSG_AUW,   local  
[2018/02/28 13:51:14 085] isr        1559 682  2  
[2018/02/28 13:51:14 107] isr        1547 ASR_MSG_AUW,   local  
[2018/02/28 13:51:14 107] isr        1559 682  2  
[2018/02/28 13:51:14 128] isr        1547 ASR_MSG_AUW,   local  
[2018/02/28 13:51:14 128] isr        1559 682  2  
[2018/02/28 13:51:14 149] isr        1547 ASR_MSG_AUW,   local  
[2018/02/28 13:51:14 149] isr        1559 682  2  
[2018/02/28 13:51:14 171] isr        1547 ASR_MSG_AUW,   local  
[2018/02/28 13:51:14 171] isr        1559 682  2  
[2018/02/28 13:51:14 192] isr        1547 ASR_MSG_AUW,   local  
[2018/02/28 13:51:14 192] isr        1559 682  2  
[2018/02/28 13:51:14 213] isr        1547 ASR_MSG_AUW,   local  
[2018/02/28 13:51:14 213] isr        1559 682  2  
[2018/02/28 13:51:14 235] isr        1547 ASR_MSG_AUW,   local  
[2018/02/28 13:51:14 235] isr        1559 682  2  
[2018/02/28 13:51:14 256] isr        1547 ASR_MSG_AUW,   local  
[2018/02/28 13:51:14 256] isr        1559 682  2  
[2018/02/28 13:51:14 276] isr        1547 ASR_MSG_AUW,   local  
[2018/02/28 13:51:14 277] isr        1559 682  2  
[2018/02/28 13:51:14 299] isr        1547 ASR_MSG_AUW,   local  
[2018/02/28 13:51:14 299] isr        1559 682  2  
[2018/02/28 13:51:14 320] isr        1547 ASR_MSG_AUW,   local  
[2018/02/28 13:51:14 320] isr        1559 682  2  
[2018/02/28 13:51:14 341] isr        1547 ASR_MSG_AUW,   local  
[2018/02/28 13:51:14 341] isr        1559 682  2  
[2018/02/28 13:51:14 363] isr        1547 ASR_MSG_AUW,   local  
[2018/02/28 13:51:14 363] isr        1559 682  2  
[2018/02/28 13:51:14 384] isr        1547 ASR_MSG_AUW,   local  
[2018/02/28 13:51:14 384] isr        1559 682  2  
[2018/02/28 13:51:14 405] isr        1547 ASR_MSG_AUW,   local  
[2018/02/28 13:51:14 405] isr        1559 682  2  
[2018/02/28 13:51:14 427] isr        1547 ASR_MSG_AUW,   local  
[2018/02/28 13:51:14 427] isr        1559 682  2  
[2018/02/28 13:51:14 448] isr        1547 ASR_MSG_AUW,   local  
[2018/02/28 13:51:14 448] isr        1559 682  2  
[2018/02/28 13:51:14 469] isr        1547 ASR_MSG_AUW,   local  
[2018/02/28 13:51:14 469] isr        1559 682  2  
[2018/02/28 13:51:14 491] isr        1547 ASR_MSG_AUW,   local  
[2018/02/28 13:51:14 491] isr        1559 682  2  
[2018/02/28 13:51:14 512] isr        1547 ASR_MSG_AUW,   local  
[2018/02/28 13:51:14 512] isr        1559 682  2  
[2018/02/28 13:51:14 533] isr        1547 ASR_MSG_AUW,   local  
[2018/02/28 13:51:14 533] isr        1559 682  2  
[2018/02/28 13:51:14 555] isr        1547 ASR_MSG_AUW,   local  
[2018/02/28 13:51:14 555] isr        1559 682  2  
[2018/02/28 13:51:14 576] isr        1547 ASR_MSG_AUW,   local  
[2018/02/28 13:51:14 576] isr        1559 682  2  
[2018/02/28 13:51:14 597] isr        1547 ASR_MSG_AUW,   local  
[2018/02/28 13:51:14 597] isr        1559 682  2  
[2018/02/28 13:51:14 619] isr        1547 ASR_MSG_AUW,   local  
[2018/02/28 13:51:14 619] isr        1559 682  2  
[2018/02/28 13:51:14 640] isr        1547 ASR_MSG_AUW,   local  
[2018/02/28 13:51:14 640] isr        1559 682  2  
[2018/02/28 13:51:14 661] isr        1547 ASR_MSG_AUW,   local  
[2018/02/28 13:51:14 661] isr        1559 682  2  
[2018/02/28 13:51:14 683] isr        1547 ASR_MSG_AUW,   local  
[2018/02/28 13:51:14 683] isr        1559 682  2  
[2018/02/28 13:51:14 704] isr        1547 ASR_MSG_AUW,   local  
[2018/02/28 13:51:14 704] isr        1559 682  2  
[2018/02/28 13:51:14 725] isr        1547 ASR_MSG_AUW,   local  
[2018/02/28 13:51:14 725] isr        1559 682  2  
[2018/02/28 13:51:14 747] isr        1547 ASR_MSG_AUW,   local  
[2018/02/28 13:51:14 747] isr        1559 682  2  
[2018/02/28 13:51:14 768] isr        1547 ASR_MSG_AUW,   local  
[2018/02/28 13:51:14 768] isr        1559 682  2  
[2018/02/28 13:51:14 789] isr        1547 ASR_MSG_AUW,   local  
[2018/02/28 13:51:14 789] isr        1559 682  2  
[2018/02/28 13:51:14 811] isr        1547 ASR_MSG_AUW,   local  
[2018/02/28 13:51:14 811] isr        1559 682  2  
[2018/02/28 13:51:14 832] isr        1547 ASR_MSG_AUW,   local  
[2018/02/28 13:51:14 832] isr        1559 682  2  
[2018/02/28 13:51:14 852] isr        1547 ASR_MSG_AUW,   local  
[2018/02/28 13:51:14 853] isr        1559 682  2  
[2018/02/28 13:51:14 875] isr        1547 ASR_MSG_AUW,   local  
[2018/02/28 13:51:14 875] isr        1559 682  2  
[2018/02/28 13:51:14 896] isr        1547 ASR_MSG_AUW,   local  
[2018/02/28 13:51:14 896] isr        1559 682  2  
[2018/02/28 13:51:14 916] isr        1547 ASR_MSG_AUW,   local  
[2018/02/28 13:51:14 917] isr        1559 682  2  
[2018/02/28 13:51:14 939] isr        1547 ASR_MSG_AUW,   local  
[2018/02/28 13:51:14 939] isr        1559 682  2  
[2018/02/28 13:51:14 960] isr        1547 ASR_MSG_AUW,   local  
[2018/02/28 13:51:14 960] isr        1559 682  2  
[2018/02/28 13:51:14 981] isr        1547 ASR_MSG_AUW,   local  
[2018/02/28 13:51:14 981] isr        1559 682  2  
[2018/02/28 13:51:15 003] isr        1547 ASR_MSG_AUW,   local  
[2018/02/28 13:51:15 003] isr        1559 682  2  
[2018/02/28 13:51:15 024] isr        1547 ASR_MSG_AUW,   local  
[2018/02/28 13:51:15 024] isr        1559 682  2  
[2018/02/28 13:51:15 045] isr        1547 ASR_MSG_AUW,   local  
[2018/02/28 13:51:15 045] isr        1559 682  2  
[2018/02/28 13:51:15 066] isr        1547 ASR_MSG_AUW,   local  
[2018/02/28 13:51:15 066] isr        1559 682  2  
[2018/02/28 13:51:15 088] isr        1547 ASR_MSG_AUW,   local  
[2018/02/28 13:51:15 088] isr        1559 682  2  
[2018/02/28 13:51:15 109] isr        1547 ASR_MSG_AUW,   local  
[2018/02/28 13:51:15 109] isr        1559 682  2  
[2018/02/28 13:51:15 130] isr        1547 ASR_MSG_AUW,   local  
[2018/02/28 13:51:15 130] isr        1559 682  2  
[2018/02/28 13:51:15 152] isr        1547 ASR_MSG_AUW,   local  
[2018/02/28 13:51:15 152] isr        1559 682  2  
[2018/02/28 13:51:15 173] isr        1547 ASR_MSG_AUW,   local  
[2018/02/28 13:51:15 173] isr        1559 682  2  
[2018/02/28 13:51:15 194] isr        1547 ASR_MSG_AUW,   local  
[2018/02/28 13:51:15 194] isr        1559 682  2  
[2018/02/28 13:51:15 216] isr        1547 ASR_MSG_AUW,   local  
[2018/02/28 13:51:15 216] isr        1559 682  2  
[2018/02/28 13:51:15 247] isr        1547 ASR_MSG_AUW,   local  
[2018/02/28 13:51:15 247] isr        1559 682  2  
[2018/02/28 13:51:15 257] isr        1547 ASR_MSG_AUW,   local  
[2018/02/28 13:51:15 258] isr        1559 682  2  
[2018/02/28 13:51:15 279] isr        1547 ASR_MSG_AUW,   local  
[2018/02/28 13:51:15 280] isr        1559 682  2  
[2018/02/28 13:51:15 300] isr        1547 ASR_MSG_AUW,   local  
[2018/02/28 13:51:15 301] isr        1559 682  2  
[2018/02/28 13:51:15 322] isr        1547 ASR_MSG_AUW,   local  
[2018/02/28 13:51:15 322] isr        1559 682  2  
[2018/02/28 13:51:15 343] isr        1547 ASR_MSG_AUW,   local  
[2018/02/28 13:51:15 344] isr        1559 682  2  
[2018/02/28 13:51:15 365] isr        1547 ASR_MSG_AUW,   local  
[2018/02/28 13:51:15 365] isr        1559 682  2  
[2018/02/28 13:51:15 385] isr        1547 ASR_MSG_AUW,   local  
[2018/02/28 13:51:15 386] isr        1559 682  2  
[2018/02/28 13:51:15 408] isr        1547 ASR_MSG_AUW,   local  
[2018/02/28 13:51:15 408] isr        1559 682  2  
[2018/02/28 13:51:15 429] isr        1547 ASR_MSG_AUW,   local  
[2018/02/28 13:51:15 429] isr        1559 682  2  
[2018/02/28 13:51:15 450] isr        1547 ASR_MSG_AUW,   local  
[2018/02/28 13:51:15 450] isr        1559 682  2  
[2018/02/28 13:51:15 472] isr        1547 ASR_MSG_AUW,   local  
[2018/02/28 13:51:15 472] isr        1559 682  2  
[2018/02/28 13:51:15 493] isr        1547 ASR_MSG_AUW,   local  
[2018/02/28 13:51:15 493] isr        1559 682  2  
[2018/02/28 13:51:15 514] isr        1547 ASR_MSG_AUW,   local  
[2018/02/28 13:51:15 514] isr        1559 682  2  
[2018/02/28 13:51:15 536] isr        1547 ASR_MSG_AUW,   local  
[2018/02/28 13:51:15 536] isr        1559 682  2  
[2018/02/28 13:51:15 566] isr        1547 ASR_MSG_AUW,   local  
[2018/02/28 13:51:15 567] isr        1559 682  2  
[2018/02/28 13:51:15 579] isr        1547 ASR_MSG_AUW,   local  
[2018/02/28 13:51:15 579] isr        1559 682  2  
[2018/02/28 13:51:15 599] isr        1547 ASR_MSG_AUW,   local  
[2018/02/28 13:51:15 600] isr        1559 682  2  
[2018/02/28 13:51:15 620] isr        1547 ASR_MSG_AUW,   local  
[2018/02/28 13:51:15 621] isr        1559 682  2  
[2018/02/28 13:51:15 642] isr        1547 ASR_MSG_AUW,   local  
[2018/02/28 13:51:15 643] isr        1559 682  2  
[2018/02/28 13:51:15 664] isr        1547 ASR_MSG_AUW,   local  
[2018/02/28 13:51:15 664] isr        1559 682  2  
[2018/02/28 13:51:15 684] isr        1547 ASR_MSG_AUW,   local  
[2018/02/28 13:51:15 685] isr        1559 682  2  
[2018/02/28 13:51:15 707] isr        1547 ASR_MSG_AUW,   local  
[2018/02/28 13:51:15 707] isr        1559 682  2  
[2018/02/28 13:51:15 728] isr        1547 ASR_MSG_AUW,   local  
[2018/02/28 13:51:15 728] isr        1559 682  2  
[2018/02/28 13:51:15 749] isr        1547 ASR_MSG_AUW,   local  
[2018/02/28 13:51:15 749] isr        1559 682  2  
[2018/02/28 13:51:15 771] isr        1547 ASR_MSG_AUW,   local  
[2018/02/28 13:51:15 771] isr        1559 682  2  
[2018/02/28 13:51:15 792] isr        1547 ASR_MSG_AUW,   local  
[2018/02/28 13:51:15 792] isr        1559 682  2  
[2018/02/28 13:51:15 813] isr        1547 ASR_MSG_AUW,   local  
[2018/02/28 13:51:15 813] isr        1559 682  2  
[2018/02/28 13:51:15 833] isr        1547 ASR_MSG_AUW,   local  
[2018/02/28 13:51:15 834] isr        1559 682  2  
[2018/02/28 13:51:15 856] isr        1547 ASR_MSG_AUW,   local  
[2018/02/28 13:51:15 856] isr        1559 682  2  
[2018/02/28 13:51:15 877] isr        1547 ASR_MSG_AUW,   local  
[2018/02/28 13:51:15 877] isr        1559 682  2  
[2018/02/28 13:51:15 898] isr        1547 ASR_MSG_AUW,   local  
[2018/02/28 13:51:15 898] isr        1559 682  2  
[2018/02/28 13:51:15 920] isr        1547 ASR_MSG_AUW,   local  
[2018/02/28 13:51:15 920] isr        1559 682  2  
[2018/02/28 13:51:15 941] isr        1547 ASR_MSG_AUW,   local  
[2018/02/28 13:51:15 941] isr        1559 682  2  
[2018/02/28 13:51:15 962] isr        1547 ASR_MSG_AUW,   local  
[2018/02/28 13:51:15 962] isr        1559 682  2  
[2018/02/28 13:51:15 984] isr        1547 ASR_MSG_AUW,   local  
[2018/02/28 13:51:15 984] isr        1559 682  2  
[2018/02/28 13:51:16 004] isr        1547 ASR_MSG_AUW,   local  
[2018/02/28 13:51:16 005] isr        1559 682  2  
[2018/02/28 13:51:16 026] isr        1547 ASR_MSG_AUW,   local  
[2018/02/28 13:51:16 026] isr        1559 682  2  
[2018/02/28 13:51:16 048] isr        1547 ASR_MSG_AUW,   local  
[2018/02/28 13:51:16 048] isr        1559 682  2  
[2018/02/28 13:51:16 069] isr        1547 ASR_MSG_AUW,   local  
[2018/02/28 13:51:16 069] isr        1559 682  2  
[2018/02/28 13:51:16 091] isr        1547 ASR_MSG_AUW,   local  
[2018/02/28 13:51:16 091] isr        1559 682  2  
[2018/02/28 13:51:16 112] isr        1547 ASR_MSG_AUW,   local  
[2018/02/28 13:51:16 112] isr        1559 682  2  
[2018/02/28 13:51:16 133] isr        1547 ASR_MSG_AUW,   local  
[2018/02/28 13:51:16 133] isr        1559 682  2  
[2018/02/28 13:51:16 155] isr        1547 ASR_MSG_AUW,   local  
[2018/02/28 13:51:16 155] isr        1559 682  2  
[2018/02/28 13:51:16 176] isr        1547 ASR_MSG_AUW,   local  
[2018/02/28 13:51:16 176] isr        1559 682  2  
[2018/02/28 13:51:16 207] isr        1547 ASR_MSG_AUW,   local  
[2018/02/28 13:51:16 207] isr        1559 682  2  
[2018/02/28 13:51:16 218] isr        1547 ASR_MSG_AUW,   local  
[2018/02/28 13:51:16 219] isr        1559 682  2  
[2018/02/28 13:51:16 239] isr        1547 ASR_MSG_AUW,   local  
[2018/02/28 13:51:16 240] isr        1559 682  2  
[2018/02/28 13:51:16 260] isr        1547 ASR_MSG_AUW,   local  
[2018/02/28 13:51:16 261] isr        1559 682  2  
[2018/02/28 13:51:16 282] isr        1547 ASR_MSG_AUW,   local  
[2018/02/28 13:51:16 283] isr        1559 682  2  
[2018/02/28 13:51:16 304] isr        1547 ASR_MSG_AUW,   local  
[2018/02/28 13:51:16 304] isr        1559 682  2  
[2018/02/28 13:51:16 325] isr        1547 ASR_MSG_AUW,   local  
[2018/02/28 13:51:16 325] isr        1559 682  2  
[2018/02/28 13:51:16 347] isr        1547 ASR_MSG_AUW,   local  
[2018/02/28 13:51:16 347] isr        1559 682  2  
[2018/02/28 13:51:16 368] isr        1547 ASR_MSG_AUW,   local  
[2018/02/28 13:51:16 368] isr        1559 682  2  
[2018/02/28 13:51:16 389] isr        1547 ASR_MSG_AUW,   local  
[2018/02/28 13:51:16 389] isr        1559 682  2  
[2018/02/28 13:51:16 411] isr        1547 ASR_MSG_AUW,   local  
[2018/02/28 13:51:16 411] isr        1559 682  2  
[2018/02/28 13:51:16 432] isr        1547 ASR_MSG_AUW,   local  
[2018/02/28 13:51:16 432] isr        1559 682  2  
[2018/02/28 13:51:16 453] isr        1547 ASR_MSG_AUW,   local  
[2018/02/28 13:51:16 453] isr        1559 682  2  
[2018/02/28 13:51:16 475] isr        1547 ASR_MSG_AUW,   local  
[2018/02/28 13:51:16 475] isr        1559 682  2  
[2018/02/28 13:51:16 496] isr        1547 ASR_MSG_AUW,   local  
[2018/02/28 13:51:16 496] isr        1559 682  2  
[2018/02/28 13:51:16 526] isr        1547 ASR_MSG_AUW,   local  
[2018/02/28 13:51:16 527] isr        1559 682  2  
[2018/02/28 13:51:16 538] isr        1547 ASR_MSG_AUW,   local  
[2018/02/28 13:51:16 539] isr        1559 682  2  
[2018/02/28 13:51:16 559] isr        1547 ASR_MSG_AUW,   local  
[2018/02/28 13:51:16 560] isr        1559 682  2  
[2018/02/28 13:51:16 580] isr        1547 ASR_MSG_AUW,   local  
[2018/02/28 13:51:16 581] isr        1559 682  2  
[2018/02/28 13:51:16 602] isr        1547 ASR_MSG_AUW,   local  
[2018/02/28 13:51:16 603] isr        1559 682  2  
[2018/02/28 13:51:16 624] isr        723  local_cbmsg_handler  ,msg=  406  param1=  nil  
[2018/02/28 13:51:16 625] isr        1547 ASR_MSG_AUW,   local  
[2018/02/28 13:51:16 626] isr        1559 682  2  
[2018/02/28 13:51:16 628] isr        723  local_cbmsg_handler  ,msg=  nil  param1=  nil  
[2018/02/28 13:51:16 628] isr        723  local_cbmsg_handler  ,msg=  408  param1=  nil  
[2018/02/28 13:51:16 629] isr        734  local session recognized end!  
[2018/02/28 13:51:16 629] isr        641  process_result call:  local  nil  0  2  
[2018/02/28 13:51:16 629] isr        798  3  msc  
[2018/02/28 13:51:16 645] isr        1547 ASR_MSG_AUW,   local  
[2018/02/28 13:51:16 645] isr        1559 682  2  
[2018/02/28 13:51:16 646] isr        1636 ASR_MSG_GRSLT,   local  
[2018/02/28 13:51:16 647] isr        1307 0  nil  5  
[2018/02/28 13:51:16 748] isr        1639 ASR_MSG_SSE,   local  
[2018/02/28 13:51:16 748] isr        1356 session_end() [in]  
[2018/02/28 13:51:16 748] isr        1377 local_session_end() [in]  
[2018/02/28 13:51:16 753] isr        1416 ASR_LOCAL_MSG_SSE net_type  nil  
[2018/02/28 13:51:16 755] isr        1667 isr unload!  
