============================================================
Time  2018/02/28 13:51:08 110 
============================================================
[2018/02/28 13:51:08 111] isr_local  2168 os_type is:  Linux  
[2018/02/28 13:51:08 111] isr_local  2177 SYS_MSG_LOAD_LOCAL  
[2018/02/28 13:51:08 111] isr_local  2265 last gc at  1519825867  
[2018/02/28 13:51:08 112] isr_local  2206 SYS_MSG_REGCB_LOCAL| param0 =  msp_status_cb  
[2018/02/28 13:51:08 112] isr_local  2265 last gc at  1519825867  
[2018/02/28 13:51:08 113] isr_local  2206 SYS_MSG_REGCB_LOCAL| param0 =  local_service_cbmsg  
[2018/02/28 13:51:08 113] isr_local  2265 last gc at  1519825867  
[2018/02/28 13:51:08 114] isr_local  2114 ASR_LOCAL_MSG_SSB  
[2018/02/28 13:51:08 114] isr_local  1251 esr_session_begin | params:  engine_type=local,asr_res_path=fo|res/asr/common.jet,sample_rate=16000,grm_build_path=res/asr/GrmBuilld,local_grammar=call,result_type=xml,result_encoding=UTF-8  
[2018/02/28 13:51:08 114] isr_local  803  engine_type  :  local  
[2018/02/28 13:51:08 114] isr_local  803  asr_res_path  :  fo|res/asr/common.jet  
[2018/02/28 13:51:08 114] isr_local  803  sample_rate  :  16000  
[2018/02/28 13:51:08 115] isr_local  803  grm_build_path  :  res/asr/GrmBuilld  
[2018/02/28 13:51:08 115] isr_local  803  local_grammar  :  call  
[2018/02/28 13:51:08 115] isr_local  803  result_type  :  xml  
[2018/02/28 13:51:08 115] isr_local  803  result_encoding  :  UTF-8  
[2018/02/28 13:51:08 115] isr_local  1280 init aitalk in ssb  
[2018/02/28 13:51:08 116] isr_local  1162 esr_init | params:  engine_type=local,asr_res_path=fo|res/asr/common.jet,sample_rate=16000,grm_build_path=res/asr/GrmBuilld,local_grammar=call,result_type=xml,result_encoding=UTF-8  
[2018/02/28 13:51:08 116] isr_local  803  engine_type  :  local  
[2018/02/28 13:51:08 116] isr_local  803  asr_res_path  :  fo|res/asr/common.jet  
[2018/02/28 13:51:08 116] isr_local  803  sample_rate  :  16000  
[2018/02/28 13:51:08 117] isr_local  803  grm_build_path  :  res/asr/GrmBuilld  
[2018/02/28 13:51:08 117] isr_local  803  local_grammar  :  call  
[2018/02/28 13:51:08 117] isr_local  803  result_type  :  xml  
[2018/02/28 13:51:08 117] isr_local  803  result_encoding  :  UTF-8  
[2018/02/28 13:51:08 117] isr_local  1083  lucEsr.new   
[2018/02/28 13:51:08 118] isr_local  1000 file count =   1  
[2018/02/28 13:51:08 118] isr_local  923  file open type is:   fo  
[2018/02/28 13:51:08 118] isr_local  956  res/asr/common.jet  0  0  
[2018/02/28 13:51:08 118] isr_local  1018 speech_plus_setting  0  
[2018/02/28 13:51:08 119] isr_local  1031 2  nil  res/asr/common.jet  0  0  
[2018/02/28 13:51:08 119] isr_local  1033 res_ver  2  
[2018/02/28 13:51:08 119] isr_local  1034 res 5  f270f7292de3272003fa5d4bcd4b34f7  
[2018/02/28 13:51:08 120] isr_local  1035 res_new_old_mark  v5pp  
[2018/02/28 13:51:08 120] isr_local  1036 res_usr_name    
[2018/02/28 13:51:08 120] isr_local  1037 res_expires    
[2018/02/28 13:51:08 120] isr_local  1038 err  0  
[2018/02/28 13:51:08 120] isr_local  1054 lgi appid 5  f270f7292de3272003fa5d4bcd4b34f7  
[2018/02/28 13:51:08 120] isr_local  1065 res_expires is null  
[2018/02/28 13:51:08 122] auth       74   aitalk  app  nil  nil  {"aitalk":{"ver":"2","bus":{"forbid":"0","nlimit":3}}}  
[2018/02/28 13:51:08 122] auth       312  nil  
[2018/02/28 13:51:08 163] isr_local  1294 authorized_aitalk=  nil  
[2018/02/28 13:51:08 164] isr_local  1295 forbid_aitalk=  0  
[2018/02/28 13:51:08 165] auth       570  aitalk  table(74e7e768) nil  nil  appid = 5a38785e  
[2018/02/28 13:51:08 165] auth       579  app  nil  nil  nil  
[2018/02/28 13:51:08 166] auth       636  ath rquest  {"authorize":[{"ver":"2.1.1","busin":"aitalk"}]}  
[2018/02/28 13:51:08 170] transport  658  paramkvsport is   nil  
[2018/02/28 13:51:08 170] transport  666  ns_enable=  1  
[2018/02/28 13:51:08 170] transport  672  net.nettype=  standard  
[2018/02/28 13:51:08 171] transport  711  url.full=  nil  
[2018/02/28 13:51:08 171] transport  896  switch 80  
[2018/02/28 13:51:08 172] transport  907  net type:  standard  
[2018/02/28 13:51:08 172] transport  908  net operator:  def  
[2018/02/28 13:51:08 172] transport  909  use proxy:  false  
[2018/02/28 13:51:08 172] auth       691  not login!  
[2018/02/28 13:51:08 173] auth       528  [session] send auth request  
[2018/02/28 13:51:08 173] transport  1042 session.domain=  open.xf-yun.com  
[2018/02/28 13:51:08 173] transport  1043 url.host=  open.xf-yun.com  
[2018/02/28 13:51:08 173] transport  1077 NAMESERVER START  
[2018/02/28 13:51:08 173] transport  1080 name =   ath  
[2018/02/28 13:51:08 174] ns         629  ntt=  standard  
[2018/02/28 13:51:08 174] transport  1083 trans,ns_inprog =  0  
[2018/02/28 13:51:08 174] ns         585  name server start  
[2018/02/28 13:51:08 174] ns         586  ns_sub =   ath  
[2018/02/28 13:51:08 174] ns         588  ns_host=  open.xf-yun.com  
[2018/02/28 13:51:08 175] ns         479  ns_host=  open.xf-yun.com  
[2018/02/28 13:51:08 175] ns         558  GET /sip/resolver?srand=0228135111.32 HTTP/1.1
Host: hdns.openspeech.cn
Connection: Keep-Alive
X-Par: ver=1.3&appid=5a38785e&operator=UNKNOW&nettype=STANDARD&cver=5.0.34.1166&svc=ath&host=open.xf-yun.com&sign=f997652e8483e72e973c1438af355ee0
User-Agent: iFLYCloud

  
[2018/02/28 13:51:08 175] ns         559  net_type =  standard  
[2018/02/28 13:51:08 175] ns         560  cmwapascmnet =  
[2018/02/28 13:51:08 176] ns         561  uniwapasuninet =  
[2018/02/28 13:51:08 176] ns         562  ctwapasctnet =  
[2018/02/28 13:51:08 176] ns         579  host=  hdns.openspeech.cn  
[2018/02/28 13:51:08 176] network    242  gethostbyname  hdns.openspeech.cn  ns1  
[2018/02/28 13:51:08 179] auth       535  0  
[2018/02/28 13:51:08 180] auth       498  lver:  nil  
[2018/02/28 13:51:08 180] auth       503  cfg_ver:  nil  
[2018/02/28 13:51:08 181] isr_local  2038 commit path:   res/asr/GrmBuilld/temp/commit  
[2018/02/28 13:51:08 187] isr_local  2076 commit success!  
[2018/02/28 13:51:08 191] isr_local  1409 esr_session_begin | esr_obj:start ret =  0  
[2018/02/28 13:51:08 191] isr_local  2122 esr_session_begin, ret =   0  
[2018/02/28 13:51:08 191] isr_local  2265 last gc at  1519825867  
[2018/02/28 13:51:08 193] isr_local  2126 ASR_LOCAL_MSG_AUW  
[2018/02/28 13:51:08 193] isr_local  601  audio buffered :   udata(74e5d490) 1  
[2018/02/28 13:51:08 193] isr_local  2265 last gc at  1519825867  
[2018/02/28 13:51:08 194] isr_local  2126 ASR_LOCAL_MSG_AUW  
[2018/02/28 13:51:08 194] isr_local  601  audio buffered :   udata(74e5d4c0) 2  
[2018/02/28 13:51:08 194] isr_local  2265 last gc at  1519825867  
[2018/02/28 13:51:08 195] network    224  dns resp  0  ns1  
[2018/02/28 13:51:08 195] ns         425  ns dns ok  117.121.56.5  
[2018/02/28 13:51:08 195] ns         205  iplist not avail  
[2018/02/28 13:51:08 207] ns         432  is_voicecloud_ip=  0  
[2018/02/28 13:51:08 207] ns         439  ip_is_expected=  true  
[2018/02/28 13:51:08 209] ns         447  ip_is_expected=  true  
[2018/02/28 13:51:08 209] network    423  gethttpresp2  117.121.56.5  80  ns2  
[2018/02/28 13:51:08 209] network    440  prot_type  tcp  
[2018/02/28 13:51:08 216] transport  142  [dns] [1] response 117.121.21.147  
[2018/02/28 13:51:08 216] transport  152  117  121  21  147  
[2018/02/28 13:51:08 216] transport  203  ipv =  v4  
[2018/02/28 13:51:08 217] transport  207  dns ip is v4  
[2018/02/28 13:51:08 217] transport  181  iplist not avail  
[2018/02/28 13:51:08 218] transport  247  no iplist now  
[2018/02/28 13:51:08 218] network    93   iptoenv ,  ipcache  open.xf-yun.com  def  117.121.21.147  
[2018/02/28 13:51:08 223] transport  291  dns cb start conn  
[2018/02/28 13:51:08 223] transport  1276 [soc] connect   117.121.21.147  80  
[2018/02/28 13:51:08 224] transport  1293 mspsoc.open,prot_type=  tcp  
[2018/02/28 13:51:08 248] isr_local  2126 ASR_LOCAL_MSG_AUW  
[2018/02/28 13:51:08 248] isr_local  601  audio buffered :   udata(74e6dac8) 2  
[2018/02/28 13:51:08 248] isr_local  2265 last gc at  1519825867  
[2018/02/28 13:51:08 249] isr_local  2126 ASR_LOCAL_MSG_AUW  
[2018/02/28 13:51:08 249] isr_local  601  audio buffered :   udata(74e53b38) 2  
[2018/02/28 13:51:08 250] isr_local  2265 last gc at  1519825867  
[2018/02/28 13:51:08 253] isr_local  2126 ASR_LOCAL_MSG_AUW  
[2018/02/28 13:51:08 253] isr_local  601  audio buffered :   udata(74e013e0) 2  
[2018/02/28 13:51:08 254] isr_local  2265 last gc at  1519825867  
[2018/02/28 13:51:08 255] isr_local  2126 ASR_LOCAL_MSG_AUW  
[2018/02/28 13:51:08 255] isr_local  601  audio buffered :   udata(74e06108) 2  
[2018/02/28 13:51:08 255] isr_local  2265 last gc at  1519825867  
[2018/02/28 13:51:08 274] isr_local  2126 ASR_LOCAL_MSG_AUW  
[2018/02/28 13:51:08 275] isr_local  601  audio buffered :   udata(74e284c8) 2  
[2018/02/28 13:51:08 275] isr_local  2265 last gc at  1519825867  
[2018/02/28 13:51:08 289] isr_local  655  local engine ready  
[2018/02/28 13:51:08 289] isr_local  585  esr_flush_buf_audio buffer audio num:  7  
[2018/02/28 13:51:08 289] isr_local  1558 auwl =   682  
[2018/02/28 13:51:08 290] isr_local  590  esr_audio_write, ret =  0  
[2018/02/28 13:51:08 290] isr_local  1558 auwl =   682  
[2018/02/28 13:51:08 290] isr_local  590  esr_audio_write, ret =  0  
[2018/02/28 13:51:08 291] isr_local  1558 auwl =   682  
[2018/02/28 13:51:08 292] isr_local  590  esr_audio_write, ret =  0  
[2018/02/28 13:51:08 292] isr_local  1558 auwl =   682  
[2018/02/28 13:51:08 293] isr_local  590  esr_audio_write, ret =  0  
[2018/02/28 13:51:08 295] isr_local  1558 auwl =   682  
[2018/02/28 13:51:08 296] isr_local  590  esr_audio_write, ret =  0  
[2018/02/28 13:51:08 296] isr_local  1558 auwl =   682  
[2018/02/28 13:51:08 297] isr_local  590  esr_audio_write, ret =  0  
[2018/02/28 13:51:08 297] isr_local  1558 auwl =   682  
[2018/02/28 13:51:08 298] isr_local  590  esr_audio_write, ret =  0  
[2018/02/28 13:51:08 298] isr_local  630  local engine started  
[2018/02/28 13:51:08 317] isr_local  2126 ASR_LOCAL_MSG_AUW  
[2018/02/28 13:51:08 318] isr_local  1558 auwl =   682  
[2018/02/28 13:51:08 318] isr_local  2135 esr_audio_write, ret =  nil  
[2018/02/28 13:51:08 318] isr_local  2265 last gc at  1519825867  
[2018/02/28 13:51:08 339] isr_local  2126 ASR_LOCAL_MSG_AUW  
[2018/02/28 13:51:08 340] isr_local  1558 auwl =   682  
[2018/02/28 13:51:08 340] isr_local  2135 esr_audio_write, ret =  nil  
[2018/02/28 13:51:08 340] isr_local  2265 last gc at  1519825867  
[2018/02/28 13:51:08 360] isr_local  2126 ASR_LOCAL_MSG_AUW  
[2018/02/28 13:51:08 361] isr_local  1558 auwl =   682  
[2018/02/28 13:51:08 361] isr_local  2135 esr_audio_write, ret =  nil  
[2018/02/28 13:51:08 361] isr_local  2265 last gc at  1519825867  
[2018/02/28 13:51:08 382] isr_local  2126 ASR_LOCAL_MSG_AUW  
[2018/02/28 13:51:08 383] isr_local  1558 auwl =   682  
[2018/02/28 13:51:08 384] isr_local  2135 esr_audio_write, ret =  nil  
[2018/02/28 13:51:08 384] isr_local  2265 last gc at  1519825867  
[2018/02/28 13:51:08 385] isr_local  2126 ASR_LOCAL_MSG_AUW  
[2018/02/28 13:51:08 385] isr_local  1558 auwl =   682  
[2018/02/28 13:51:08 385] isr_local  2135 esr_audio_write, ret =  nil  
[2018/02/28 13:51:08 386] isr_local  2265 last gc at  1519825867  
[2018/02/28 13:51:08 403] isr_local  2126 ASR_LOCAL_MSG_AUW  
[2018/02/28 13:51:08 404] isr_local  1558 auwl =   682  
[2018/02/28 13:51:08 404] isr_local  2135 esr_audio_write, ret =  nil  
[2018/02/28 13:51:08 404] isr_local  2265 last gc at  1519825867  
[2018/02/28 13:51:08 424] isr_local  2126 ASR_LOCAL_MSG_AUW  
[2018/02/28 13:51:08 425] isr_local  1558 auwl =   682  
[2018/02/28 13:51:08 425] isr_local  2135 esr_audio_write, ret =  nil  
[2018/02/28 13:51:08 425] isr_local  2265 last gc at  1519825867  
[2018/02/28 13:51:08 448] isr_local  2126 ASR_LOCAL_MSG_AUW  
[2018/02/28 13:51:08 448] isr_local  1558 auwl =   682  
[2018/02/28 13:51:08 449] isr_local  2135 esr_audio_write, ret =  nil  
[2018/02/28 13:51:08 449] isr_local  2265 last gc at  1519825867  
[2018/02/28 13:51:08 488] isr_local  2126 ASR_LOCAL_MSG_AUW  
[2018/02/28 13:51:08 489] isr_local  1558 auwl =   682  
[2018/02/28 13:51:08 490] isr_local  2135 esr_audio_write, ret =  nil  
[2018/02/28 13:51:08 490] isr_local  2265 last gc at  1519825867  
[2018/02/28 13:51:08 510] isr_local  2126 ASR_LOCAL_MSG_AUW  
[2018/02/28 13:51:08 510] isr_local  1558 auwl =   682  
[2018/02/28 13:51:08 511] isr_local  2135 esr_audio_write, ret =  nil  
[2018/02/28 13:51:08 511] isr_local  2265 last gc at  1519825867  
[2018/02/28 13:51:08 531] isr_local  2126 ASR_LOCAL_MSG_AUW  
[2018/02/28 13:51:08 532] isr_local  1558 auwl =   682  
[2018/02/28 13:51:08 533] isr_local  2135 esr_audio_write, ret =  nil  
[2018/02/28 13:51:08 533] isr_local  2265 last gc at  1519825867  
[2018/02/28 13:51:08 534] isr_local  2126 ASR_LOCAL_MSG_AUW  
[2018/02/28 13:51:08 534] isr_local  1558 auwl =   682  
[2018/02/28 13:51:08 534] isr_local  2135 esr_audio_write, ret =  nil  
[2018/02/28 13:51:08 534] isr_local  2265 last gc at  1519825867  
[2018/02/28 13:51:08 552] isr_local  2126 ASR_LOCAL_MSG_AUW  
[2018/02/28 13:51:08 552] isr_local  1558 auwl =   682  
[2018/02/28 13:51:08 552] isr_local  2135 esr_audio_write, ret =  nil  
[2018/02/28 13:51:08 553] isr_local  2265 last gc at  1519825867  
[2018/02/28 13:51:08 574] isr_local  2126 ASR_LOCAL_MSG_AUW  
[2018/02/28 13:51:08 574] isr_local  1558 auwl =   682  
[2018/02/28 13:51:08 574] isr_local  2135 esr_audio_write, ret =  nil  
[2018/02/28 13:51:08 575] isr_local  2265 last gc at  1519825867  
[2018/02/28 13:51:08 595] isr_local  2126 ASR_LOCAL_MSG_AUW  
[2018/02/28 13:51:08 595] isr_local  1558 auwl =   682  
[2018/02/28 13:51:08 595] isr_local  2135 esr_audio_write, ret =  nil  
[2018/02/28 13:51:08 596] isr_local  2265 last gc at  1519825867  
[2018/02/28 13:51:08 638] isr_local  2126 ASR_LOCAL_MSG_AUW  
[2018/02/28 13:51:08 638] isr_local  1558 auwl =   682  
[2018/02/28 13:51:08 638] isr_local  2135 esr_audio_write, ret =  nil  
[2018/02/28 13:51:08 639] isr_local  2265 last gc at  1519825867  
[2018/02/28 13:51:08 659] isr_local  2126 ASR_LOCAL_MSG_AUW  
[2018/02/28 13:51:08 659] isr_local  1558 auwl =   682  
[2018/02/28 13:51:08 660] isr_local  2135 esr_audio_write, ret =  nil  
[2018/02/28 13:51:08 660] isr_local  2265 last gc at  1519825867  
[2018/02/28 13:51:08 680] isr_local  2126 ASR_LOCAL_MSG_AUW  
[2018/02/28 13:51:08 680] isr_local  1558 auwl =   682  
[2018/02/28 13:51:08 680] isr_local  2135 esr_audio_write, ret =  nil  
[2018/02/28 13:51:08 681] isr_local  2265 last gc at  1519825867  
[2018/02/28 13:51:08 702] isr_local  2126 ASR_LOCAL_MSG_AUW  
[2018/02/28 13:51:08 703] isr_local  1558 auwl =   682  
[2018/02/28 13:51:08 704] isr_local  2135 esr_audio_write, ret =  nil  
[2018/02/28 13:51:08 704] isr_local  2265 last gc at  1519825867  
[2018/02/28 13:51:08 704] isr_local  2126 ASR_LOCAL_MSG_AUW  
[2018/02/28 13:51:08 705] isr_local  1558 auwl =   682  
[2018/02/28 13:51:08 705] isr_local  2135 esr_audio_write, ret =  nil  
[2018/02/28 13:51:08 705] isr_local  2265 last gc at  1519825867  
[2018/02/28 13:51:08 723] isr_local  2126 ASR_LOCAL_MSG_AUW  
[2018/02/28 13:51:08 723] isr_local  1558 auwl =   682  
[2018/02/28 13:51:08 723] isr_local  2135 esr_audio_write, ret =  nil  
[2018/02/28 13:51:08 724] isr_local  2265 last gc at  1519825867  
[2018/02/28 13:51:08 744] isr_local  2126 ASR_LOCAL_MSG_AUW  
[2018/02/28 13:51:08 744] isr_local  1558 auwl =   682  
[2018/02/28 13:51:08 745] isr_local  2135 esr_audio_write, ret =  nil  
[2018/02/28 13:51:08 745] isr_local  2265 last gc at  1519825867  
[2018/02/28 13:51:08 757] network    328  connected  ns2  
[2018/02/28 13:51:08 759] transport  476  [soc] [1] connected  
[2018/02/28 13:51:08 760] transport  1333 build http request.  
[2018/02/28 13:51:08 775] transport  1433 POST /msp.do HTTP/1.1
Host: open.xf-yun.com
Content-Type: multipart/mixed;boundary=--
Content-Length: 361
User-Agent: iFLYCloud
Cache-Control: no-cache
Accept: */*

----
CL:51
CT:text/plain

ver=MSSP+0%2E9&sub=auth&cmd=rath&key=08mQdIdRQq1^Y=
----
CL:48
CT:text/appinfo
CE:gzip

36
xœËN­´5261H117450LI11M10³HNJ5´0±HN550M  
[2018/02/28 13:51:08 779] transport  1753 msg:release()  
[2018/02/28 13:51:08 780] network    331  send ok  271  ns2  
[2018/02/28 13:51:08 781] isr_local  2126 ASR_LOCAL_MSG_AUW  
[2018/02/28 13:51:08 781] isr_local  1558 auwl =   682  
[2018/02/28 13:51:08 781] isr_local  2135 esr_audio_write, ret =  nil  
[2018/02/28 13:51:08 782] isr_local  2265 last gc at  1519825867  
[2018/02/28 13:51:08 782] transport  506  [soc] [1] send ok  534  
[2018/02/28 13:51:08 808] isr_local  2126 ASR_LOCAL_MSG_AUW  
[2018/02/28 13:51:08 808] isr_local  1558 auwl =   682  
[2018/02/28 13:51:08 809] isr_local  2135 esr_audio_write, ret =  nil  
[2018/02/28 13:51:08 809] isr_local  2265 last gc at  1519825867  
[2018/02/28 13:51:08 829] isr_local  2126 ASR_LOCAL_MSG_AUW  
[2018/02/28 13:51:08 829] isr_local  1558 auwl =   682  
[2018/02/28 13:51:08 830] isr_local  2135 esr_audio_write, ret =  nil  
[2018/02/28 13:51:08 830] isr_local  2265 last gc at  1519825867  
[2018/02/28 13:51:08 851] isr_local  2126 ASR_LOCAL_MSG_AUW  
[2018/02/28 13:51:08 851] isr_local  1558 auwl =   682  
[2018/02/28 13:51:08 852] isr_local  2135 esr_audio_write, ret =  nil  
[2018/02/28 13:51:08 852] isr_local  2265 last gc at  1519825867  
[2018/02/28 13:51:08 872] isr_local  2126 ASR_LOCAL_MSG_AUW  
[2018/02/28 13:51:08 873] isr_local  1558 auwl =   682  
[2018/02/28 13:51:08 874] isr_local  2135 esr_audio_write, ret =  nil  
[2018/02/28 13:51:08 874] isr_local  2265 last gc at  1519825867  
[2018/02/28 13:51:08 874] isr_local  2126 ASR_LOCAL_MSG_AUW  
[2018/02/28 13:51:08 875] isr_local  1558 auwl =   682  
[2018/02/28 13:51:08 875] isr_local  2135 esr_audio_write, ret =  nil  
[2018/02/28 13:51:08 875] isr_local  2265 last gc at  1519825867  
[2018/02/28 13:51:08 893] isr_local  2126 ASR_LOCAL_MSG_AUW  
[2018/02/28 13:51:08 893] isr_local  1558 auwl =   682  
[2018/02/28 13:51:08 894] isr_local  2135 esr_audio_write, ret =  nil  
[2018/02/28 13:51:08 894] isr_local  2265 last gc at  1519825867  
[2018/02/28 13:51:08 915] isr_local  2126 ASR_LOCAL_MSG_AUW  
[2018/02/28 13:51:08 915] isr_local  1558 auwl =   682  
[2018/02/28 13:51:08 916] isr_local  2135 esr_audio_write, ret =  nil  
[2018/02/28 13:51:08 916] isr_local  2265 last gc at  1519825867  
[2018/02/28 13:51:08 936] isr_local  2126 ASR_LOCAL_MSG_AUW  
[2018/02/28 13:51:08 936] isr_local  1558 auwl =   682  
[2018/02/28 13:51:08 937] isr_local  2135 esr_audio_write, ret =  nil  
[2018/02/28 13:51:08 937] isr_local  2265 last gc at  1519825867  
[2018/02/28 13:51:08 979] isr_local  2126 ASR_LOCAL_MSG_AUW  
[2018/02/28 13:51:08 979] isr_local  1558 auwl =   682  
[2018/02/28 13:51:08 980] isr_local  2135 esr_audio_write, ret =  nil  
[2018/02/28 13:51:08 980] isr_local  2265 last gc at  1519825867  
[2018/02/28 13:51:08 992] network    340  readable  ns2  
[2018/02/28 13:51:08 992] network    344  HTTP/1.1 200 OK
Date: Wed, 28 Feb 2018 13:51:08 GMT
Content-Type: application/json
Content-Length: 314
Connection: keep-alive
Server: iflytek/hdns

{"dns":[{"host":"open.xf-yun.com","sip":[{"svc":"ath","ips":[{"ip":"117.121.21.146","port":80,"idc":"ch"},{"ip":"117.121.21.147","port":80,"idc":"ch"}],"ttl":6000,"compel":0}]}],"default":[{"host":"open.xf-yun.com","sip":[{"svc":"ath","ips":[{"ip":"117.121.21.147","port":80,"idc":"ch"}],"ttl":6000,"compel":0}]}]}  
[2018/02/28 13:51:08 993] ns         256  name server http resp  table(74e5db10) 0  udata(74ee8d30) 
[2018/02/28 13:51:08 994] ns         269  ns response OK for this time!  
[2018/02/28 13:51:08 994] ns         280  from_server=  iflytek/hdns  
[2018/02/28 13:51:09 000] ns         363  compel :  0  
[2018/02/28 13:51:09 001] ns         374  tick()=  5716804  
[2018/02/28 13:51:09 001] ns         378  tick()mod=  5716804  
[2018/02/28 13:51:09 001] ns         379  ns_host=  open.xf-yun.com  
[2018/02/28 13:51:09 003] ns         392  ns_host=  open.xf-yun.com  
[2018/02/28 13:51:09 004] transport  1057 ns_ip =   117.121.21.146  
[2018/02/28 13:51:09 004] transport  1058 ip_type =  assigned_athopen.xf-yun.com_host  
[2018/02/28 13:51:09 004] ns         658  no data in ns_q  
[2018/02/28 13:51:09 004] ns         659  conti_ns,ns_inprog =   1  
[2018/02/28 13:51:09 005] isr_local  2126 ASR_LOCAL_MSG_AUW  
[2018/02/28 13:51:09 005] isr_local  1558 auwl =   682  
[2018/02/28 13:51:09 005] isr_local  2135 esr_audio_write, ret =  nil  
[2018/02/28 13:51:09 006] isr_local  2265 last gc at  1519825867  
[2018/02/28 13:51:09 014] transport  518  [soc] [1] readable  
[2018/02/28 13:51:09 015] transport  1706 HTTP/1.1 200 OK
Content-Type: multipart/mixed;boundary=--
Content-Length: 261
X-Req-Date: 2018/02/28 21:51:08 907
Cache-Control: no-cache
CL: 261
X-Res-Date: 2018/02/28 21:51:08 918

----
Content-Length:83

ver=MSSP+0%2E9&ret=0&key=09hgIv6msDommcHXz81o^ZZI5df1lqZPAJamGZa1ovLCzWJd7Owy9ADA==
----
Content-Length:61
Content-Type:binary/authinfo
Content-Encoding:gzip

54
xœ«VJÌ,IÌÉV²ªV*K-R²R2RÒQJ*-	¤å%e¦  
[2018/02/28 13:51:09 015] transport  1452 a_complete_httpmessage  200  
[2018/02/28 13:51:09 015] transport  1562 is_update  true  
[2018/02/28 13:51:09 016] transport  1566 port updated  80  
[2018/02/28 13:51:09 016] transport  1568 switch  80  
[2018/02/28 13:51:09 017] auth       347  [trans] [id = table: 0x74e7e840;;;=0===;auth] readable  
[2018/02/28 13:51:09 024] network    88   ipfromenv ,  ipcache  open.xf-yun.com  def  117.121.21.147  
[2018/02/28 13:51:09 025] transport  973  iplist not avail  
[2018/02/28 13:51:09 025] transport  1310 [soc] disconnect   
[2018/02/28 13:51:09 027] auth       383  auth_json=  udata(74e01410) 
[2018/02/28 13:51:09 027] auth       384  tostring(auth_json)=  {"aitalk":{"ver":"2","bus":{"forbid":"0","nlimit":3}}}  
[2018/02/28 13:51:09 027] auth       74   aitalk  app  nil  nil  {"aitalk":{"ver":"2","bus":{"forbid":"0","nlimit":3}}}  
[2018/02/28 13:51:09 031] auth       404  auth ok!  
[2018/02/28 13:51:09 032] isr_local  2126 ASR_LOCAL_MSG_AUW  
[2018/02/28 13:51:09 032] isr_local  1558 auwl =   682  
[2018/02/28 13:51:09 033] isr_local  2135 esr_audio_write, ret =  nil  
[2018/02/28 13:51:09 033] isr_local  2265 last gc at  1519825867  
[2018/02/28 13:51:09 033] isr_local  2126 ASR_LOCAL_MSG_AUW  
[2018/02/28 13:51:09 034] isr_local  1558 auwl =   682  
[2018/02/28 13:51:09 034] isr_local  2135 esr_audio_write, ret =  nil  
[2018/02/28 13:51:09 034] isr_local  2265 last gc at  1519825867  
[2018/02/28 13:51:09 043] isr_local  2126 ASR_LOCAL_MSG_AUW  
[2018/02/28 13:51:09 043] isr_local  1558 auwl =   682  
[2018/02/28 13:51:09 044] isr_local  2135 esr_audio_write, ret =  nil  
[2018/02/28 13:51:09 044] isr_local  2265 last gc at  1519825867  
[2018/02/28 13:51:09 064] isr_local  2126 ASR_LOCAL_MSG_AUW  
[2018/02/28 13:51:09 064] isr_local  1558 auwl =   682  
[2018/02/28 13:51:09 065] isr_local  2135 esr_audio_write, ret =  nil  
[2018/02/28 13:51:09 065] isr_local  2265 last gc at  1519825867  
[2018/02/28 13:51:09 085] isr_local  2126 ASR_LOCAL_MSG_AUW  
[2018/02/28 13:51:09 085] isr_local  1558 auwl =   682  
[2018/02/28 13:51:09 085] isr_local  2135 esr_audio_write, ret =  nil  
[2018/02/28 13:51:09 086] isr_local  2265 last gc at  1519825867  
[2018/02/28 13:51:09 128] isr_local  2126 ASR_LOCAL_MSG_AUW  
[2018/02/28 13:51:09 128] isr_local  1558 auwl =   682  
[2018/02/28 13:51:09 128] isr_local  2135 esr_audio_write, ret =  nil  
[2018/02/28 13:51:09 129] isr_local  2265 last gc at  1519825867  
[2018/02/28 13:51:09 150] isr_local  2126 ASR_LOCAL_MSG_AUW  
[2018/02/28 13:51:09 150] isr_local  1558 auwl =   682  
[2018/02/28 13:51:09 150] isr_local  2135 esr_audio_write, ret =  nil  
[2018/02/28 13:51:09 151] isr_local  2265 last gc at  1519825867  
[2018/02/28 13:51:09 171] isr_local  2126 ASR_LOCAL_MSG_AUW  
[2018/02/28 13:51:09 171] isr_local  1558 auwl =   682  
[2018/02/28 13:51:09 172] isr_local  2135 esr_audio_write, ret =  nil  
[2018/02/28 13:51:09 172] isr_local  2265 last gc at  1519825867  
[2018/02/28 13:51:09 192] isr_local  2126 ASR_LOCAL_MSG_AUW  
[2018/02/28 13:51:09 193] isr_local  1558 auwl =   682  
[2018/02/28 13:51:09 194] isr_local  2135 esr_audio_write, ret =  nil  
[2018/02/28 13:51:09 194] isr_local  2265 last gc at  1519825867  
[2018/02/28 13:51:09 194] isr_local  2126 ASR_LOCAL_MSG_AUW  
[2018/02/28 13:51:09 195] isr_local  1558 auwl =   682  
[2018/02/28 13:51:09 195] isr_local  2135 esr_audio_write, ret =  nil  
[2018/02/28 13:51:09 195] isr_local  2265 last gc at  1519825867  
[2018/02/28 13:51:09 214] isr_local  2126 ASR_LOCAL_MSG_AUW  
[2018/02/28 13:51:09 214] isr_local  1558 auwl =   682  
[2018/02/28 13:51:09 215] isr_local  2135 esr_audio_write, ret =  nil  
[2018/02/28 13:51:09 215] isr_local  2265 last gc at  1519825867  
[2018/02/28 13:51:09 235] isr_local  2126 ASR_LOCAL_MSG_AUW  
[2018/02/28 13:51:09 235] isr_local  1558 auwl =   682  
[2018/02/28 13:51:09 236] isr_local  2135 esr_audio_write, ret =  nil  
[2018/02/28 13:51:09 236] isr_local  2265 last gc at  1519825867  
[2018/02/28 13:51:09 256] isr_local  2126 ASR_LOCAL_MSG_AUW  
[2018/02/28 13:51:09 256] isr_local  1558 auwl =   682  
[2018/02/28 13:51:09 257] isr_local  2135 esr_audio_write, ret =  nil  
[2018/02/28 13:51:09 257] isr_local  2265 last gc at  1519825867  
[2018/02/28 13:51:09 299] isr_local  2126 ASR_LOCAL_MSG_AUW  
[2018/02/28 13:51:09 299] isr_local  1558 auwl =   682  
[2018/02/28 13:51:09 299] isr_local  2135 esr_audio_write, ret =  nil  
[2018/02/28 13:51:09 300] isr_local  2265 last gc at  1519825867  
[2018/02/28 13:51:09 320] isr_local  2126 ASR_LOCAL_MSG_AUW  
[2018/02/28 13:51:09 320] isr_local  1558 auwl =   682  
[2018/02/28 13:51:09 321] isr_local  2135 esr_audio_write, ret =  nil  
[2018/02/28 13:51:09 321] isr_local  2265 last gc at  1519825867  
[2018/02/28 13:51:09 341] isr_local  2126 ASR_LOCAL_MSG_AUW  
[2018/02/28 13:51:09 342] isr_local  1558 auwl =   682  
[2018/02/28 13:51:09 343] isr_local  2135 esr_audio_write, ret =  nil  
[2018/02/28 13:51:09 343] isr_local  2265 last gc at  1519825867  
[2018/02/28 13:51:09 343] isr_local  2126 ASR_LOCAL_MSG_AUW  
[2018/02/28 13:51:09 344] isr_local  1558 auwl =   682  
[2018/02/28 13:51:09 344] isr_local  2135 esr_audio_write, ret =  nil  
[2018/02/28 13:51:09 344] isr_local  2265 last gc at  1519825867  
[2018/02/28 13:51:09 363] isr_local  2126 ASR_LOCAL_MSG_AUW  
[2018/02/28 13:51:09 363] isr_local  1558 auwl =   682  
[2018/02/28 13:51:09 363] isr_local  2135 esr_audio_write, ret =  nil  
[2018/02/28 13:51:09 364] isr_local  2265 last gc at  1519825867  
[2018/02/28 13:51:09 384] isr_local  2126 ASR_LOCAL_MSG_AUW  
[2018/02/28 13:51:09 384] isr_local  1558 auwl =   682  
[2018/02/28 13:51:09 384] isr_local  2135 esr_audio_write, ret =  nil  
[2018/02/28 13:51:09 385] isr_local  2265 last gc at  1519825867  
[2018/02/28 13:51:09 405] isr_local  2126 ASR_LOCAL_MSG_AUW  
[2018/02/28 13:51:09 405] isr_local  1558 auwl =   682  
[2018/02/28 13:51:09 405] isr_local  2135 esr_audio_write, ret =  nil  
[2018/02/28 13:51:09 406] isr_local  2265 last gc at  1519825867  
[2018/02/28 13:51:09 448] isr_local  2126 ASR_LOCAL_MSG_AUW  
[2018/02/28 13:51:09 448] isr_local  1558 auwl =   682  
[2018/02/28 13:51:09 449] isr_local  2135 esr_audio_write, ret =  nil  
[2018/02/28 13:51:09 449] isr_local  2265 last gc at  1519825867  
[2018/02/28 13:51:09 469] isr_local  2126 ASR_LOCAL_MSG_AUW  
[2018/02/28 13:51:09 469] isr_local  1558 auwl =   682  
[2018/02/28 13:51:09 470] isr_local  2135 esr_audio_write, ret =  nil  
[2018/02/28 13:51:09 470] isr_local  2265 last gc at  1519825867  
[2018/02/28 13:51:09 491] isr_local  2126 ASR_LOCAL_MSG_AUW  
[2018/02/28 13:51:09 491] isr_local  1558 auwl =   682  
[2018/02/28 13:51:09 492] isr_local  2135 esr_audio_write, ret =  nil  
[2018/02/28 13:51:09 492] isr_local  2265 last gc at  1519825867  
[2018/02/28 13:51:09 512] isr_local  2126 ASR_LOCAL_MSG_AUW  
[2018/02/28 13:51:09 513] isr_local  1558 auwl =   682  
[2018/02/28 13:51:09 514] isr_local  2135 esr_audio_write, ret =  nil  
[2018/02/28 13:51:09 514] isr_local  2265 last gc at  1519825867  
[2018/02/28 13:51:09 515] isr_local  2126 ASR_LOCAL_MSG_AUW  
[2018/02/28 13:51:09 515] isr_local  1558 auwl =   682  
[2018/02/28 13:51:09 515] isr_local  2135 esr_audio_write, ret =  nil  
[2018/02/28 13:51:09 515] isr_local  2265 last gc at  1519825867  
[2018/02/28 13:51:09 533] isr_local  2126 ASR_LOCAL_MSG_AUW  
[2018/02/28 13:51:09 533] isr_local  1558 auwl =   682  
[2018/02/28 13:51:09 534] isr_local  2135 esr_audio_write, ret =  nil  
[2018/02/28 13:51:09 534] isr_local  2265 last gc at  1519825867  
[2018/02/28 13:51:09 555] isr_local  2126 ASR_LOCAL_MSG_AUW  
[2018/02/28 13:51:09 555] isr_local  1558 auwl =   682  
[2018/02/28 13:51:09 555] isr_local  2135 esr_audio_write, ret =  nil  
[2018/02/28 13:51:09 556] isr_local  2265 last gc at  1519825867  
[2018/02/28 13:51:09 576] isr_local  2126 ASR_LOCAL_MSG_AUW  
[2018/02/28 13:51:09 576] isr_local  1558 auwl =   682  
[2018/02/28 13:51:09 576] isr_local  2135 esr_audio_write, ret =  nil  
[2018/02/28 13:51:09 577] isr_local  2265 last gc at  1519825867  
[2018/02/28 13:51:09 619] isr_local  2126 ASR_LOCAL_MSG_AUW  
[2018/02/28 13:51:09 619] isr_local  1558 auwl =   682  
[2018/02/28 13:51:09 619] isr_local  2135 esr_audio_write, ret =  nil  
[2018/02/28 13:51:09 620] isr_local  2265 last gc at  1519825867  
[2018/02/28 13:51:09 640] isr_local  2126 ASR_LOCAL_MSG_AUW  
[2018/02/28 13:51:09 640] isr_local  1558 auwl =   682  
[2018/02/28 13:51:09 641] isr_local  2135 esr_audio_write, ret =  nil  
[2018/02/28 13:51:09 641] isr_local  2265 last gc at  1519825867  
[2018/02/28 13:51:09 661] isr_local  2126 ASR_LOCAL_MSG_AUW  
[2018/02/28 13:51:09 661] isr_local  1558 auwl =   682  
[2018/02/28 13:51:09 661] isr_local  2135 esr_audio_write, ret =  nil  
[2018/02/28 13:51:09 662] isr_local  2265 last gc at  1519825867  
[2018/02/28 13:51:09 683] isr_local  2126 ASR_LOCAL_MSG_AUW  
[2018/02/28 13:51:09 684] isr_local  1558 auwl =   682  
[2018/02/28 13:51:09 685] isr_local  2135 esr_audio_write, ret =  nil  
[2018/02/28 13:51:09 685] isr_local  2265 last gc at  1519825867  
[2018/02/28 13:51:09 685] isr_local  2126 ASR_LOCAL_MSG_AUW  
[2018/02/28 13:51:09 686] isr_local  1558 auwl =   682  
[2018/02/28 13:51:09 686] isr_local  2135 esr_audio_write, ret =  nil  
[2018/02/28 13:51:09 686] isr_local  2265 last gc at  1519825867  
[2018/02/28 13:51:09 704] isr_local  2126 ASR_LOCAL_MSG_AUW  
[2018/02/28 13:51:09 704] isr_local  1558 auwl =   682  
[2018/02/28 13:51:09 704] isr_local  2135 esr_audio_write, ret =  nil  
[2018/02/28 13:51:09 705] isr_local  2265 last gc at  1519825867  
[2018/02/28 13:51:09 725] isr_local  2126 ASR_LOCAL_MSG_AUW  
[2018/02/28 13:51:09 725] isr_local  1558 auwl =   682  
[2018/02/28 13:51:09 725] isr_local  2135 esr_audio_write, ret =  nil  
[2018/02/28 13:51:09 726] isr_local  2265 last gc at  1519825867  
[2018/02/28 13:51:09 765] isr_local  2126 ASR_LOCAL_MSG_AUW  
[2018/02/28 13:51:09 765] isr_local  1558 auwl =   682  
[2018/02/28 13:51:09 767] isr_local  2135 esr_audio_write, ret =  nil  
[2018/02/28 13:51:09 767] isr_local  2265 last gc at  1519825867  
[2018/02/28 13:51:09 789] isr_local  2126 ASR_LOCAL_MSG_AUW  
[2018/02/28 13:51:09 790] isr_local  1558 auwl =   682  
[2018/02/28 13:51:09 790] isr_local  2135 esr_audio_write, ret =  nil  
[2018/02/28 13:51:09 790] isr_local  2265 last gc at  1519825867  
[2018/02/28 13:51:09 811] isr_local  2126 ASR_LOCAL_MSG_AUW  
[2018/02/28 13:51:09 811] isr_local  1558 auwl =   682  
[2018/02/28 13:51:09 812] isr_local  2135 esr_audio_write, ret =  nil  
[2018/02/28 13:51:09 812] isr_local  2265 last gc at  1519825867  
[2018/02/28 13:51:09 832] isr_local  2126 ASR_LOCAL_MSG_AUW  
[2018/02/28 13:51:09 833] isr_local  1558 auwl =   682  
[2018/02/28 13:51:09 833] isr_local  2135 esr_audio_write, ret =  nil  
[2018/02/28 13:51:09 834] isr_local  2265 last gc at  1519825867  
[2018/02/28 13:51:09 834] isr_local  2126 ASR_LOCAL_MSG_AUW  
[2018/02/28 13:51:09 835] isr_local  1558 auwl =   682  
[2018/02/28 13:51:09 835] isr_local  2135 esr_audio_write, ret =  nil  
[2018/02/28 13:51:09 835] isr_local  2265 last gc at  1519825867  
[2018/02/28 13:51:09 853] isr_local  2126 ASR_LOCAL_MSG_AUW  
[2018/02/28 13:51:09 853] isr_local  1558 auwl =   682  
[2018/02/28 13:51:09 853] isr_local  2135 esr_audio_write, ret =  nil  
[2018/02/28 13:51:09 854] isr_local  2265 last gc at  1519825867  
[2018/02/28 13:51:09 875] isr_local  2126 ASR_LOCAL_MSG_AUW  
[2018/02/28 13:51:09 875] isr_local  1558 auwl =   682  
[2018/02/28 13:51:09 875] isr_local  2135 esr_audio_write, ret =  nil  
[2018/02/28 13:51:09 876] isr_local  2265 last gc at  1519825867  
[2018/02/28 13:51:09 896] isr_local  2126 ASR_LOCAL_MSG_AUW  
[2018/02/28 13:51:09 896] isr_local  1558 auwl =   682  
[2018/02/28 13:51:09 897] isr_local  2135 esr_audio_write, ret =  nil  
[2018/02/28 13:51:09 897] isr_local  2265 last gc at  1519825867  
[2018/02/28 13:51:09 938] isr_local  2126 ASR_LOCAL_MSG_AUW  
[2018/02/28 13:51:09 938] isr_local  1558 auwl =   682  
[2018/02/28 13:51:09 938] isr_local  2135 esr_audio_write, ret =  nil  
[2018/02/28 13:51:09 939] isr_local  2265 last gc at  1519825867  
[2018/02/28 13:51:09 960] isr_local  2126 ASR_LOCAL_MSG_AUW  
[2018/02/28 13:51:09 960] isr_local  1558 auwl =   682  
[2018/02/28 13:51:09 961] isr_local  2135 esr_audio_write, ret =  nil  
[2018/02/28 13:51:09 961] isr_local  2265 last gc at  1519825867  
[2018/02/28 13:51:09 981] isr_local  2126 ASR_LOCAL_MSG_AUW  
[2018/02/28 13:51:09 981] isr_local  1558 auwl =   682  
[2018/02/28 13:51:09 982] isr_local  2135 esr_audio_write, ret =  nil  
[2018/02/28 13:51:09 982] isr_local  2265 last gc at  1519825867  
[2018/02/28 13:51:10 003] isr_local  2126 ASR_LOCAL_MSG_AUW  
[2018/02/28 13:51:10 004] isr_local  1558 auwl =   682  
[2018/02/28 13:51:10 005] isr_local  2135 esr_audio_write, ret =  nil  
[2018/02/28 13:51:10 005] isr_local  2265 last gc at  1519825867  
[2018/02/28 13:51:10 005] isr_local  2126 ASR_LOCAL_MSG_AUW  
[2018/02/28 13:51:10 006] isr_local  1558 auwl =   682  
[2018/02/28 13:51:10 006] isr_local  2135 esr_audio_write, ret =  nil  
[2018/02/28 13:51:10 006] isr_local  2265 last gc at  1519825867  
[2018/02/28 13:51:10 024] isr_local  2126 ASR_LOCAL_MSG_AUW  
[2018/02/28 13:51:10 024] isr_local  1558 auwl =   682  
[2018/02/28 13:51:10 025] isr_local  2135 esr_audio_write, ret =  nil  
[2018/02/28 13:51:10 025] isr_local  2265 last gc at  1519825867  
[2018/02/28 13:51:10 045] isr_local  2126 ASR_LOCAL_MSG_AUW  
[2018/02/28 13:51:10 045] isr_local  1558 auwl =   682  
[2018/02/28 13:51:10 045] isr_local  2135 esr_audio_write, ret =  nil  
[2018/02/28 13:51:10 046] isr_local  2265 last gc at  1519825867  
[2018/02/28 13:51:10 067] isr_local  2126 ASR_LOCAL_MSG_AUW  
[2018/02/28 13:51:10 067] isr_local  1558 auwl =   682  
[2018/02/28 13:51:10 068] isr_local  2135 esr_audio_write, ret =  nil  
[2018/02/28 13:51:10 068] isr_local  2265 last gc at  1519825867  
[2018/02/28 13:51:10 109] isr_local  2126 ASR_LOCAL_MSG_AUW  
[2018/02/28 13:51:10 109] isr_local  1558 auwl =   682  
[2018/02/28 13:51:10 110] isr_local  2135 esr_audio_write, ret =  nil  
[2018/02/28 13:51:10 110] isr_local  2265 last gc at  1519825867  
[2018/02/28 13:51:10 140] isr_local  2126 ASR_LOCAL_MSG_AUW  
[2018/02/28 13:51:10 141] isr_local  1558 auwl =   682  
[2018/02/28 13:51:10 141] isr_local  2135 esr_audio_write, ret =  nil  
[2018/02/28 13:51:10 142] isr_local  2265 last gc at  1519825867  
[2018/02/28 13:51:10 152] isr_local  2126 ASR_LOCAL_MSG_AUW  
[2018/02/28 13:51:10 153] isr_local  1558 auwl =   682  
[2018/02/28 13:51:10 153] isr_local  2135 esr_audio_write, ret =  nil  
[2018/02/28 13:51:10 154] isr_local  2265 last gc at  1519825867  
[2018/02/28 13:51:10 154] isr_local  2126 ASR_LOCAL_MSG_AUW  
[2018/02/28 13:51:10 154] isr_local  1558 auwl =   682  
[2018/02/28 13:51:10 155] isr_local  2135 esr_audio_write, ret =  nil  
[2018/02/28 13:51:10 155] isr_local  2265 last gc at  1519825867  
[2018/02/28 13:51:10 173] isr_local  2126 ASR_LOCAL_MSG_AUW  
[2018/02/28 13:51:10 173] isr_local  1558 auwl =   682  
[2018/02/28 13:51:10 174] isr_local  2135 esr_audio_write, ret =  nil  
[2018/02/28 13:51:10 174] isr_local  2265 last gc at  1519825867  
[2018/02/28 13:51:10 195] isr_local  2126 ASR_LOCAL_MSG_AUW  
[2018/02/28 13:51:10 195] isr_local  1558 auwl =   682  
[2018/02/28 13:51:10 196] isr_local  2135 esr_audio_write, ret =  nil  
[2018/02/28 13:51:10 196] isr_local  2265 last gc at  1519825867  
[2018/02/28 13:51:10 216] isr_local  2126 ASR_LOCAL_MSG_AUW  
[2018/02/28 13:51:10 216] isr_local  1558 auwl =   682  
[2018/02/28 13:51:10 217] isr_local  2135 esr_audio_write, ret =  nil  
[2018/02/28 13:51:10 217] isr_local  2265 last gc at  1519825867  
[2018/02/28 13:51:10 237] isr_local  2126 ASR_LOCAL_MSG_AUW  
[2018/02/28 13:51:10 237] isr_local  1558 auwl =   682  
[2018/02/28 13:51:10 237] isr_local  2135 esr_audio_write, ret =  nil  
[2018/02/28 13:51:10 238] isr_local  2265 last gc at  1519825867  
[2018/02/28 13:51:10 280] isr_local  2126 ASR_LOCAL_MSG_AUW  
[2018/02/28 13:51:10 280] isr_local  1558 auwl =   682  
[2018/02/28 13:51:10 280] isr_local  2135 esr_audio_write, ret =  nil  
[2018/02/28 13:51:10 281] isr_local  2265 last gc at  1519825867  
[2018/02/28 13:51:10 310] isr_local  2126 ASR_LOCAL_MSG_AUW  
[2018/02/28 13:51:10 311] isr_local  1558 auwl =   682  
[2018/02/28 13:51:10 311] isr_local  2135 esr_audio_write, ret =  nil  
[2018/02/28 13:51:10 312] isr_local  2265 last gc at  1519825867  
[2018/02/28 13:51:10 323] isr_local  2126 ASR_LOCAL_MSG_AUW  
[2018/02/28 13:51:10 324] isr_local  1558 auwl =   682  
[2018/02/28 13:51:10 324] isr_local  2135 esr_audio_write, ret =  nil  
[2018/02/28 13:51:10 325] isr_local  2265 last gc at  1519825867  
[2018/02/28 13:51:10 325] isr_local  2126 ASR_LOCAL_MSG_AUW  
[2018/02/28 13:51:10 326] isr_local  1558 auwl =   682  
[2018/02/28 13:51:10 326] isr_local  2135 esr_audio_write, ret =  nil  
[2018/02/28 13:51:10 326] isr_local  2265 last gc at  1519825867  
[2018/02/28 13:51:10 344] isr_local  2126 ASR_LOCAL_MSG_AUW  
[2018/02/28 13:51:10 344] isr_local  1558 auwl =   682  
[2018/02/28 13:51:10 344] isr_local  2135 esr_audio_write, ret =  nil  
[2018/02/28 13:51:10 345] isr_local  2265 last gc at  1519825867  
[2018/02/28 13:51:10 365] isr_local  2126 ASR_LOCAL_MSG_AUW  
[2018/02/28 13:51:10 365] isr_local  1558 auwl =   682  
[2018/02/28 13:51:10 366] isr_local  2135 esr_audio_write, ret =  nil  
[2018/02/28 13:51:10 366] isr_local  2265 last gc at  1519825867  
[2018/02/28 13:51:10 387] isr_local  2126 ASR_LOCAL_MSG_AUW  
[2018/02/28 13:51:10 387] isr_local  1558 auwl =   682  
[2018/02/28 13:51:10 387] isr_local  2135 esr_audio_write, ret =  nil  
[2018/02/28 13:51:10 388] isr_local  2265 last gc at  1519825867  
[2018/02/28 13:51:10 429] isr_local  2126 ASR_LOCAL_MSG_AUW  
[2018/02/28 13:51:10 429] isr_local  1558 auwl =   682  
[2018/02/28 13:51:10 430] isr_local  2135 esr_audio_write, ret =  nil  
[2018/02/28 13:51:10 430] isr_local  2265 last gc at  1519825867  
[2018/02/28 13:51:10 451] isr_local  2126 ASR_LOCAL_MSG_AUW  
[2018/02/28 13:51:10 451] isr_local  1558 auwl =   682  
[2018/02/28 13:51:10 452] isr_local  2135 esr_audio_write, ret =  nil  
[2018/02/28 13:51:10 452] isr_local  2265 last gc at  1519825867  
[2018/02/28 13:51:10 472] isr_local  2126 ASR_LOCAL_MSG_AUW  
[2018/02/28 13:51:10 472] isr_local  1558 auwl =   682  
[2018/02/28 13:51:10 472] isr_local  2135 esr_audio_write, ret =  nil  
[2018/02/28 13:51:10 473] isr_local  2265 last gc at  1519825867  
[2018/02/28 13:51:10 493] isr_local  2126 ASR_LOCAL_MSG_AUW  
[2018/02/28 13:51:10 494] isr_local  1558 auwl =   682  
[2018/02/28 13:51:10 494] isr_local  2135 esr_audio_write, ret =  nil  
[2018/02/28 13:51:10 495] isr_local  2265 last gc at  1519825867  
[2018/02/28 13:51:10 495] isr_local  2126 ASR_LOCAL_MSG_AUW  
[2018/02/28 13:51:10 496] isr_local  1558 auwl =   682  
[2018/02/28 13:51:10 496] isr_local  2135 esr_audio_write, ret =  nil  
[2018/02/28 13:51:10 496] isr_local  2265 last gc at  1519825867  
[2018/02/28 13:51:10 515] isr_local  2126 ASR_LOCAL_MSG_AUW  
[2018/02/28 13:51:10 515] isr_local  1558 auwl =   682  
[2018/02/28 13:51:10 516] isr_local  2135 esr_audio_write, ret =  nil  
[2018/02/28 13:51:10 516] isr_local  2265 last gc at  1519825867  
[2018/02/28 13:51:10 536] isr_local  2126 ASR_LOCAL_MSG_AUW  
[2018/02/28 13:51:10 536] isr_local  1558 auwl =   682  
[2018/02/28 13:51:10 537] isr_local  2135 esr_audio_write, ret =  nil  
[2018/02/28 13:51:10 537] isr_local  2265 last gc at  1519825867  
[2018/02/28 13:51:10 557] isr_local  2126 ASR_LOCAL_MSG_AUW  
[2018/02/28 13:51:10 557] isr_local  1558 auwl =   682  
[2018/02/28 13:51:10 558] isr_local  2135 esr_audio_write, ret =  nil  
[2018/02/28 13:51:10 558] isr_local  2265 last gc at  1519825867  
[2018/02/28 13:51:10 600] isr_local  2126 ASR_LOCAL_MSG_AUW  
[2018/02/28 13:51:10 600] isr_local  1558 auwl =   682  
[2018/02/28 13:51:10 600] isr_local  2135 esr_audio_write, ret =  nil  
[2018/02/28 13:51:10 601] isr_local  2265 last gc at  1519825867  
[2018/02/28 13:51:10 621] isr_local  2126 ASR_LOCAL_MSG_AUW  
[2018/02/28 13:51:10 621] isr_local  1558 auwl =   682  
[2018/02/28 13:51:10 622] isr_local  2135 esr_audio_write, ret =  nil  
[2018/02/28 13:51:10 622] isr_local  2265 last gc at  1519825867  
[2018/02/28 13:51:10 643] isr_local  2126 ASR_LOCAL_MSG_AUW  
[2018/02/28 13:51:10 644] isr_local  1558 auwl =   682  
[2018/02/28 13:51:10 644] isr_local  2135 esr_audio_write, ret =  nil  
[2018/02/28 13:51:10 645] isr_local  2265 last gc at  1519825867  
[2018/02/28 13:51:10 645] isr_local  2126 ASR_LOCAL_MSG_AUW  
[2018/02/28 13:51:10 646] isr_local  1558 auwl =   682  
[2018/02/28 13:51:10 646] isr_local  2135 esr_audio_write, ret =  nil  
[2018/02/28 13:51:10 646] isr_local  2265 last gc at  1519825867  
[2018/02/28 13:51:10 664] isr_local  2126 ASR_LOCAL_MSG_AUW  
[2018/02/28 13:51:10 664] isr_local  1558 auwl =   682  
[2018/02/28 13:51:10 664] isr_local  2135 esr_audio_write, ret =  nil  
[2018/02/28 13:51:10 665] isr_local  2265 last gc at  1519825867  
[2018/02/28 13:51:10 685] isr_local  2126 ASR_LOCAL_MSG_AUW  
[2018/02/28 13:51:10 685] isr_local  1558 auwl =   682  
[2018/02/28 13:51:10 685] isr_local  2135 esr_audio_write, ret =  nil  
[2018/02/28 13:51:10 686] isr_local  2265 last gc at  1519825867  
[2018/02/28 13:51:10 707] isr_local  2126 ASR_LOCAL_MSG_AUW  
[2018/02/28 13:51:10 707] isr_local  1558 auwl =   682  
[2018/02/28 13:51:10 708] isr_local  2135 esr_audio_write, ret =  nil  
[2018/02/28 13:51:10 708] isr_local  2265 last gc at  1519825867  
[2018/02/28 13:51:10 749] isr_local  2126 ASR_LOCAL_MSG_AUW  
[2018/02/28 13:51:10 749] isr_local  1558 auwl =   682  
[2018/02/28 13:51:10 750] isr_local  2135 esr_audio_write, ret =  nil  
[2018/02/28 13:51:10 750] isr_local  2265 last gc at  1519825867  
[2018/02/28 13:51:10 771] isr_local  2126 ASR_LOCAL_MSG_AUW  
[2018/02/28 13:51:10 771] isr_local  1558 auwl =   682  
[2018/02/28 13:51:10 772] isr_local  2135 esr_audio_write, ret =  nil  
[2018/02/28 13:51:10 772] isr_local  2265 last gc at  1519825867  
[2018/02/28 13:51:10 792] isr_local  2126 ASR_LOCAL_MSG_AUW  
[2018/02/28 13:51:10 792] isr_local  1558 auwl =   682  
[2018/02/28 13:51:10 792] isr_local  2135 esr_audio_write, ret =  nil  
[2018/02/28 13:51:10 793] isr_local  2265 last gc at  1519825867  
[2018/02/28 13:51:10 813] isr_local  2126 ASR_LOCAL_MSG_AUW  
[2018/02/28 13:51:10 814] isr_local  1558 auwl =   682  
[2018/02/28 13:51:10 815] isr_local  2135 esr_audio_write, ret =  nil  
[2018/02/28 13:51:10 815] isr_local  2265 last gc at  1519825867  
[2018/02/28 13:51:10 815] isr_local  2126 ASR_LOCAL_MSG_AUW  
[2018/02/28 13:51:10 816] isr_local  1558 auwl =   682  
[2018/02/28 13:51:10 816] isr_local  2135 esr_audio_write, ret =  nil  
[2018/02/28 13:51:10 816] isr_local  2265 last gc at  1519825867  
[2018/02/28 13:51:10 835] isr_local  2126 ASR_LOCAL_MSG_AUW  
[2018/02/28 13:51:10 835] isr_local  1558 auwl =   682  
[2018/02/28 13:51:10 835] isr_local  2135 esr_audio_write, ret =  nil  
[2018/02/28 13:51:10 836] isr_local  2265 last gc at  1519825867  
[2018/02/28 13:51:10 856] isr_local  2126 ASR_LOCAL_MSG_AUW  
[2018/02/28 13:51:10 856] isr_local  1558 auwl =   682  
[2018/02/28 13:51:10 857] isr_local  2135 esr_audio_write, ret =  nil  
[2018/02/28 13:51:10 857] isr_local  2265 last gc at  1519825867  
[2018/02/28 13:51:10 877] isr_local  2126 ASR_LOCAL_MSG_AUW  
[2018/02/28 13:51:10 877] isr_local  1558 auwl =   682  
[2018/02/28 13:51:10 878] isr_local  2135 esr_audio_write, ret =  nil  
[2018/02/28 13:51:10 878] isr_local  2265 last gc at  1519825867  
[2018/02/28 13:51:10 920] isr_local  2126 ASR_LOCAL_MSG_AUW  
[2018/02/28 13:51:10 920] isr_local  1558 auwl =   682  
[2018/02/28 13:51:10 921] isr_local  2135 esr_audio_write, ret =  nil  
[2018/02/28 13:51:10 921] isr_local  2265 last gc at  1519825867  
[2018/02/28 13:51:10 941] isr_local  2126 ASR_LOCAL_MSG_AUW  
[2018/02/28 13:51:10 941] isr_local  1558 auwl =   682  
[2018/02/28 13:51:10 942] isr_local  2135 esr_audio_write, ret =  nil  
[2018/02/28 13:51:10 942] isr_local  2265 last gc at  1519825867  
[2018/02/28 13:51:10 963] isr_local  2126 ASR_LOCAL_MSG_AUW  
[2018/02/28 13:51:10 963] isr_local  1558 auwl =   682  
[2018/02/28 13:51:10 963] isr_local  2135 esr_audio_write, ret =  nil  
[2018/02/28 13:51:10 964] isr_local  2265 last gc at  1519825867  
[2018/02/28 13:51:10 984] isr_local  2126 ASR_LOCAL_MSG_AUW  
[2018/02/28 13:51:10 985] isr_local  1558 auwl =   682  
[2018/02/28 13:51:10 986] isr_local  2135 esr_audio_write, ret =  nil  
[2018/02/28 13:51:10 986] isr_local  2265 last gc at  1519825867  
[2018/02/28 13:51:10 987] isr_local  2126 ASR_LOCAL_MSG_AUW  
[2018/02/28 13:51:10 987] isr_local  1558 auwl =   682  
[2018/02/28 13:51:10 987] isr_local  2135 esr_audio_write, ret =  nil  
[2018/02/28 13:51:10 987] isr_local  2265 last gc at  1519825867  
[2018/02/28 13:51:11 005] isr_local  2126 ASR_LOCAL_MSG_AUW  
[2018/02/28 13:51:11 005] isr_local  1558 auwl =   682  
[2018/02/28 13:51:11 005] isr_local  2135 esr_audio_write, ret =  nil  
[2018/02/28 13:51:11 006] isr_local  2265 last gc at  1519825867  
[2018/02/28 13:51:11 027] isr_local  2126 ASR_LOCAL_MSG_AUW  
[2018/02/28 13:51:11 027] isr_local  1558 auwl =   682  
[2018/02/28 13:51:11 028] isr_local  2135 esr_audio_write, ret =  nil  
[2018/02/28 13:51:11 028] isr_local  2265 last gc at  1519825867  
[2018/02/28 13:51:11 048] isr_local  2126 ASR_LOCAL_MSG_AUW  
[2018/02/28 13:51:11 048] isr_local  1558 auwl =   682  
[2018/02/28 13:51:11 049] isr_local  2135 esr_audio_write, ret =  nil  
[2018/02/28 13:51:11 049] isr_local  2265 last gc at  1519825867  
[2018/02/28 13:51:11 091] isr_local  2126 ASR_LOCAL_MSG_AUW  
[2018/02/28 13:51:11 091] isr_local  1558 auwl =   682  
[2018/02/28 13:51:11 092] isr_local  2135 esr_audio_write, ret =  nil  
[2018/02/28 13:51:11 092] isr_local  2265 last gc at  1519825867  
[2018/02/28 13:51:11 112] isr_local  2126 ASR_LOCAL_MSG_AUW  
[2018/02/28 13:51:11 112] isr_local  1558 auwl =   682  
[2018/02/28 13:51:11 112] isr_local  2135 esr_audio_write, ret =  nil  
[2018/02/28 13:51:11 113] isr_local  2265 last gc at  1519825867  
[2018/02/28 13:51:11 134] isr_local  2126 ASR_LOCAL_MSG_AUW  
[2018/02/28 13:51:11 135] isr_local  1558 auwl =   682  
[2018/02/28 13:51:11 136] isr_local  2135 esr_audio_write, ret =  nil  
[2018/02/28 13:51:11 136] isr_local  2265 last gc at  1519825867  
[2018/02/28 13:51:11 137] isr_local  2126 ASR_LOCAL_MSG_AUW  
[2018/02/28 13:51:11 137] isr_local  1558 auwl =   682  
[2018/02/28 13:51:11 137] isr_local  2135 esr_audio_write, ret =  nil  
[2018/02/28 13:51:11 138] isr_local  2265 last gc at  1519825867  
[2018/02/28 13:51:11 155] isr_local  2126 ASR_LOCAL_MSG_AUW  
[2018/02/28 13:51:11 155] isr_local  1558 auwl =   682  
[2018/02/28 13:51:11 156] isr_local  2135 esr_audio_write, ret =  nil  
[2018/02/28 13:51:11 156] isr_local  2265 last gc at  1519825867  
[2018/02/28 13:51:11 176] isr_local  2126 ASR_LOCAL_MSG_AUW  
[2018/02/28 13:51:11 176] isr_local  1558 auwl =   682  
[2018/02/28 13:51:11 177] isr_local  2135 esr_audio_write, ret =  nil  
[2018/02/28 13:51:11 177] isr_local  2265 last gc at  1519825867  
[2018/02/28 13:51:11 198] isr_local  2126 ASR_LOCAL_MSG_AUW  
[2018/02/28 13:51:11 198] isr_local  1558 auwl =   682  
[2018/02/28 13:51:11 199] isr_local  2135 esr_audio_write, ret =  nil  
[2018/02/28 13:51:11 199] isr_local  2265 last gc at  1519825867  
[2018/02/28 13:51:11 216] isr_local  675  recognized end!  
[2018/02/28 13:51:11 240] isr_local  2126 ASR_LOCAL_MSG_AUW  
[2018/02/28 13:51:11 241] isr_local  1558 auwl =   682  
[2018/02/28 13:51:11 241] isr_local  2135 esr_audio_write, ret =  nil  
[2018/02/28 13:51:11 241] isr_local  2265 last gc at  1519825867  
[2018/02/28 13:51:11 346] isr_local  2140 ASR_LOCAL_MSG_SSE  
[2018/02/28 13:51:11 346] isr_local  1518 esr_session_end | esr_obj:stop ret =  0  
[2018/02/28 13:51:11 347] isr_local  2142 esr_session_end, ret =  0  
[2018/02/28 13:51:11 355] isr_local  2265 last gc at  1519825867  
[2018/02/28 13:51:11 416] isr_local  638  local engine already stopped! stop cmd ignored  
[2018/02/28 13:51:13 486] isr_local  2206 SYS_MSG_REGCB_LOCAL| param0 =  local_service_cbmsg  
[2018/02/28 13:51:13 486] isr_local  2265 last gc at  1519825867  
[2018/02/28 13:51:13 487] isr_local  2114 ASR_LOCAL_MSG_SSB  
[2018/02/28 13:51:13 487] isr_local  1251 esr_session_begin | params:  engine_type=local,asr_res_path=fo|res/asr/common.jet,sample_rate=16000,grm_build_path=res/asr/GrmBuilld,local_grammar=call,result_type=xml,result_encoding=UTF-8  
[2018/02/28 13:51:13 487] isr_local  803  engine_type  :  local  
[2018/02/28 13:51:13 488] isr_local  803  asr_res_path  :  fo|res/asr/common.jet  
[2018/02/28 13:51:13 488] isr_local  803  sample_rate  :  16000  
[2018/02/28 13:51:13 488] isr_local  803  grm_build_path  :  res/asr/GrmBuilld  
[2018/02/28 13:51:13 488] isr_local  803  local_grammar  :  call  
[2018/02/28 13:51:13 489] isr_local  803  result_type  :  xml  
[2018/02/28 13:51:13 489] isr_local  803  result_encoding  :  UTF-8  
[2018/02/28 13:51:13 489] isr_local  1294 authorized_aitalk=  1  
[2018/02/28 13:51:13 489] isr_local  1295 forbid_aitalk=  0  
[2018/02/28 13:51:13 491] isr_local  2038 commit path:   res/asr/GrmBuilld/temp/commit  
[2018/02/28 13:51:13 497] isr_local  2076 commit success!  
[2018/02/28 13:51:13 499] isr_local  1409 esr_session_begin | esr_obj:start ret =  0  
[2018/02/28 13:51:13 499] isr_local  2122 esr_session_begin, ret =   0  
[2018/02/28 13:51:13 500] isr_local  2265 last gc at  1519825867  
[2018/02/28 13:51:13 577] isr_local  2126 ASR_LOCAL_MSG_AUW  
[2018/02/28 13:51:13 578] isr_local  601  audio buffered :   udata(74e4d668) 1  
[2018/02/28 13:51:13 579] isr_local  2265 last gc at  1519825867  
[2018/02/28 13:51:13 599] isr_local  2126 ASR_LOCAL_MSG_AUW  
[2018/02/28 13:51:13 599] isr_local  601  audio buffered :   udata(74edcf18) 2  
[2018/02/28 13:51:13 599] isr_local  2265 last gc at  1519825867  
[2018/02/28 13:51:13 600] isr_local  655  local engine ready  
[2018/02/28 13:51:13 600] isr_local  585  esr_flush_buf_audio buffer audio num:  2  
[2018/02/28 13:51:13 601] isr_local  1558 auwl =   682  
[2018/02/28 13:51:13 601] isr_local  590  esr_audio_write, ret =  0  
[2018/02/28 13:51:13 601] isr_local  1558 auwl =   682  
[2018/02/28 13:51:13 602] isr_local  590  esr_audio_write, ret =  0  
[2018/02/28 13:51:13 602] isr_local  630  local engine started  
[2018/02/28 13:51:13 620] isr_local  2126 ASR_LOCAL_MSG_AUW  
[2018/02/28 13:51:13 621] isr_local  1558 auwl =   682  
[2018/02/28 13:51:13 622] isr_local  2135 esr_audio_write, ret =  nil  
[2018/02/28 13:51:13 622] isr_local  2265 last gc at  1519825867  
[2018/02/28 13:51:13 623] isr_local  2126 ASR_LOCAL_MSG_AUW  
[2018/02/28 13:51:13 623] isr_local  1558 auwl =   682  
[2018/02/28 13:51:13 623] isr_local  2135 esr_audio_write, ret =  nil  
[2018/02/28 13:51:13 624] isr_local  2265 last gc at  1519825867  
[2018/02/28 13:51:13 642] isr_local  2126 ASR_LOCAL_MSG_AUW  
[2018/02/28 13:51:13 642] isr_local  1558 auwl =   682  
[2018/02/28 13:51:13 643] isr_local  2135 esr_audio_write, ret =  nil  
[2018/02/28 13:51:13 643] isr_local  2265 last gc at  1519825867  
[2018/02/28 13:51:13 663] isr_local  2126 ASR_LOCAL_MSG_AUW  
[2018/02/28 13:51:13 663] isr_local  1558 auwl =   682  
[2018/02/28 13:51:13 664] isr_local  2135 esr_audio_write, ret =  nil  
[2018/02/28 13:51:13 664] isr_local  2265 last gc at  1519825867  
[2018/02/28 13:51:13 684] isr_local  2126 ASR_LOCAL_MSG_AUW  
[2018/02/28 13:51:13 685] isr_local  1558 auwl =   682  
[2018/02/28 13:51:13 685] isr_local  2135 esr_audio_write, ret =  nil  
[2018/02/28 13:51:13 685] isr_local  2265 last gc at  1519825867  
[2018/02/28 13:51:13 727] isr_local  2126 ASR_LOCAL_MSG_AUW  
[2018/02/28 13:51:13 728] isr_local  1558 auwl =   682  
[2018/02/28 13:51:13 728] isr_local  2135 esr_audio_write, ret =  nil  
[2018/02/28 13:51:13 728] isr_local  2265 last gc at  1519825867  
[2018/02/28 13:51:13 752] isr_local  2126 ASR_LOCAL_MSG_AUW  
[2018/02/28 13:51:13 752] isr_local  1558 auwl =   682  
[2018/02/28 13:51:13 753] isr_local  2135 esr_audio_write, ret =  nil  
[2018/02/28 13:51:13 753] isr_local  2265 last gc at  1519825867  
[2018/02/28 13:51:13 769] isr_local  2126 ASR_LOCAL_MSG_AUW  
[2018/02/28 13:51:13 770] isr_local  1558 auwl =   682  
[2018/02/28 13:51:13 770] isr_local  2135 esr_audio_write, ret =  nil  
[2018/02/28 13:51:13 770] isr_local  2265 last gc at  1519825867  
[2018/02/28 13:51:13 792] isr_local  2126 ASR_LOCAL_MSG_AUW  
[2018/02/28 13:51:13 792] isr_local  1558 auwl =   682  
[2018/02/28 13:51:13 793] isr_local  2135 esr_audio_write, ret =  nil  
[2018/02/28 13:51:13 793] isr_local  2265 last gc at  1519825867  
[2018/02/28 13:51:13 794] isr_local  2126 ASR_LOCAL_MSG_AUW  
[2018/02/28 13:51:13 794] isr_local  1558 auwl =   682  
[2018/02/28 13:51:13 794] isr_local  2135 esr_audio_write, ret =  nil  
[2018/02/28 13:51:13 795] isr_local  2265 last gc at  1519825867  
[2018/02/28 13:51:13 812] isr_local  2126 ASR_LOCAL_MSG_AUW  
[2018/02/28 13:51:13 812] isr_local  1558 auwl =   682  
[2018/02/28 13:51:13 813] isr_local  2135 esr_audio_write, ret =  nil  
[2018/02/28 13:51:13 813] isr_local  2265 last gc at  1519825867  
[2018/02/28 13:51:13 833] isr_local  2126 ASR_LOCAL_MSG_AUW  
[2018/02/28 13:51:13 833] isr_local  1558 auwl =   682  
[2018/02/28 13:51:13 833] isr_local  2135 esr_audio_write, ret =  nil  
[2018/02/28 13:51:13 834] isr_local  2265 last gc at  1519825867  
[2018/02/28 13:51:13 855] isr_local  2126 ASR_LOCAL_MSG_AUW  
[2018/02/28 13:51:13 855] isr_local  1558 auwl =   682  
[2018/02/28 13:51:13 855] isr_local  2135 esr_audio_write, ret =  nil  
[2018/02/28 13:51:13 856] isr_local  2265 last gc at  1519825867  
[2018/02/28 13:51:13 897] isr_local  2126 ASR_LOCAL_MSG_AUW  
[2018/02/28 13:51:13 897] isr_local  1558 auwl =   682  
[2018/02/28 13:51:13 898] isr_local  2135 esr_audio_write, ret =  nil  
[2018/02/28 13:51:13 898] isr_local  2265 last gc at  1519825867  
[2018/02/28 13:51:13 919] isr_local  2126 ASR_LOCAL_MSG_AUW  
[2018/02/28 13:51:13 919] isr_local  1558 auwl =   682  
[2018/02/28 13:51:13 919] isr_local  2135 esr_audio_write, ret =  nil  
[2018/02/28 13:51:13 920] isr_local  2265 last gc at  1519825867  
[2018/02/28 13:51:13 940] isr_local  2126 ASR_LOCAL_MSG_AUW  
[2018/02/28 13:51:13 941] isr_local  1558 auwl =   682  
[2018/02/28 13:51:13 942] isr_local  2135 esr_audio_write, ret =  nil  
[2018/02/28 13:51:13 942] isr_local  2265 last gc at  1519825867  
[2018/02/28 13:51:13 942] isr_local  2126 ASR_LOCAL_MSG_AUW  
[2018/02/28 13:51:13 943] isr_local  1558 auwl =   682  
[2018/02/28 13:51:13 943] isr_local  2135 esr_audio_write, ret =  nil  
[2018/02/28 13:51:13 943] isr_local  2265 last gc at  1519825867  
[2018/02/28 13:51:13 961] isr_local  2126 ASR_LOCAL_MSG_AUW  
[2018/02/28 13:51:13 961] isr_local  1558 auwl =   682  
[2018/02/28 13:51:13 961] isr_local  2135 esr_audio_write, ret =  nil  
[2018/02/28 13:51:13 962] isr_local  2265 last gc at  1519825867  
[2018/02/28 13:51:13 982] isr_local  2126 ASR_LOCAL_MSG_AUW  
[2018/02/28 13:51:13 983] isr_local  1558 auwl =   682  
[2018/02/28 13:51:13 983] isr_local  2135 esr_audio_write, ret =  nil  
[2018/02/28 13:51:13 984] isr_local  2265 last gc at  1519825867  
[2018/02/28 13:51:14 004] isr_local  2126 ASR_LOCAL_MSG_AUW  
[2018/02/28 13:51:14 004] isr_local  1558 auwl =   682  
[2018/02/28 13:51:14 004] isr_local  2135 esr_audio_write, ret =  nil  
[2018/02/28 13:51:14 005] isr_local  2265 last gc at  1519825867  
[2018/02/28 13:51:14 047] isr_local  2126 ASR_LOCAL_MSG_AUW  
[2018/02/28 13:51:14 047] isr_local  1558 auwl =   682  
[2018/02/28 13:51:14 047] isr_local  2135 esr_audio_write, ret =  nil  
[2018/02/28 13:51:14 048] isr_local  2265 last gc at  1519825867  
[2018/02/28 13:51:14 068] isr_local  2126 ASR_LOCAL_MSG_AUW  
[2018/02/28 13:51:14 068] isr_local  1558 auwl =   682  
[2018/02/28 13:51:14 069] isr_local  2135 esr_audio_write, ret =  nil  
[2018/02/28 13:51:14 069] isr_local  2265 last gc at  1519825867  
[2018/02/28 13:51:14 089] isr_local  2126 ASR_LOCAL_MSG_AUW  
[2018/02/28 13:51:14 089] isr_local  1558 auwl =   682  
[2018/02/28 13:51:14 089] isr_local  2135 esr_audio_write, ret =  nil  
[2018/02/28 13:51:14 090] isr_local  2265 last gc at  1519825867  
[2018/02/28 13:51:14 111] isr_local  2126 ASR_LOCAL_MSG_AUW  
[2018/02/28 13:51:14 112] isr_local  1558 auwl =   682  
[2018/02/28 13:51:14 112] isr_local  2135 esr_audio_write, ret =  nil  
[2018/02/28 13:51:14 113] isr_local  2265 last gc at  1519825867  
[2018/02/28 13:51:14 113] isr_local  2126 ASR_LOCAL_MSG_AUW  
[2018/02/28 13:51:14 114] isr_local  1558 auwl =   682  
[2018/02/28 13:51:14 114] isr_local  2135 esr_audio_write, ret =  nil  
[2018/02/28 13:51:14 114] isr_local  2265 last gc at  1519825867  
[2018/02/28 13:51:14 132] isr_local  2126 ASR_LOCAL_MSG_AUW  
[2018/02/28 13:51:14 132] isr_local  1558 auwl =   682  
[2018/02/28 13:51:14 132] isr_local  2135 esr_audio_write, ret =  nil  
[2018/02/28 13:51:14 133] isr_local  2265 last gc at  1519825867  
[2018/02/28 13:51:14 153] isr_local  2126 ASR_LOCAL_MSG_AUW  
[2018/02/28 13:51:14 153] isr_local  1558 auwl =   682  
[2018/02/28 13:51:14 153] isr_local  2135 esr_audio_write, ret =  nil  
[2018/02/28 13:51:14 154] isr_local  2265 last gc at  1519825867  
[2018/02/28 13:51:14 174] isr_local  2126 ASR_LOCAL_MSG_AUW  
[2018/02/28 13:51:14 175] isr_local  1558 auwl =   682  
[2018/02/28 13:51:14 175] isr_local  2135 esr_audio_write, ret =  nil  
[2018/02/28 13:51:14 176] isr_local  2265 last gc at  1519825867  
[2018/02/28 13:51:14 217] isr_local  2126 ASR_LOCAL_MSG_AUW  
[2018/02/28 13:51:14 217] isr_local  1558 auwl =   682  
[2018/02/28 13:51:14 217] isr_local  2135 esr_audio_write, ret =  nil  
[2018/02/28 13:51:14 218] isr_local  2265 last gc at  1519825867  
[2018/02/28 13:51:14 239] isr_local  2126 ASR_LOCAL_MSG_AUW  
[2018/02/28 13:51:14 239] isr_local  1558 auwl =   682  
[2018/02/28 13:51:14 239] isr_local  2135 esr_audio_write, ret =  nil  
[2018/02/28 13:51:14 240] isr_local  2265 last gc at  1519825867  
[2018/02/28 13:51:14 260] isr_local  2126 ASR_LOCAL_MSG_AUW  
[2018/02/28 13:51:14 260] isr_local  1558 auwl =   682  
[2018/02/28 13:51:14 260] isr_local  2135 esr_audio_write, ret =  nil  
[2018/02/28 13:51:14 261] isr_local  2265 last gc at  1519825867  
[2018/02/28 13:51:14 281] isr_local  2126 ASR_LOCAL_MSG_AUW  
[2018/02/28 13:51:14 282] isr_local  1558 auwl =   682  
[2018/02/28 13:51:14 282] isr_local  2135 esr_audio_write, ret =  nil  
[2018/02/28 13:51:14 283] isr_local  2265 last gc at  1519825867  
[2018/02/28 13:51:14 283] isr_local  2126 ASR_LOCAL_MSG_AUW  
[2018/02/28 13:51:14 284] isr_local  1558 auwl =   682  
[2018/02/28 13:51:14 284] isr_local  2135 esr_audio_write, ret =  nil  
[2018/02/28 13:51:14 284] isr_local  2265 last gc at  1519825867  
[2018/02/28 13:51:14 303] isr_local  2126 ASR_LOCAL_MSG_AUW  
[2018/02/28 13:51:14 303] isr_local  1558 auwl =   682  
[2018/02/28 13:51:14 303] isr_local  2135 esr_audio_write, ret =  nil  
[2018/02/28 13:51:14 304] isr_local  2265 last gc at  1519825867  
[2018/02/28 13:51:14 324] isr_local  2126 ASR_LOCAL_MSG_AUW  
[2018/02/28 13:51:14 324] isr_local  1558 auwl =   682  
[2018/02/28 13:51:14 324] isr_local  2135 esr_audio_write, ret =  nil  
[2018/02/28 13:51:14 325] isr_local  2265 last gc at  1519825867  
[2018/02/28 13:51:14 345] isr_local  2126 ASR_LOCAL_MSG_AUW  
[2018/02/28 13:51:14 345] isr_local  1558 auwl =   682  
[2018/02/28 13:51:14 345] isr_local  2135 esr_audio_write, ret =  nil  
[2018/02/28 13:51:14 346] isr_local  2265 last gc at  1519825867  
[2018/02/28 13:51:14 388] isr_local  2126 ASR_LOCAL_MSG_AUW  
[2018/02/28 13:51:14 388] isr_local  1558 auwl =   682  
[2018/02/28 13:51:14 389] isr_local  2135 esr_audio_write, ret =  nil  
[2018/02/28 13:51:14 389] isr_local  2265 last gc at  1519825867  
[2018/02/28 13:51:14 409] isr_local  2126 ASR_LOCAL_MSG_AUW  
[2018/02/28 13:51:14 409] isr_local  1558 auwl =   682  
[2018/02/28 13:51:14 410] isr_local  2135 esr_audio_write, ret =  nil  
[2018/02/28 13:51:14 410] isr_local  2265 last gc at  1519825867  
[2018/02/28 13:51:14 431] isr_local  2126 ASR_LOCAL_MSG_AUW  
[2018/02/28 13:51:14 432] isr_local  1558 auwl =   682  
[2018/02/28 13:51:14 433] isr_local  2135 esr_audio_write, ret =  nil  
[2018/02/28 13:51:14 433] isr_local  2265 last gc at  1519825867  
[2018/02/28 13:51:14 433] isr_local  2126 ASR_LOCAL_MSG_AUW  
[2018/02/28 13:51:14 434] isr_local  1558 auwl =   682  
[2018/02/28 13:51:14 434] isr_local  2135 esr_audio_write, ret =  nil  
[2018/02/28 13:51:14 434] isr_local  2265 last gc at  1519825867  
[2018/02/28 13:51:14 452] isr_local  2126 ASR_LOCAL_MSG_AUW  
[2018/02/28 13:51:14 452] isr_local  1558 auwl =   682  
[2018/02/28 13:51:14 452] isr_local  2135 esr_audio_write, ret =  nil  
[2018/02/28 13:51:14 453] isr_local  2265 last gc at  1519825867  
[2018/02/28 13:51:14 473] isr_local  2126 ASR_LOCAL_MSG_AUW  
[2018/02/28 13:51:14 473] isr_local  1558 auwl =   682  
[2018/02/28 13:51:14 473] isr_local  2135 esr_audio_write, ret =  nil  
[2018/02/28 13:51:14 474] isr_local  2265 last gc at  1519825867  
[2018/02/28 13:51:14 495] isr_local  2126 ASR_LOCAL_MSG_AUW  
[2018/02/28 13:51:14 495] isr_local  1558 auwl =   682  
[2018/02/28 13:51:14 495] isr_local  2135 esr_audio_write, ret =  nil  
[2018/02/28 13:51:14 496] isr_local  2265 last gc at  1519825867  
[2018/02/28 13:51:14 537] isr_local  2126 ASR_LOCAL_MSG_AUW  
[2018/02/28 13:51:14 537] isr_local  1558 auwl =   682  
[2018/02/28 13:51:14 538] isr_local  2135 esr_audio_write, ret =  nil  
[2018/02/28 13:51:14 538] isr_local  2265 last gc at  1519825867  
[2018/02/28 13:51:14 559] isr_local  2126 ASR_LOCAL_MSG_AUW  
[2018/02/28 13:51:14 559] isr_local  1558 auwl =   682  
[2018/02/28 13:51:14 560] isr_local  2135 esr_audio_write, ret =  nil  
[2018/02/28 13:51:14 560] isr_local  2265 last gc at  1519825867  
[2018/02/28 13:51:14 580] isr_local  2126 ASR_LOCAL_MSG_AUW  
[2018/02/28 13:51:14 580] isr_local  1558 auwl =   682  
[2018/02/28 13:51:14 580] isr_local  2135 esr_audio_write, ret =  nil  
[2018/02/28 13:51:14 581] isr_local  2265 last gc at  1519825867  
[2018/02/28 13:51:14 601] isr_local  2126 ASR_LOCAL_MSG_AUW  
[2018/02/28 13:51:14 602] isr_local  1558 auwl =   682  
[2018/02/28 13:51:14 602] isr_local  2135 esr_audio_write, ret =  nil  
[2018/02/28 13:51:14 603] isr_local  2265 last gc at  1519825867  
[2018/02/28 13:51:14 603] isr_local  2126 ASR_LOCAL_MSG_AUW  
[2018/02/28 13:51:14 604] isr_local  1558 auwl =   682  
[2018/02/28 13:51:14 604] isr_local  2135 esr_audio_write, ret =  nil  
[2018/02/28 13:51:14 604] isr_local  2265 last gc at  1519825867  
[2018/02/28 13:51:14 623] isr_local  2126 ASR_LOCAL_MSG_AUW  
[2018/02/28 13:51:14 623] isr_local  1558 auwl =   682  
[2018/02/28 13:51:14 623] isr_local  2135 esr_audio_write, ret =  nil  
[2018/02/28 13:51:14 624] isr_local  2265 last gc at  1519825867  
[2018/02/28 13:51:14 644] isr_local  2126 ASR_LOCAL_MSG_AUW  
[2018/02/28 13:51:14 644] isr_local  1558 auwl =   682  
[2018/02/28 13:51:14 644] isr_local  2135 esr_audio_write, ret =  nil  
[2018/02/28 13:51:14 645] isr_local  2265 last gc at  1519825867  
[2018/02/28 13:51:14 665] isr_local  2126 ASR_LOCAL_MSG_AUW  
[2018/02/28 13:51:14 665] isr_local  1558 auwl =   682  
[2018/02/28 13:51:14 665] isr_local  2135 esr_audio_write, ret =  nil  
[2018/02/28 13:51:14 666] isr_local  2265 last gc at  1519825867  
[2018/02/28 13:51:14 708] isr_local  2126 ASR_LOCAL_MSG_AUW  
[2018/02/28 13:51:14 708] isr_local  1558 auwl =   682  
[2018/02/28 13:51:14 708] isr_local  2135 esr_audio_write, ret =  nil  
[2018/02/28 13:51:14 709] isr_local  2265 last gc at  1519825867  
[2018/02/28 13:51:14 729] isr_local  2126 ASR_LOCAL_MSG_AUW  
[2018/02/28 13:51:14 729] isr_local  1558 auwl =   682  
[2018/02/28 13:51:14 729] isr_local  2135 esr_audio_write, ret =  nil  
[2018/02/28 13:51:14 730] isr_local  2265 last gc at  1519825867  
[2018/02/28 13:51:14 751] isr_local  2126 ASR_LOCAL_MSG_AUW  
[2018/02/28 13:51:14 752] isr_local  1558 auwl =   682  
[2018/02/28 13:51:14 753] isr_local  2135 esr_audio_write, ret =  nil  
[2018/02/28 13:51:14 753] isr_local  2265 last gc at  1519825867  
[2018/02/28 13:51:14 754] isr_local  2126 ASR_LOCAL_MSG_AUW  
[2018/02/28 13:51:14 754] isr_local  1558 auwl =   682  
[2018/02/28 13:51:14 754] isr_local  2135 esr_audio_write, ret =  nil  
[2018/02/28 13:51:14 754] isr_local  2265 last gc at  1519825867  
[2018/02/28 13:51:14 772] isr_local  2126 ASR_LOCAL_MSG_AUW  
[2018/02/28 13:51:14 772] isr_local  1558 auwl =   682  
[2018/02/28 13:51:14 772] isr_local  2135 esr_audio_write, ret =  nil  
[2018/02/28 13:51:14 773] isr_local  2265 last gc at  1519825867  
[2018/02/28 13:51:14 792] isr_local  2126 ASR_LOCAL_MSG_AUW  
[2018/02/28 13:51:14 793] isr_local  1558 auwl =   682  
[2018/02/28 13:51:14 793] isr_local  2135 esr_audio_write, ret =  nil  
[2018/02/28 13:51:14 794] isr_local  2265 last gc at  1519825867  
[2018/02/28 13:51:14 814] isr_local  2126 ASR_LOCAL_MSG_AUW  
[2018/02/28 13:51:14 815] isr_local  1558 auwl =   682  
[2018/02/28 13:51:14 815] isr_local  2135 esr_audio_write, ret =  nil  
[2018/02/28 13:51:14 816] isr_local  2265 last gc at  1519825867  
[2018/02/28 13:51:14 856] isr_local  2126 ASR_LOCAL_MSG_AUW  
[2018/02/28 13:51:14 857] isr_local  1558 auwl =   682  
[2018/02/28 13:51:14 857] isr_local  2135 esr_audio_write, ret =  nil  
[2018/02/28 13:51:14 858] isr_local  2265 last gc at  1519825867  
[2018/02/28 13:51:14 879] isr_local  2126 ASR_LOCAL_MSG_AUW  
[2018/02/28 13:51:14 879] isr_local  1558 auwl =   682  
[2018/02/28 13:51:14 879] isr_local  2135 esr_audio_write, ret =  nil  
[2018/02/28 13:51:14 880] isr_local  2265 last gc at  1519825867  
[2018/02/28 13:51:14 900] isr_local  2126 ASR_LOCAL_MSG_AUW  
[2018/02/28 13:51:14 900] isr_local  1558 auwl =   682  
[2018/02/28 13:51:14 900] isr_local  2135 esr_audio_write, ret =  nil  
[2018/02/28 13:51:14 901] isr_local  2265 last gc at  1519825867  
[2018/02/28 13:51:14 921] isr_local  2126 ASR_LOCAL_MSG_AUW  
[2018/02/28 13:51:14 922] isr_local  1558 auwl =   682  
[2018/02/28 13:51:14 922] isr_local  2135 esr_audio_write, ret =  nil  
[2018/02/28 13:51:14 923] isr_local  2265 last gc at  1519825867  
[2018/02/28 13:51:14 923] isr_local  2126 ASR_LOCAL_MSG_AUW  
[2018/02/28 13:51:14 923] isr_local  1558 auwl =   682  
[2018/02/28 13:51:14 924] isr_local  2135 esr_audio_write, ret =  nil  
[2018/02/28 13:51:14 924] isr_local  2265 last gc at  1519825867  
[2018/02/28 13:51:14 943] isr_local  2126 ASR_LOCAL_MSG_AUW  
[2018/02/28 13:51:14 943] isr_local  1558 auwl =   682  
[2018/02/28 13:51:14 943] isr_local  2135 esr_audio_write, ret =  nil  
[2018/02/28 13:51:14 944] isr_local  2265 last gc at  1519825867  
[2018/02/28 13:51:14 964] isr_local  2126 ASR_LOCAL_MSG_AUW  
[2018/02/28 13:51:14 964] isr_local  1558 auwl =   682  
[2018/02/28 13:51:14 964] isr_local  2135 esr_audio_write, ret =  nil  
[2018/02/28 13:51:14 965] isr_local  2265 last gc at  1519825867  
[2018/02/28 13:51:14 984] isr_local  2126 ASR_LOCAL_MSG_AUW  
[2018/02/28 13:51:14 985] isr_local  1558 auwl =   682  
[2018/02/28 13:51:14 985] isr_local  2135 esr_audio_write, ret =  nil  
[2018/02/28 13:51:14 986] isr_local  2265 last gc at  1519825867  
[2018/02/28 13:51:15 028] isr_local  2126 ASR_LOCAL_MSG_AUW  
[2018/02/28 13:51:15 028] isr_local  1558 auwl =   682  
[2018/02/28 13:51:15 028] isr_local  2135 esr_audio_write, ret =  nil  
[2018/02/28 13:51:15 029] isr_local  2265 last gc at  1519825867  
[2018/02/28 13:51:15 049] isr_local  2126 ASR_LOCAL_MSG_AUW  
[2018/02/28 13:51:15 049] isr_local  1558 auwl =   682  
[2018/02/28 13:51:15 049] isr_local  2135 esr_audio_write, ret =  nil  
[2018/02/28 13:51:15 050] isr_local  2265 last gc at  1519825867  
[2018/02/28 13:51:15 070] isr_local  2126 ASR_LOCAL_MSG_AUW  
[2018/02/28 13:51:15 070] isr_local  1558 auwl =   682  
[2018/02/28 13:51:15 070] isr_local  2135 esr_audio_write, ret =  nil  
[2018/02/28 13:51:15 071] isr_local  2265 last gc at  1519825867  
[2018/02/28 13:51:15 092] isr_local  2126 ASR_LOCAL_MSG_AUW  
[2018/02/28 13:51:15 093] isr_local  1558 auwl =   682  
[2018/02/28 13:51:15 093] isr_local  2135 esr_audio_write, ret =  nil  
[2018/02/28 13:51:15 094] isr_local  2265 last gc at  1519825867  
[2018/02/28 13:51:15 094] isr_local  2126 ASR_LOCAL_MSG_AUW  
[2018/02/28 13:51:15 094] isr_local  1558 auwl =   682  
[2018/02/28 13:51:15 095] isr_local  2135 esr_audio_write, ret =  nil  
[2018/02/28 13:51:15 095] isr_local  2265 last gc at  1519825867  
[2018/02/28 13:51:15 113] isr_local  2126 ASR_LOCAL_MSG_AUW  
[2018/02/28 13:51:15 113] isr_local  1558 auwl =   682  
[2018/02/28 13:51:15 113] isr_local  2135 esr_audio_write, ret =  nil  
[2018/02/28 13:51:15 114] isr_local  2265 last gc at  1519825867  
[2018/02/28 13:51:15 134] isr_local  2126 ASR_LOCAL_MSG_AUW  
[2018/02/28 13:51:15 134] isr_local  1558 auwl =   682  
[2018/02/28 13:51:15 134] isr_local  2135 esr_audio_write, ret =  nil  
[2018/02/28 13:51:15 135] isr_local  2265 last gc at  1519825867  
[2018/02/28 13:51:15 156] isr_local  2126 ASR_LOCAL_MSG_AUW  
[2018/02/28 13:51:15 156] isr_local  1558 auwl =   682  
[2018/02/28 13:51:15 157] isr_local  2135 esr_audio_write, ret =  nil  
[2018/02/28 13:51:15 157] isr_local  2265 last gc at  1519825867  
[2018/02/28 13:51:15 198] isr_local  2126 ASR_LOCAL_MSG_AUW  
[2018/02/28 13:51:15 198] isr_local  1558 auwl =   682  
[2018/02/28 13:51:15 198] isr_local  2135 esr_audio_write, ret =  nil  
[2018/02/28 13:51:15 199] isr_local  2265 last gc at  1519825867  
[2018/02/28 13:51:15 220] isr_local  2126 ASR_LOCAL_MSG_AUW  
[2018/02/28 13:51:15 220] isr_local  1558 auwl =   682  
[2018/02/28 13:51:15 220] isr_local  2135 esr_audio_write, ret =  nil  
[2018/02/28 13:51:15 221] isr_local  2265 last gc at  1519825867  
[2018/02/28 13:51:15 251] isr_local  2126 ASR_LOCAL_MSG_AUW  
[2018/02/28 13:51:15 252] isr_local  1558 auwl =   682  
[2018/02/28 13:51:15 252] isr_local  2135 esr_audio_write, ret =  nil  
[2018/02/28 13:51:15 253] isr_local  2265 last gc at  1519825867  
[2018/02/28 13:51:15 253] isr_local  2126 ASR_LOCAL_MSG_AUW  
[2018/02/28 13:51:15 253] isr_local  1558 auwl =   682  
[2018/02/28 13:51:15 254] isr_local  2135 esr_audio_write, ret =  nil  
[2018/02/28 13:51:15 254] isr_local  2265 last gc at  1519825867  
[2018/02/28 13:51:15 262] isr_local  2126 ASR_LOCAL_MSG_AUW  
[2018/02/28 13:51:15 262] isr_local  1558 auwl =   682  
[2018/02/28 13:51:15 262] isr_local  2135 esr_audio_write, ret =  nil  
[2018/02/28 13:51:15 263] isr_local  2265 last gc at  1519825867  
[2018/02/28 13:51:15 284] isr_local  2126 ASR_LOCAL_MSG_AUW  
[2018/02/28 13:51:15 284] isr_local  1558 auwl =   682  
[2018/02/28 13:51:15 284] isr_local  2135 esr_audio_write, ret =  nil  
[2018/02/28 13:51:15 285] isr_local  2265 last gc at  1519825867  
[2018/02/28 13:51:15 304] isr_local  2126 ASR_LOCAL_MSG_AUW  
[2018/02/28 13:51:15 305] isr_local  1558 auwl =   682  
[2018/02/28 13:51:15 305] isr_local  2135 esr_audio_write, ret =  nil  
[2018/02/28 13:51:15 306] isr_local  2265 last gc at  1519825867  
[2018/02/28 13:51:15 348] isr_local  2126 ASR_LOCAL_MSG_AUW  
[2018/02/28 13:51:15 348] isr_local  1558 auwl =   682  
[2018/02/28 13:51:15 348] isr_local  2135 esr_audio_write, ret =  nil  
[2018/02/28 13:51:15 349] isr_local  2265 last gc at  1519825867  
[2018/02/28 13:51:15 369] isr_local  2126 ASR_LOCAL_MSG_AUW  
[2018/02/28 13:51:15 369] isr_local  1558 auwl =   682  
[2018/02/28 13:51:15 369] isr_local  2135 esr_audio_write, ret =  nil  
[2018/02/28 13:51:15 370] isr_local  2265 last gc at  1519825867  
[2018/02/28 13:51:15 390] isr_local  2126 ASR_LOCAL_MSG_AUW  
[2018/02/28 13:51:15 390] isr_local  1558 auwl =   682  
[2018/02/28 13:51:15 390] isr_local  2135 esr_audio_write, ret =  nil  
[2018/02/28 13:51:15 391] isr_local  2265 last gc at  1519825867  
[2018/02/28 13:51:15 412] isr_local  2126 ASR_LOCAL_MSG_AUW  
[2018/02/28 13:51:15 413] isr_local  1558 auwl =   682  
[2018/02/28 13:51:15 413] isr_local  2135 esr_audio_write, ret =  nil  
[2018/02/28 13:51:15 414] isr_local  2265 last gc at  1519825867  
[2018/02/28 13:51:15 414] isr_local  2126 ASR_LOCAL_MSG_AUW  
[2018/02/28 13:51:15 414] isr_local  1558 auwl =   682  
[2018/02/28 13:51:15 415] isr_local  2135 esr_audio_write, ret =  nil  
[2018/02/28 13:51:15 415] isr_local  2265 last gc at  1519825867  
[2018/02/28 13:51:15 433] isr_local  2126 ASR_LOCAL_MSG_AUW  
[2018/02/28 13:51:15 433] isr_local  1558 auwl =   682  
[2018/02/28 13:51:15 433] isr_local  2135 esr_audio_write, ret =  nil  
[2018/02/28 13:51:15 434] isr_local  2265 last gc at  1519825867  
[2018/02/28 13:51:15 454] isr_local  2126 ASR_LOCAL_MSG_AUW  
[2018/02/28 13:51:15 454] isr_local  1558 auwl =   682  
[2018/02/28 13:51:15 454] isr_local  2135 esr_audio_write, ret =  nil  
[2018/02/28 13:51:15 455] isr_local  2265 last gc at  1519825867  
[2018/02/28 13:51:15 476] isr_local  2126 ASR_LOCAL_MSG_AUW  
[2018/02/28 13:51:15 476] isr_local  1558 auwl =   682  
[2018/02/28 13:51:15 476] isr_local  2135 esr_audio_write, ret =  nil  
[2018/02/28 13:51:15 477] isr_local  2265 last gc at  1519825867  
[2018/02/28 13:51:15 518] isr_local  2126 ASR_LOCAL_MSG_AUW  
[2018/02/28 13:51:15 518] isr_local  1558 auwl =   682  
[2018/02/28 13:51:15 518] isr_local  2135 esr_audio_write, ret =  nil  
[2018/02/28 13:51:15 519] isr_local  2265 last gc at  1519825867  
[2018/02/28 13:51:15 540] isr_local  2126 ASR_LOCAL_MSG_AUW  
[2018/02/28 13:51:15 540] isr_local  1558 auwl =   682  
[2018/02/28 13:51:15 540] isr_local  2135 esr_audio_write, ret =  nil  
[2018/02/28 13:51:15 541] isr_local  2265 last gc at  1519825867  
[2018/02/28 13:51:15 571] isr_local  2126 ASR_LOCAL_MSG_AUW  
[2018/02/28 13:51:15 572] isr_local  1558 auwl =   682  
[2018/02/28 13:51:15 573] isr_local  2135 esr_audio_write, ret =  nil  
[2018/02/28 13:51:15 573] isr_local  2265 last gc at  1519825867  
[2018/02/28 13:51:15 573] isr_local  2126 ASR_LOCAL_MSG_AUW  
[2018/02/28 13:51:15 574] isr_local  1558 auwl =   682  
[2018/02/28 13:51:15 574] isr_local  2135 esr_audio_write, ret =  nil  
[2018/02/28 13:51:15 574] isr_local  2265 last gc at  1519825867  
[2018/02/28 13:51:15 583] isr_local  2126 ASR_LOCAL_MSG_AUW  
[2018/02/28 13:51:15 583] isr_local  1558 auwl =   682  
[2018/02/28 13:51:15 583] isr_local  2135 esr_audio_write, ret =  nil  
[2018/02/28 13:51:15 584] isr_local  2265 last gc at  1519825867  
[2018/02/28 13:51:15 604] isr_local  2126 ASR_LOCAL_MSG_AUW  
[2018/02/28 13:51:15 604] isr_local  1558 auwl =   682  
[2018/02/28 13:51:15 604] isr_local  2135 esr_audio_write, ret =  nil  
[2018/02/28 13:51:15 605] isr_local  2265 last gc at  1519825867  
[2018/02/28 13:51:15 624] isr_local  2126 ASR_LOCAL_MSG_AUW  
[2018/02/28 13:51:15 625] isr_local  1558 auwl =   682  
[2018/02/28 13:51:15 625] isr_local  2135 esr_audio_write, ret =  nil  
[2018/02/28 13:51:15 626] isr_local  2265 last gc at  1519825867  
[2018/02/28 13:51:15 647] isr_local  2126 ASR_LOCAL_MSG_AUW  
[2018/02/28 13:51:15 647] isr_local  1558 auwl =   682  
[2018/02/28 13:51:15 647] isr_local  2135 esr_audio_write, ret =  nil  
[2018/02/28 13:51:15 648] isr_local  2265 last gc at  1519825867  
[2018/02/28 13:51:15 689] isr_local  2126 ASR_LOCAL_MSG_AUW  
[2018/02/28 13:51:15 689] isr_local  1558 auwl =   682  
[2018/02/28 13:51:15 689] isr_local  2135 esr_audio_write, ret =  nil  
[2018/02/28 13:51:15 690] isr_local  2265 last gc at  1519825867  
[2018/02/28 13:51:15 711] isr_local  2126 ASR_LOCAL_MSG_AUW  
[2018/02/28 13:51:15 711] isr_local  1558 auwl =   682  
[2018/02/28 13:51:15 711] isr_local  2135 esr_audio_write, ret =  nil  
[2018/02/28 13:51:15 712] isr_local  2265 last gc at  1519825867  
[2018/02/28 13:51:15 732] isr_local  2126 ASR_LOCAL_MSG_AUW  
[2018/02/28 13:51:15 733] isr_local  1558 auwl =   682  
[2018/02/28 13:51:15 733] isr_local  2135 esr_audio_write, ret =  nil  
[2018/02/28 13:51:15 734] isr_local  2265 last gc at  1519825867  
[2018/02/28 13:51:15 734] isr_local  2126 ASR_LOCAL_MSG_AUW  
[2018/02/28 13:51:15 735] isr_local  1558 auwl =   682  
[2018/02/28 13:51:15 735] isr_local  2135 esr_audio_write, ret =  nil  
[2018/02/28 13:51:15 735] isr_local  2265 last gc at  1519825867  
[2018/02/28 13:51:15 753] isr_local  2126 ASR_LOCAL_MSG_AUW  
[2018/02/28 13:51:15 753] isr_local  1558 auwl =   682  
[2018/02/28 13:51:15 753] isr_local  2135 esr_audio_write, ret =  nil  
[2018/02/28 13:51:15 754] isr_local  2265 last gc at  1519825867  
[2018/02/28 13:51:15 775] isr_local  2126 ASR_LOCAL_MSG_AUW  
[2018/02/28 13:51:15 775] isr_local  1558 auwl =   682  
[2018/02/28 13:51:15 775] isr_local  2135 esr_audio_write, ret =  nil  
[2018/02/28 13:51:15 776] isr_local  2265 last gc at  1519825867  
[2018/02/28 13:51:15 796] isr_local  2126 ASR_LOCAL_MSG_AUW  
[2018/02/28 13:51:15 796] isr_local  1558 auwl =   682  
[2018/02/28 13:51:15 796] isr_local  2135 esr_audio_write, ret =  nil  
[2018/02/28 13:51:15 797] isr_local  2265 last gc at  1519825867  
[2018/02/28 13:51:15 838] isr_local  2126 ASR_LOCAL_MSG_AUW  
[2018/02/28 13:51:15 838] isr_local  1558 auwl =   682  
[2018/02/28 13:51:15 838] isr_local  2135 esr_audio_write, ret =  nil  
[2018/02/28 13:51:15 839] isr_local  2265 last gc at  1519825867  
[2018/02/28 13:51:15 859] isr_local  2126 ASR_LOCAL_MSG_AUW  
[2018/02/28 13:51:15 860] isr_local  1558 auwl =   682  
[2018/02/28 13:51:15 860] isr_local  2135 esr_audio_write, ret =  nil  
[2018/02/28 13:51:15 861] isr_local  2265 last gc at  1519825867  
[2018/02/28 13:51:15 881] isr_local  2126 ASR_LOCAL_MSG_AUW  
[2018/02/28 13:51:15 881] isr_local  1558 auwl =   682  
[2018/02/28 13:51:15 881] isr_local  2135 esr_audio_write, ret =  nil  
[2018/02/28 13:51:15 882] isr_local  2265 last gc at  1519825867  
[2018/02/28 13:51:15 902] isr_local  2126 ASR_LOCAL_MSG_AUW  
[2018/02/28 13:51:15 903] isr_local  1558 auwl =   682  
[2018/02/28 13:51:15 903] isr_local  2135 esr_audio_write, ret =  nil  
[2018/02/28 13:51:15 904] isr_local  2265 last gc at  1519825867  
[2018/02/28 13:51:15 904] isr_local  2126 ASR_LOCAL_MSG_AUW  
[2018/02/28 13:51:15 904] isr_local  1558 auwl =   682  
[2018/02/28 13:51:15 905] isr_local  2135 esr_audio_write, ret =  nil  
[2018/02/28 13:51:15 905] isr_local  2265 last gc at  1519825867  
[2018/02/28 13:51:15 924] isr_local  2126 ASR_LOCAL_MSG_AUW  
[2018/02/28 13:51:15 924] isr_local  1558 auwl =   682  
[2018/02/28 13:51:15 924] isr_local  2135 esr_audio_write, ret =  nil  
[2018/02/28 13:51:15 925] isr_local  2265 last gc at  1519825867  
[2018/02/28 13:51:15 945] isr_local  2126 ASR_LOCAL_MSG_AUW  
[2018/02/28 13:51:15 945] isr_local  1558 auwl =   682  
[2018/02/28 13:51:15 945] isr_local  2135 esr_audio_write, ret =  nil  
[2018/02/28 13:51:15 946] isr_local  2265 last gc at  1519825867  
[2018/02/28 13:51:15 966] isr_local  2126 ASR_LOCAL_MSG_AUW  
[2018/02/28 13:51:15 966] isr_local  1558 auwl =   682  
[2018/02/28 13:51:15 966] isr_local  2135 esr_audio_write, ret =  nil  
[2018/02/28 13:51:15 967] isr_local  2265 last gc at  1519825867  
[2018/02/28 13:51:16 009] isr_local  2126 ASR_LOCAL_MSG_AUW  
[2018/02/28 13:51:16 009] isr_local  1558 auwl =   682  
[2018/02/28 13:51:16 009] isr_local  2135 esr_audio_write, ret =  nil  
[2018/02/28 13:51:16 010] isr_local  2265 last gc at  1519825867  
[2018/02/28 13:51:16 030] isr_local  2126 ASR_LOCAL_MSG_AUW  
[2018/02/28 13:51:16 030] isr_local  1558 auwl =   682  
[2018/02/28 13:51:16 030] isr_local  2135 esr_audio_write, ret =  nil  
[2018/02/28 13:51:16 031] isr_local  2265 last gc at  1519825867  
[2018/02/28 13:51:16 052] isr_local  2126 ASR_LOCAL_MSG_AUW  
[2018/02/28 13:51:16 053] isr_local  1558 auwl =   682  
[2018/02/28 13:51:16 054] isr_local  2135 esr_audio_write, ret =  nil  
[2018/02/28 13:51:16 054] isr_local  2265 last gc at  1519825867  
[2018/02/28 13:51:16 054] isr_local  2126 ASR_LOCAL_MSG_AUW  
[2018/02/28 13:51:16 055] isr_local  1558 auwl =   682  
[2018/02/28 13:51:16 055] isr_local  2135 esr_audio_write, ret =  nil  
[2018/02/28 13:51:16 055] isr_local  2265 last gc at  1519825867  
[2018/02/28 13:51:16 073] isr_local  2126 ASR_LOCAL_MSG_AUW  
[2018/02/28 13:51:16 073] isr_local  1558 auwl =   682  
[2018/02/28 13:51:16 073] isr_local  2135 esr_audio_write, ret =  nil  
[2018/02/28 13:51:16 074] isr_local  2265 last gc at  1519825867  
[2018/02/28 13:51:16 095] isr_local  2126 ASR_LOCAL_MSG_AUW  
[2018/02/28 13:51:16 095] isr_local  1558 auwl =   682  
[2018/02/28 13:51:16 095] isr_local  2135 esr_audio_write, ret =  nil  
[2018/02/28 13:51:16 096] isr_local  2265 last gc at  1519825867  
[2018/02/28 13:51:16 116] isr_local  2126 ASR_LOCAL_MSG_AUW  
[2018/02/28 13:51:16 116] isr_local  1558 auwl =   682  
[2018/02/28 13:51:16 116] isr_local  2135 esr_audio_write, ret =  nil  
[2018/02/28 13:51:16 117] isr_local  2265 last gc at  1519825867  
[2018/02/28 13:51:16 158] isr_local  2126 ASR_LOCAL_MSG_AUW  
[2018/02/28 13:51:16 159] isr_local  1558 auwl =   682  
[2018/02/28 13:51:16 159] isr_local  2135 esr_audio_write, ret =  nil  
[2018/02/28 13:51:16 160] isr_local  2265 last gc at  1519825867  
[2018/02/28 13:51:16 180] isr_local  2126 ASR_LOCAL_MSG_AUW  
[2018/02/28 13:51:16 180] isr_local  1558 auwl =   682  
[2018/02/28 13:51:16 180] isr_local  2135 esr_audio_write, ret =  nil  
[2018/02/28 13:51:16 181] isr_local  2265 last gc at  1519825867  
[2018/02/28 13:51:16 211] isr_local  2126 ASR_LOCAL_MSG_AUW  
[2018/02/28 13:51:16 211] isr_local  1558 auwl =   682  
[2018/02/28 13:51:16 211] isr_local  2135 esr_audio_write, ret =  nil  
[2018/02/28 13:51:16 212] isr_local  2265 last gc at  1519825867  
[2018/02/28 13:51:16 223] isr_local  2126 ASR_LOCAL_MSG_AUW  
[2018/02/28 13:51:16 224] isr_local  1558 auwl =   682  
[2018/02/28 13:51:16 225] isr_local  2135 esr_audio_write, ret =  nil  
[2018/02/28 13:51:16 225] isr_local  2265 last gc at  1519825867  
[2018/02/28 13:51:16 225] isr_local  2126 ASR_LOCAL_MSG_AUW  
[2018/02/28 13:51:16 226] isr_local  1558 auwl =   682  
[2018/02/28 13:51:16 226] isr_local  2135 esr_audio_write, ret =  nil  
[2018/02/28 13:51:16 226] isr_local  2265 last gc at  1519825867  
[2018/02/28 13:51:16 244] isr_local  2126 ASR_LOCAL_MSG_AUW  
[2018/02/28 13:51:16 244] isr_local  1558 auwl =   682  
[2018/02/28 13:51:16 244] isr_local  2135 esr_audio_write, ret =  nil  
[2018/02/28 13:51:16 245] isr_local  2265 last gc at  1519825867  
[2018/02/28 13:51:16 265] isr_local  2126 ASR_LOCAL_MSG_AUW  
[2018/02/28 13:51:16 265] isr_local  1558 auwl =   682  
[2018/02/28 13:51:16 265] isr_local  2135 esr_audio_write, ret =  nil  
[2018/02/28 13:51:16 266] isr_local  2265 last gc at  1519825867  
[2018/02/28 13:51:16 287] isr_local  2126 ASR_LOCAL_MSG_AUW  
[2018/02/28 13:51:16 287] isr_local  1558 auwl =   682  
[2018/02/28 13:51:16 288] isr_local  2135 esr_audio_write, ret =  nil  
[2018/02/28 13:51:16 288] isr_local  2265 last gc at  1519825867  
[2018/02/28 13:51:16 329] isr_local  2126 ASR_LOCAL_MSG_AUW  
[2018/02/28 13:51:16 329] isr_local  1558 auwl =   682  
[2018/02/28 13:51:16 329] isr_local  2135 esr_audio_write, ret =  nil  
[2018/02/28 13:51:16 330] isr_local  2265 last gc at  1519825867  
[2018/02/28 13:51:16 351] isr_local  2126 ASR_LOCAL_MSG_AUW  
[2018/02/28 13:51:16 351] isr_local  1558 auwl =   682  
[2018/02/28 13:51:16 351] isr_local  2135 esr_audio_write, ret =  nil  
[2018/02/28 13:51:16 352] isr_local  2265 last gc at  1519825867  
[2018/02/28 13:51:16 371] isr_local  2126 ASR_LOCAL_MSG_AUW  
[2018/02/28 13:51:16 372] isr_local  1558 auwl =   682  
[2018/02/28 13:51:16 372] isr_local  2135 esr_audio_write, ret =  nil  
[2018/02/28 13:51:16 373] isr_local  2265 last gc at  1519825867  
[2018/02/28 13:51:16 393] isr_local  2126 ASR_LOCAL_MSG_AUW  
[2018/02/28 13:51:16 394] isr_local  1558 auwl =   682  
[2018/02/28 13:51:16 394] isr_local  2135 esr_audio_write, ret =  nil  
[2018/02/28 13:51:16 395] isr_local  2265 last gc at  1519825867  
[2018/02/28 13:51:16 395] isr_local  2126 ASR_LOCAL_MSG_AUW  
[2018/02/28 13:51:16 395] isr_local  1558 auwl =   682  
[2018/02/28 13:51:16 396] isr_local  2135 esr_audio_write, ret =  nil  
[2018/02/28 13:51:16 396] isr_local  2265 last gc at  1519825867  
[2018/02/28 13:51:16 415] isr_local  2126 ASR_LOCAL_MSG_AUW  
[2018/02/28 13:51:16 415] isr_local  1558 auwl =   682  
[2018/02/28 13:51:16 415] isr_local  2135 esr_audio_write, ret =  nil  
[2018/02/28 13:51:16 416] isr_local  2265 last gc at  1519825867  
[2018/02/28 13:51:16 436] isr_local  2126 ASR_LOCAL_MSG_AUW  
[2018/02/28 13:51:16 436] isr_local  1558 auwl =   682  
[2018/02/28 13:51:16 436] isr_local  2135 esr_audio_write, ret =  nil  
[2018/02/28 13:51:16 437] isr_local  2265 last gc at  1519825867  
[2018/02/28 13:51:16 457] isr_local  2126 ASR_LOCAL_MSG_AUW  
[2018/02/28 13:51:16 457] isr_local  1558 auwl =   682  
[2018/02/28 13:51:16 457] isr_local  2135 esr_audio_write, ret =  nil  
[2018/02/28 13:51:16 458] isr_local  2265 last gc at  1519825867  
[2018/02/28 13:51:16 500] isr_local  2126 ASR_LOCAL_MSG_AUW  
[2018/02/28 13:51:16 500] isr_local  1558 auwl =   682  
[2018/02/28 13:51:16 500] isr_local  2135 esr_audio_write, ret =  nil  
[2018/02/28 13:51:16 501] isr_local  2265 last gc at  1519825867  
[2018/02/28 13:51:16 531] isr_local  2126 ASR_LOCAL_MSG_AUW  
[2018/02/28 13:51:16 531] isr_local  1558 auwl =   682  
[2018/02/28 13:51:16 531] isr_local  2135 esr_audio_write, ret =  nil  
[2018/02/28 13:51:16 532] isr_local  2265 last gc at  1519825867  
[2018/02/28 13:51:16 543] isr_local  2126 ASR_LOCAL_MSG_AUW  
[2018/02/28 13:51:16 544] isr_local  1558 auwl =   682  
[2018/02/28 13:51:16 544] isr_local  2135 esr_audio_write, ret =  nil  
[2018/02/28 13:51:16 545] isr_local  2265 last gc at  1519825867  
[2018/02/28 13:51:16 545] isr_local  2126 ASR_LOCAL_MSG_AUW  
[2018/02/28 13:51:16 546] isr_local  1558 auwl =   682  
[2018/02/28 13:51:16 546] isr_local  2135 esr_audio_write, ret =  nil  
[2018/02/28 13:51:16 546] isr_local  2265 last gc at  1519825867  
[2018/02/28 13:51:16 563] isr_local  2126 ASR_LOCAL_MSG_AUW  
[2018/02/28 13:51:16 564] isr_local  1558 auwl =   682  
[2018/02/28 13:51:16 564] isr_local  2135 esr_audio_write, ret =  nil  
[2018/02/28 13:51:16 564] isr_local  2265 last gc at  1519825867  
[2018/02/28 13:51:16 585] isr_local  2126 ASR_LOCAL_MSG_AUW  
[2018/02/28 13:51:16 585] isr_local  1558 auwl =   682  
[2018/02/28 13:51:16 585] isr_local  2135 esr_audio_write, ret =  nil  
[2018/02/28 13:51:16 586] isr_local  2265 last gc at  1519825867  
[2018/02/28 13:51:16 607] isr_local  2126 ASR_LOCAL_MSG_AUW  
[2018/02/28 13:51:16 607] isr_local  1558 auwl =   682  
[2018/02/28 13:51:16 607] isr_local  2135 esr_audio_write, ret =  nil  
[2018/02/28 13:51:16 608] isr_local  2265 last gc at  1519825867  
[2018/02/28 13:51:16 626] isr_local  675  recognized end!  
[2018/02/28 13:51:16 649] isr_local  2126 ASR_LOCAL_MSG_AUW  
[2018/02/28 13:51:16 649] isr_local  1558 auwl =   682  
[2018/02/28 13:51:16 650] isr_local  2135 esr_audio_write, ret =  nil  
[2018/02/28 13:51:16 650] isr_local  2265 last gc at  1519825867  
[2018/02/28 13:51:16 754] isr_local  2140 ASR_LOCAL_MSG_SSE  
[2018/02/28 13:51:16 755] isr_local  1518 esr_session_end | esr_obj:stop ret =  0  
[2018/02/28 13:51:16 758] isr_local  2142 esr_session_end, ret =  0  
[2018/02/28 13:51:16 768] isr_local  2265 last gc at  1519825867  
[2018/02/28 13:51:16 825] isr_local  638  local engine already stopped! stop cmd ignored  
[2018/02/28 13:51:18 505] isr_local  2182 SYS_MSG_SHUTDOWN_LOCAL  
[2018/02/28 13:51:18 561] isr_local  2265 last gc at  1519825867  
