============================================================
Time  2018/01/02 14:23:05 646 
============================================================
[2018/01/02 14:23:05 646] lgi        641  SYS_MSG_LOAD  
[2018/01/02 14:23:05 651] lgi        663  SYS_MSG_REGCB  msp_status_cb  func(73d121a0) 
[2018/01/02 14:23:05 652] lgi        292  LGI_MSG_INIT  
[2018/01/02 14:23:05 652] lgi        299  lgi  lgi_  268436457  1504669918  
[2018/01/02 14:23:05 653] lgi        332  lgi params:  appid = 5a38785e  
[2018/01/02 14:23:05 653] lgi        346  auth_time_str=  2018/01/02 14:23:05  
[2018/01/02 14:23:05 653] lgi        352  auth_appid=  5a38785e  
[2018/01/02 14:23:05 654] lgi        363  token:  nil  
[2018/01/02 14:23:05 654] lgi        433  msc cver : 5.0.34.1166  
[2018/01/02 14:23:05 654] lgi        476  ns_enable=  1  
[2018/01/02 14:23:05 654] lgi        488  prot_ver=1  
[2018/01/02 14:23:05 655] lgi        499  prot_type=tcp  
[2018/01/02 14:23:05 655] lgi        650  SYS_MSG_UNLOAD  go bg!  
============================================================
Time  2018/01/02 14:31:07 705 
============================================================
[2018/01/02 14:31:07 706] lgi        641  SYS_MSG_LOAD  
[2018/01/02 14:31:07 711] lgi        663  SYS_MSG_REGCB  msp_status_cb  func(73d3e230) 
[2018/01/02 14:31:07 712] lgi        292  LGI_MSG_INIT  
[2018/01/02 14:31:07 712] lgi        299  lgi  lgi_  268436457  1504669918  
[2018/01/02 14:31:07 712] lgi        332  lgi params:  appid = 5a38785e  
[2018/01/02 14:31:07 713] lgi        346  auth_time_str=  2018/01/02 14:31:07  
[2018/01/02 14:31:07 713] lgi        352  auth_appid=  5a38785e  
[2018/01/02 14:31:07 713] lgi        363  token:  nil  
[2018/01/02 14:31:07 713] lgi        433  msc cver : 5.0.34.1166  
[2018/01/02 14:31:07 713] lgi        476  ns_enable=  1  
[2018/01/02 14:31:07 714] lgi        488  prot_ver=1  
[2018/01/02 14:31:07 714] lgi        499  prot_type=tcp  
[2018/01/02 14:31:07 715] lgi        650  SYS_MSG_UNLOAD  go bg!  
============================================================
Time  2018/01/02 14:46:14 496 
============================================================
[2018/01/02 14:46:14 496] lgi        641  SYS_MSG_LOAD  
[2018/01/02 14:46:14 501] lgi        663  SYS_MSG_REGCB  msp_status_cb  func(73c3e238) 
[2018/01/02 14:46:14 502] lgi        292  LGI_MSG_INIT  
[2018/01/02 14:46:14 502] lgi        299  lgi  lgi_  268436457  1504669918  
[2018/01/02 14:46:14 502] lgi        332  lgi params:  appid = 5a38785e  
[2018/01/02 14:46:14 503] lgi        346  auth_time_str=  2018/01/02 14:46:14  
[2018/01/02 14:46:14 503] lgi        352  auth_appid=  5a38785e  
[2018/01/02 14:46:14 503] lgi        363  token:  nil  
[2018/01/02 14:46:14 503] lgi        433  msc cver : 5.0.34.1166  
[2018/01/02 14:46:14 504] lgi        476  ns_enable=  1  
[2018/01/02 14:46:14 504] lgi        488  prot_ver=1  
[2018/01/02 14:46:14 504] lgi        499  prot_type=tcp  
[2018/01/02 14:46:14 505] lgi        650  SYS_MSG_UNLOAD  go bg!  
============================================================
Time  2018/01/03 05:05:05 320 
============================================================
[2018/01/03 05:05:05 320] lgi        641  SYS_MSG_LOAD  
[2018/01/03 05:05:05 326] lgi        663  SYS_MSG_REGCB  msp_status_cb  func(73d3e230) 
[2018/01/03 05:05:05 327] lgi        292  LGI_MSG_INIT  
[2018/01/03 05:05:05 328] lgi        299  lgi  lgi_  268436457  1504669918  
[2018/01/03 05:05:05 328] lgi        332  lgi params:  appid = 5a38785e  
[2018/01/03 05:05:05 328] lgi        346  auth_time_str=  2018/01/03 05:05:05  
[2018/01/03 05:05:05 329] lgi        352  auth_appid=  5a38785e  
[2018/01/03 05:05:05 329] lgi        363  token:  nil  
[2018/01/03 05:05:05 329] lgi        433  msc cver : 5.0.34.1166  
[2018/01/03 05:05:05 329] lgi        476  ns_enable=  1  
[2018/01/03 05:05:05 330] lgi        488  prot_ver=1  
[2018/01/03 05:05:05 330] lgi        499  prot_type=tcp  
[2018/01/03 05:05:05 331] lgi        650  SYS_MSG_UNLOAD  go bg!  
[2018/01/03 05:05:28 395] lgi        654  SYS_MSG_SHUTDOWN  
============================================================
Time  2018/01/03 05:11:32 606 
============================================================
[2018/01/03 05:11:32 606] lgi        641  SYS_MSG_LOAD  
[2018/01/03 05:11:32 611] lgi        663  SYS_MSG_REGCB  msp_status_cb  func(73e3e1d8) 
[2018/01/03 05:11:32 612] lgi        292  LGI_MSG_INIT  
[2018/01/03 05:11:32 612] lgi        299  lgi  lgi_  268436457  1504669918  
[2018/01/03 05:11:32 613] lgi        332  lgi params:  appid = 5a38785e  
[2018/01/03 05:11:32 613] lgi        346  auth_time_str=  2018/01/03 05:11:32  
[2018/01/03 05:11:32 613] lgi        352  auth_appid=  5a38785e  
[2018/01/03 05:11:32 613] lgi        363  token:  nil  
[2018/01/03 05:11:32 614] lgi        433  msc cver : 5.0.34.1166  
[2018/01/03 05:11:32 614] lgi        476  ns_enable=  1  
[2018/01/03 05:11:32 614] lgi        488  prot_ver=1  
[2018/01/03 05:11:32 614] lgi        499  prot_type=tcp  
[2018/01/03 05:11:32 615] lgi        650  SYS_MSG_UNLOAD  go bg!  
[2018/01/03 05:11:54 279] lgi        654  SYS_MSG_SHUTDOWN  
============================================================
Time  2018/01/03 05:23:06 895 
============================================================
[2018/01/03 05:23:06 895] lgi        641  SYS_MSG_LOAD  
[2018/01/03 05:23:06 900] lgi        663  SYS_MSG_REGCB  msp_status_cb  func(73d3e268) 
[2018/01/03 05:23:06 901] lgi        292  LGI_MSG_INIT  
[2018/01/03 05:23:06 902] lgi        299  lgi  lgi_  268436457  1504669918  
[2018/01/03 05:23:06 902] lgi        332  lgi params:  appid = 5a38785e  
[2018/01/03 05:23:06 902] lgi        346  auth_time_str=  2018/01/03 05:23:06  
[2018/01/03 05:23:06 902] lgi        352  auth_appid=  5a38785e  
[2018/01/03 05:23:06 903] lgi        363  token:  nil  
[2018/01/03 05:23:06 903] lgi        433  msc cver : 5.0.34.1166  
[2018/01/03 05:23:06 903] lgi        476  ns_enable=  1  
[2018/01/03 05:23:06 903] lgi        488  prot_ver=1  
[2018/01/03 05:23:06 904] lgi        499  prot_type=tcp  
[2018/01/03 05:23:06 904] lgi        650  SYS_MSG_UNLOAD  go bg!  
[2018/01/03 05:23:21 685] lgi        654  SYS_MSG_SHUTDOWN  
============================================================
Time  2018/01/03 05:40:23 948 
============================================================
[2018/01/03 05:40:23 948] lgi        641  SYS_MSG_LOAD  
[2018/01/03 05:40:23 954] lgi        663  SYS_MSG_REGCB  msp_status_cb  func(73e3e2f0) 
[2018/01/03 05:40:23 954] lgi        292  LGI_MSG_INIT  
[2018/01/03 05:40:23 955] lgi        299  lgi  lgi_  268436457  1504669918  
[2018/01/03 05:40:23 955] lgi        332  lgi params:  appid = 5a38785e  
[2018/01/03 05:40:23 956] lgi        346  auth_time_str=  2018/01/03 05:40:23  
[2018/01/03 05:40:23 956] lgi        352  auth_appid=  5a38785e  
[2018/01/03 05:40:23 956] lgi        363  token:  nil  
[2018/01/03 05:40:23 956] lgi        433  msc cver : 5.0.34.1166  
[2018/01/03 05:40:23 957] lgi        476  ns_enable=  1  
[2018/01/03 05:40:23 957] lgi        488  prot_ver=1  
[2018/01/03 05:40:23 957] lgi        499  prot_type=tcp  
[2018/01/03 05:40:23 958] lgi        650  SYS_MSG_UNLOAD  go bg!  
[2018/01/03 05:40:38 579] lgi        654  SYS_MSG_SHUTDOWN  
============================================================
Time  2018/01/03 06:15:19 849 
============================================================
[2018/01/03 06:15:19 849] lgi        641  SYS_MSG_LOAD  
[2018/01/03 06:15:19 852] lgi        663  SYS_MSG_REGCB  msp_status_cb  func(73e3e220) 
[2018/01/03 06:15:19 853] lgi        292  LGI_MSG_INIT  
[2018/01/03 06:15:19 853] lgi        299  lgi  lgi_  268436457  1504669918  
[2018/01/03 06:15:19 853] lgi        332  lgi params:  appid = 5a38785e  
[2018/01/03 06:15:19 853] lgi        346  auth_time_str=  2018/01/03 06:15:19  
[2018/01/03 06:15:19 853] lgi        352  auth_appid=  5a38785e  
[2018/01/03 06:15:19 853] lgi        363  token:  nil  
[2018/01/03 06:15:19 853] lgi        433  msc cver : 5.0.34.1166  
[2018/01/03 06:15:19 854] lgi        476  ns_enable=  1  
[2018/01/03 06:15:19 854] lgi        488  prot_ver=1  
[2018/01/03 06:15:19 854] lgi        499  prot_type=tcp  
[2018/01/03 06:15:19 854] lgi        650  SYS_MSG_UNLOAD  go bg!  
[2018/01/03 06:15:41 310] lgi        654  SYS_MSG_SHUTDOWN  
============================================================
Time  2018/01/03 06:16:14 570 
============================================================
[2018/01/03 06:16:14 570] lgi        641  SYS_MSG_LOAD  
[2018/01/03 06:16:14 575] lgi        663  SYS_MSG_REGCB  msp_status_cb  func(73d3e240) 
[2018/01/03 06:16:14 576] lgi        292  LGI_MSG_INIT  
[2018/01/03 06:16:14 576] lgi        299  lgi  lgi_  268436457  1504669918  
[2018/01/03 06:16:14 577] lgi        332  lgi params:  appid = 5a38785e  
[2018/01/03 06:16:14 577] lgi        346  auth_time_str=  2018/01/03 06:16:14  
[2018/01/03 06:16:14 577] lgi        352  auth_appid=  5a38785e  
[2018/01/03 06:16:14 577] lgi        363  token:  nil  
[2018/01/03 06:16:14 578] lgi        433  msc cver : 5.0.34.1166  
[2018/01/03 06:16:14 578] lgi        476  ns_enable=  1  
[2018/01/03 06:16:14 578] lgi        488  prot_ver=1  
[2018/01/03 06:16:14 578] lgi        499  prot_type=tcp  
[2018/01/03 06:16:14 579] lgi        650  SYS_MSG_UNLOAD  go bg!  
============================================================
Time  2018/01/03 06:21:57 204 
============================================================
[2018/01/03 06:21:57 204] lgi        641  SYS_MSG_LOAD  
[2018/01/03 06:21:57 207] lgi        663  SYS_MSG_REGCB  msp_status_cb  func(73e041d8) 
[2018/01/03 06:21:57 207] lgi        292  LGI_MSG_INIT  
[2018/01/03 06:21:57 207] lgi        299  lgi  lgi_  268436457  1504669918  
[2018/01/03 06:21:57 208] lgi        332  lgi params:  appid = 5a38785e  
[2018/01/03 06:21:57 208] lgi        346  auth_time_str=  2018/01/03 06:21:57  
[2018/01/03 06:21:57 208] lgi        352  auth_appid=  5a38785e  
[2018/01/03 06:21:57 208] lgi        363  token:  nil  
[2018/01/03 06:21:57 208] lgi        433  msc cver : 5.0.34.1166  
[2018/01/03 06:21:57 208] lgi        476  ns_enable=  1  
[2018/01/03 06:21:57 208] lgi        488  prot_ver=1  
[2018/01/03 06:21:57 208] lgi        499  prot_type=tcp  
[2018/01/03 06:21:57 209] lgi        650  SYS_MSG_UNLOAD  go bg!  
[2018/01/03 06:22:08 530] lgi        654  SYS_MSG_SHUTDOWN  
============================================================
Time  2018/01/03 06:49:13 648 
============================================================
[2018/01/03 06:49:13 648] lgi        641  SYS_MSG_LOAD  
[2018/01/03 06:49:13 653] lgi        663  SYS_MSG_REGCB  msp_status_cb  func(73d121b0) 
[2018/01/03 06:49:13 654] lgi        292  LGI_MSG_INIT  
[2018/01/03 06:49:13 654] lgi        299  lgi  lgi_  268436457  1504669918  
[2018/01/03 06:49:13 655] lgi        332  lgi params:  appid = 5a38785e  
[2018/01/03 06:49:13 655] lgi        346  auth_time_str=  2018/01/03 06:49:13  
[2018/01/03 06:49:13 655] lgi        352  auth_appid=  5a38785e  
[2018/01/03 06:49:13 655] lgi        363  token:  nil  
[2018/01/03 06:49:13 656] lgi        433  msc cver : 5.0.34.1166  
[2018/01/03 06:49:13 656] lgi        476  ns_enable=  1  
[2018/01/03 06:49:13 656] lgi        488  prot_ver=1  
[2018/01/03 06:49:13 656] lgi        499  prot_type=tcp  
[2018/01/03 06:49:13 657] lgi        650  SYS_MSG_UNLOAD  go bg!  
[2018/01/03 06:49:23 955] lgi        654  SYS_MSG_SHUTDOWN  
============================================================
Time  2018/01/03 06:49:31 732 
============================================================
[2018/01/03 06:49:31 732] lgi        641  SYS_MSG_LOAD  
[2018/01/03 06:49:31 734] lgi        663  SYS_MSG_REGCB  msp_status_cb  func(73d3e280) 
[2018/01/03 06:49:31 735] lgi        292  LGI_MSG_INIT  
[2018/01/03 06:49:31 735] lgi        299  lgi  lgi_  268436457  1504669918  
[2018/01/03 06:49:31 735] lgi        332  lgi params:  appid = 5a38785e  
[2018/01/03 06:49:31 735] lgi        346  auth_time_str=  2018/01/03 06:49:31  
[2018/01/03 06:49:31 735] lgi        352  auth_appid=  5a38785e  
[2018/01/03 06:49:31 736] lgi        363  token:  nil  
[2018/01/03 06:49:31 736] lgi        433  msc cver : 5.0.34.1166  
[2018/01/03 06:49:31 736] lgi        476  ns_enable=  1  
[2018/01/03 06:49:31 736] lgi        488  prot_ver=1  
[2018/01/03 06:49:31 736] lgi        499  prot_type=tcp  
[2018/01/03 06:49:31 737] lgi        650  SYS_MSG_UNLOAD  go bg!  
============================================================
Time  2018/01/03 06:58:32 515 
============================================================
[2018/01/03 06:58:32 515] lgi        641  SYS_MSG_LOAD  
[2018/01/03 06:58:32 517] lgi        663  SYS_MSG_REGCB  msp_status_cb  func(73e0feb8) 
[2018/01/03 06:58:32 518] lgi        292  LGI_MSG_INIT  
[2018/01/03 06:58:32 518] lgi        299  lgi  lgi_  268436457  1504669918  
[2018/01/03 06:58:32 518] lgi        332  lgi params:  appid = 5a38785e  
[2018/01/03 06:58:32 518] lgi        346  auth_time_str=  2018/01/03 06:58:32  
[2018/01/03 06:58:32 518] lgi        352  auth_appid=  5a38785e  
[2018/01/03 06:58:32 519] lgi        363  token:  nil  
[2018/01/03 06:58:32 519] lgi        433  msc cver : 5.0.34.1166  
[2018/01/03 06:58:32 519] lgi        476  ns_enable=  1  
[2018/01/03 06:58:32 519] lgi        488  prot_ver=1  
[2018/01/03 06:58:32 519] lgi        499  prot_type=tcp  
[2018/01/03 06:58:32 519] lgi        650  SYS_MSG_UNLOAD  go bg!  
============================================================
Time  2018/01/03 07:10:09 821 
============================================================
[2018/01/03 07:10:09 822] lgi        641  SYS_MSG_LOAD  
[2018/01/03 07:10:09 827] lgi        663  SYS_MSG_REGCB  msp_status_cb  func(73d3e270) 
[2018/01/03 07:10:09 828] lgi        292  LGI_MSG_INIT  
[2018/01/03 07:10:09 828] lgi        299  lgi  lgi_  268436457  1504669918  
[2018/01/03 07:10:09 828] lgi        332  lgi params:  appid = 5a38785e  
[2018/01/03 07:10:09 829] lgi        346  auth_time_str=  2018/01/03 07:10:09  
[2018/01/03 07:10:09 829] lgi        352  auth_appid=  5a38785e  
[2018/01/03 07:10:09 829] lgi        363  token:  nil  
[2018/01/03 07:10:09 829] lgi        433  msc cver : 5.0.34.1166  
[2018/01/03 07:10:09 830] lgi        476  ns_enable=  1  
[2018/01/03 07:10:09 830] lgi        488  prot_ver=1  
[2018/01/03 07:10:09 830] lgi        499  prot_type=tcp  
[2018/01/03 07:10:09 831] lgi        650  SYS_MSG_UNLOAD  go bg!  
============================================================
Time  2018/01/08 10:14:59 740 
============================================================
[2018/01/08 10:14:59 740] lgi        641  SYS_MSG_LOAD  
[2018/01/08 10:14:59 746] lgi        663  SYS_MSG_REGCB  msp_status_cb  func(73d561e0) 
[2018/01/08 10:14:59 747] lgi        292  LGI_MSG_INIT  
[2018/01/08 10:14:59 748] lgi        299  lgi  lgi_  268436457  1504669918  
[2018/01/08 10:14:59 748] lgi        332  lgi params:  appid = 5a38785e  
[2018/01/08 10:14:59 748] lgi        346  auth_time_str=  2018/01/08 10:14:59  
[2018/01/08 10:14:59 748] lgi        352  auth_appid=  5a38785e  
[2018/01/08 10:14:59 749] lgi        363  token:  nil  
[2018/01/08 10:14:59 749] lgi        433  msc cver : 5.0.34.1166  
[2018/01/08 10:14:59 749] lgi        476  ns_enable=  1  
[2018/01/08 10:14:59 749] lgi        488  prot_ver=1  
[2018/01/08 10:14:59 750] lgi        499  prot_type=tcp  
[2018/01/08 10:14:59 751] lgi        650  SYS_MSG_UNLOAD  go bg!  
============================================================
Time  2018/01/08 10:19:16 585 
============================================================
[2018/01/08 10:19:16 585] lgi        641  SYS_MSG_LOAD  
[2018/01/08 10:19:16 592] lgi        663  SYS_MSG_REGCB  msp_status_cb  func(73d0feb8) 
[2018/01/08 10:19:16 593] lgi        292  LGI_MSG_INIT  
[2018/01/08 10:19:16 593] lgi        299  lgi  lgi_  268436457  1504669918  
[2018/01/08 10:19:16 594] lgi        332  lgi params:  appid = 5a38785e  
[2018/01/08 10:19:16 594] lgi        346  auth_time_str=  2018/01/08 10:19:16  
[2018/01/08 10:19:16 594] lgi        352  auth_appid=  5a38785e  
[2018/01/08 10:19:16 594] lgi        363  token:  nil  
[2018/01/08 10:19:16 595] lgi        433  msc cver : 5.0.34.1166  
[2018/01/08 10:19:16 595] lgi        476  ns_enable=  1  
[2018/01/08 10:19:16 595] lgi        488  prot_ver=1  
[2018/01/08 10:19:16 595] lgi        499  prot_type=tcp  
[2018/01/08 10:19:16 596] lgi        650  SYS_MSG_UNLOAD  go bg!  
[2018/01/08 10:19:53 126] lgi        654  SYS_MSG_SHUTDOWN  
============================================================
Time  2018/01/08 10:19:59 324 
============================================================
[2018/01/08 10:19:59 324] lgi        641  SYS_MSG_LOAD  
[2018/01/08 10:19:59 329] lgi        663  SYS_MSG_REGCB  msp_status_cb  func(73d0feb8) 
[2018/01/08 10:19:59 330] lgi        292  LGI_MSG_INIT  
[2018/01/08 10:19:59 330] lgi        299  lgi  lgi_  268436457  1504669918  
[2018/01/08 10:19:59 331] lgi        332  lgi params:  appid = 5a38785e  
[2018/01/08 10:19:59 331] lgi        346  auth_time_str=  2018/01/08 10:19:59  
[2018/01/08 10:19:59 331] lgi        352  auth_appid=  5a38785e  
[2018/01/08 10:19:59 331] lgi        363  token:  nil  
[2018/01/08 10:19:59 332] lgi        433  msc cver : 5.0.34.1166  
[2018/01/08 10:19:59 332] lgi        476  ns_enable=  1  
[2018/01/08 10:19:59 332] lgi        488  prot_ver=1  
[2018/01/08 10:19:59 332] lgi        499  prot_type=tcp  
[2018/01/08 10:19:59 333] lgi        650  SYS_MSG_UNLOAD  go bg!  
============================================================
Time  2018/01/08 10:20:16 925 
============================================================
[2018/01/08 10:20:16 926] lgi        641  SYS_MSG_LOAD  
[2018/01/08 10:20:16 931] lgi        663  SYS_MSG_REGCB  msp_status_cb  func(73d0feb8) 
[2018/01/08 10:20:16 932] lgi        292  LGI_MSG_INIT  
[2018/01/08 10:20:16 932] lgi        299  lgi  lgi_  268436457  1504669918  
[2018/01/08 10:20:16 932] lgi        332  lgi params:  appid = 5a38785e  
[2018/01/08 10:20:16 933] lgi        346  auth_time_str=  2018/01/08 10:20:16  
[2018/01/08 10:20:16 933] lgi        352  auth_appid=  5a38785e  
[2018/01/08 10:20:16 933] lgi        363  token:  nil  
[2018/01/08 10:20:16 933] lgi        433  msc cver : 5.0.34.1166  
[2018/01/08 10:20:16 934] lgi        476  ns_enable=  1  
[2018/01/08 10:20:16 934] lgi        488  prot_ver=1  
[2018/01/08 10:20:16 934] lgi        499  prot_type=tcp  
[2018/01/08 10:20:16 935] lgi        650  SYS_MSG_UNLOAD  go bg!  
[2018/01/08 10:20:56 217] lgi        654  SYS_MSG_SHUTDOWN  
