============================================================
Time  2018/05/07 21:54:07 510 
============================================================
[2018/05/07 21:54:07 511] isr_local  2168 os_type is:  Linux  
[2018/05/07 21:54:07 511] isr_local  2177 SYS_MSG_LOAD_LOCAL  
[2018/05/07 21:54:07 512] isr_local  2206 SYS_MSG_REGCB_LOCAL| param0 =  msp_status_cb  
[2018/05/07 21:54:07 512] isr_local  2265 last gc at  1525730047  
[2018/05/07 21:54:07 513] isr_local  2206 SYS_MSG_REGCB_LOCAL| param0 =  build_grm_cb  
[2018/05/07 21:54:07 513] isr_local  2265 last gc at  1525730047  
[2018/05/07 21:54:07 514] isr_local  2219 ASR_LOCAL_MSG_BUILD_GRM  
[2018/05/07 21:54:07 514] isr_local  1860 grm_init | params:  engine_type = local, 			asr_res_path = fo|res/asr/common.jet, sample_rate = 16000, 			grm_build_path = res/asr/GrmBuilld,   
[2018/05/07 21:54:07 514] isr_local  803  engine_type  :  local  
[2018/05/07 21:54:07 514] isr_local  803  asr_res_path  :  fo|res/asr/common.jet  
[2018/05/07 21:54:07 514] isr_local  803  sample_rate  :  16000  
[2018/05/07 21:54:07 515] isr_local  803  grm_build_path  :  res/asr/GrmBuilld  
[2018/05/07 21:54:07 524] isr_local  1000 file count =   1  
[2018/05/07 21:54:07 524] isr_local  923  file open type is:   fo  
[2018/05/07 21:54:07 524] isr_local  956  res/asr/common.jet  0  0  
[2018/05/07 21:54:07 524] isr_local  1018 speech_plus_setting  0  
[2018/05/07 21:54:07 524] isr_local  1031 2  nil  res/asr/common.jet  0  0  
[2018/05/07 21:54:07 526] isr_local  1033 res_ver  2  
[2018/05/07 21:54:07 527] isr_local  1034 res 5  f270f7292de3272003fa5d4bcd4b34f7  
[2018/05/07 21:54:07 527] isr_local  1035 res_new_old_mark  v5pp  
[2018/05/07 21:54:07 527] isr_local  1036 res_usr_name    
[2018/05/07 21:54:07 527] isr_local  1037 res_expires    
[2018/05/07 21:54:07 527] isr_local  1038 err  0  
[2018/05/07 21:54:07 528] isr_local  1054 lgi appid 5  f270f7292de3272003fa5d4bcd4b34f7  
[2018/05/07 21:54:07 528] isr_local  1065 res_expires is null  
[2018/05/07 21:54:07 534] isr_local  1601 proc_retcode_grm | errorcode =  0  
[2018/05/07 21:54:07 569] isr_local  1972 grm luac error! :  23300  
[2018/05/07 21:54:07 569] isr_local  1593 onGrmLocalServiceCb  23300    
